Log file open, 02/26/17 21:41:39
LogInit:Display: Running engine for game: MajestyClone
LogPlatformFile: Not using cached read wrapper
LogInit:Display: RandInit(520032893) SRandInit(520032893).
LogTaskGraph: Started task graph with 5 named threads and 6 total threads with 1 sets of task threads.
LogStats: Stats thread started at 0.073990
LogInit: Using libcurl 7.47.1
LogInit:  - built for x86_64-pc-win32
LogInit:  - supports SSL with OpenSSL/1.0.2g
LogInit:  - supports HTTP deflate (compression) using libz 1.2.8
LogInit:  - other features:
LogInit:      CURL_VERSION_SSL
LogInit:      CURL_VERSION_LIBZ
LogInit:      CURL_VERSION_IPV6
LogInit:      CURL_VERSION_ASYNCHDNS
LogInit:      CURL_VERSION_LARGEFILE
LogInit:      CURL_VERSION_IDN
LogInit:  CurlRequestOptions (configurable via config and command line):
LogInit:  - bVerifyPeer = false  - Libcurl will NOT verify peer certificate
LogInit:  - bUseHttpProxy = false  - Libcurl will NOT use HTTP proxy
LogInit:  - bDontReuseConnections = false  - Libcurl will reuse connections
LogInit:  - CertBundlePath = nullptr  - Libcurl will use whatever was configured at build time.
LogInit: Build: ++UE4+Release-4.15-CL-3299760
LogInit: Engine Version: 4.15.0-3299760+++UE4+Release-4.15
LogInit: Compatible Engine Version: 4.15.0-3299760+++UE4+Release-4.15
LogInit: Net CL: 3299760
LogDevObjectVersion: Number of dev versions registered: 14
LogDevObjectVersion:   Dev-Blueprints (B0D832E4-1F89-4F0D-ACCF-7EB736FD4AA2): 8
LogDevObjectVersion:   Dev-Build (E1C64328-A22C-4D53-A36C-8E866417BD8C): 0
LogDevObjectVersion:   Dev-Core (375EC13C-06E4-48FB-B500-84F0262A717E): 2
LogDevObjectVersion:   Dev-Editor (E4B068ED-F494-42E9-A231-DA0B2E46BB41): 14
LogDevObjectVersion:   Dev-Framework (CFFC743F-43B0-4480-9391-14DF171D2073): 22
LogDevObjectVersion:   Dev-Mobile (B02B49B5-BB20-44E9-A304-32B752E40360): 0
LogDevObjectVersion:   Dev-Networking (A4E4105C-59A1-49B5-A7C5-40C4547EDFEE): 0
LogDevObjectVersion:   Dev-Online (39C831C9-5AE6-47DC-9A44-9C173E1C8E7C): 0
LogDevObjectVersion:   Dev-Physics (78F01B33-EBEA-4F98-B9B4-84EACCB95AA2): 0
LogDevObjectVersion:   Dev-Platform (6631380F-2D4D-43E0-8009-CF276956A95A): 0
LogDevObjectVersion:   Dev-Rendering (12F88B9F-8875-4AFC-A67C-D90C383ABD29): 12
LogDevObjectVersion:   Dev-Sequencer (7B5AE74C-D270-4C10-A958-57980B212A5A): 3
LogDevObjectVersion:   Dev-VR (D7296918-1DD6-4BDD-9DE2-64A83CC13884): 0
LogDevObjectVersion:   Dev-LoadTimes (C2A15278-BFE7-4AFE-6C17-90FF531DF755): 1
LogInit: Compiled (64-bit): Feb 14 2017 02:04:14
LogInit: Compiled with Visual C++: 19.00.23026.00
LogInit: Build Configuration: Development
LogInit: Branch Name: ++UE4+Release-4.15
LogInit: Command line:  
LogInit: Base directory: C:/Program Files/Epic Games/UE_4.15/Engine/Binaries/Win64/
LogInit: Installed Engine Build: 1
LogInit: Presizing for max 8388607 objects, including 0 objects not considered by GC, pre-allocating 0 bytes for permanent pool.
LogInit: Object subsystem initialized
[2017.02.27-03.41.40:429][  0]LogInit: Selected Device Profile: [Windows]
[2017.02.27-03.41.40:429][  0]LogInit: Applying CVar settings loaded from the selected device profile: [Windows]
[2017.02.27-03.41.40:441][  0]LogInit: Computer: ISAIAH-PC
[2017.02.27-03.41.40:441][  0]LogInit: User: Isaiah
[2017.02.27-03.41.40:441][  0]LogInit: CPU Page size=65536, Cores=2
[2017.02.27-03.41.40:441][  0]LogInit: High frequency timer resolution =3.020503 MHz
[2017.02.27-03.41.40:441][  0]LogMemory: Memory total: Physical=8.0GB (8GB approx)
[2017.02.27-03.41.40:441][  0]LogMemory: Platform Memory Stats for Windows
[2017.02.27-03.41.40:441][  0]LogMemory: Process Physical Memory: 262.30 MB used, 262.30 MB peak
[2017.02.27-03.41.40:441][  0]LogMemory: Process Virtual Memory: 262.19 MB used, 262.19 MB peak
[2017.02.27-03.41.40:441][  0]LogMemory: Physical Memory: 2872.46 MB used,  5284.71 MB free, 8157.16 MB total
[2017.02.27-03.41.40:441][  0]LogMemory: Virtual Memory: 627.92 MB used,  5284.71 MB free, 134217728.00 MB total
[2017.02.27-03.41.40:569][  0]LogTextLocalizationManager: No specific translations for ('en-US') exist, so ('en') translations will be used.
[2017.02.27-03.41.41:462][  0]LogD3D11RHI: D3D11 adapters:
[2017.02.27-03.41.41:494][  0]LogD3D11RHI:    0. 'NVIDIA GeForce GTX 760' (Feature Level 11_0)
[2017.02.27-03.41.41:494][  0]LogD3D11RHI:       2017/0/4078 MB DedicatedVideo/DedicatedSystem/SharedSystem, Outputs:2, VendorId:0x10de
[2017.02.27-03.41.41:496][  0]LogD3D11RHI:    1. 'Microsoft Basic Render Driver' (Feature Level 11_0)
[2017.02.27-03.41.41:496][  0]LogD3D11RHI:       0/0/4078 MB DedicatedVideo/DedicatedSystem/SharedSystem, Outputs:0, VendorId:0x1414
[2017.02.27-03.41.41:496][  0]LogD3D11RHI: Chosen D3D11 Adapter: 0
[2017.02.27-03.41.41:500][  0]LogD3D11RHI: Creating new Direct3DDevice
[2017.02.27-03.41.41:501][  0]LogD3D11RHI:     GPU DeviceId: 0x1187 (for the marketing name, search the web for "GPU Device Id")
[2017.02.27-03.41.41:501][  0]LogWindows: EnumDisplayDevices:
[2017.02.27-03.41.41:501][  0]LogWindows:    0. 'NVIDIA GeForce GTX 760' (P:1 D:1)
[2017.02.27-03.41.41:501][  0]LogWindows:    1. 'NVIDIA GeForce GTX 760' (P:0 D:1)
[2017.02.27-03.41.41:501][  0]LogWindows:    2. 'NVIDIA GeForce GTX 760' (P:0 D:0)
[2017.02.27-03.41.41:502][  0]LogWindows:    3. 'NVIDIA GeForce GTX 760' (P:0 D:0)
[2017.02.27-03.41.41:502][  0]LogWindows: DebugString: FoundDriverCount:4 
[2017.02.27-03.41.41:502][  0]LogD3D11RHI:     Adapter Name: NVIDIA GeForce GTX 760
[2017.02.27-03.41.41:502][  0]LogD3D11RHI:   Driver Version: 376.53 (internal:21.21.13.7653, unified:376.53)
[2017.02.27-03.41.41:502][  0]LogD3D11RHI:      Driver Date: 12-29-2016
[2017.02.27-03.41.41:502][  0]LogRHI: Texture pool is 1361 MB (70% of 1945 MB)
[2017.02.27-03.41.41:518][  0]LogD3D11RHI:Warning: Timestamp queries are currently disabled on this hardware due to instability. Realtime GPU stats will not be available. You can override this behaviour by setting r.NVIDIATimestampWorkaround to 0
[2017.02.27-03.41.41:519][  0]LogD3D11RHI: Async texture creation enabled
[2017.02.27-03.41.41:537][  0]LogD3D11RHI: GPU Timing Frequency: 1000.000000 (Debug: 2 2)
[2017.02.27-03.41.41:638][  0]LogShaderCompilers: Guid format shader working directory is -35 characters bigger than the processId version (../../../../../../Users/ihswo/Documents/Unreal Projects/MajestyClone/MajestyClone/Intermediate/Shaders/WorkingDirectory/9248/).
[2017.02.27-03.41.41:638][  0]LogShaderCompilers: Cleaned the shader compiler working directory 'C:/Users/ihswo/AppData/Local/Temp/UnrealShaderWorkingDir/DF576514414FC50AC5A1E69B9C9DF6C8/'.
[2017.02.27-03.41.41:638][  0]LogShaderCompilers:Display: Using Local Shader Compiler.
[2017.02.27-03.41.43:188][  0]LogTemp:Display: Loaded TP AllDesktopTargetPlatform
[2017.02.27-03.41.43:285][  0]LogTemp:Display: Loaded TP MacClientTargetPlatform
[2017.02.27-03.41.43:383][  0]LogTemp:Display: Loaded TP MacNoEditorTargetPlatform
[2017.02.27-03.41.43:480][  0]LogTemp:Display: Loaded TP MacServerTargetPlatform
[2017.02.27-03.41.43:578][  0]LogTemp:Display: Loaded TP MacTargetPlatform
[2017.02.27-03.41.43:674][  0]LogTemp:Display: Loaded TP WindowsClientTargetPlatform
[2017.02.27-03.41.43:770][  0]LogTemp:Display: Loaded TP WindowsNoEditorTargetPlatform
[2017.02.27-03.41.43:866][  0]LogTemp:Display: Loaded TP WindowsServerTargetPlatform
[2017.02.27-03.41.43:953][  0]LogTemp:Display: Loaded TP WindowsTargetPlatform
[2017.02.27-03.41.44:049][  0]LogTemp:Display: Loaded TP AndroidTargetPlatform
[2017.02.27-03.41.44:143][  0]LogTemp:Display: Loaded TP Android_ASTCTargetPlatform
[2017.02.27-03.41.44:236][  0]LogTemp:Display: Loaded TP Android_ATCTargetPlatform
[2017.02.27-03.41.44:329][  0]LogTemp:Display: Loaded TP Android_DXTTargetPlatform
[2017.02.27-03.41.44:423][  0]LogTemp:Display: Loaded TP Android_ETC1TargetPlatform
[2017.02.27-03.41.44:516][  0]LogTemp:Display: Loaded TP Android_ETC2TargetPlatform
[2017.02.27-03.41.44:706][  0]LogTemp:Display: Loaded TP Android_MultiTargetPlatform
[2017.02.27-03.41.44:706][  0]LogTemp:Display: Loaded TP Android_PVRTCTargetPlatform
[2017.02.27-03.41.44:777][  0]LogTemp:Display: Loaded TP HTML5TargetPlatform
[2017.02.27-03.41.44:928][  0]LogTemp:Display: Loaded TP IOSTargetPlatform
[2017.02.27-03.41.44:986][  0]LogTemp:Display: Loaded TP TVOSTargetPlatform
[2017.02.27-03.41.45:079][  0]LogTemp:Display: Loaded TP LinuxClientTargetPlatform
[2017.02.27-03.41.45:174][  0]LogTemp:Display: Loaded TP LinuxNoEditorTargetPlatform
[2017.02.27-03.41.45:268][  0]LogTemp:Display: Loaded TP LinuxServerTargetPlatform
[2017.02.27-03.41.45:363][  0]LogTemp:Display: Loaded TP LinuxTargetPlatform
[2017.02.27-03.41.45:363][  0]LogTargetPlatformManager:Display: Building Assets For Windows
[2017.02.27-03.41.46:143][  0]LogDerivedDataCache:Display: Max Cache Size: 512 MB
[2017.02.27-03.41.46:226][  0]LogDerivedDataCache: Loaded boot cache 0.08s 50MB C:/Users/ihswo/AppData/Local/UnrealEngine/4.15/DerivedDataCache/Boot.ddc.
[2017.02.27-03.41.46:226][  0]LogDerivedDataCache:Display: Loaded Boot cache: C:/Users/ihswo/AppData/Local/UnrealEngine/4.15/DerivedDataCache/Boot.ddc
[2017.02.27-03.41.46:226][  0]LogDerivedDataCache: FDerivedDataBackendGraph:  Pak pak cache file ../../../../../../Users/ihswo/Documents/Unreal Projects/MajestyClone/MajestyClone/DerivedDataCache/DDC.ddp not found, will not use a pak cache.
[2017.02.27-03.41.46:226][  0]LogDerivedDataCache: Unable to find inner node Pak for hierarchical cache Hierarchy.
[2017.02.27-03.41.46:226][  0]LogDerivedDataCache: FDerivedDataBackendGraph:  CompressedPak pak cache file ../../../../../../Users/ihswo/Documents/Unreal Projects/MajestyClone/MajestyClone/DerivedDataCache/Compressed.ddp not found, will not use a pak cache.
[2017.02.27-03.41.46:226][  0]LogDerivedDataCache: Unable to find inner node CompressedPak for hierarchical cache Hierarchy.
[2017.02.27-03.41.46:249][  0]LogDerivedDataCache:Display: Pak cache opened for reading ../../../Engine/DerivedDataCache/Compressed.ddp.
[2017.02.27-03.41.46:262][  0]LogDerivedDataCache: Using Local data cache path C:/Users/ihswo/AppData/Local/UnrealEngine/Common/DerivedDataCache: Writable
[2017.02.27-03.41.46:275][  0]LogSlate: Using Freetype 2.6.0
[2017.02.27-03.41.46:276][  0]LogSlate: SlateFontCache - WITH_FREETYPE: 1, WITH_HARFBUZZ: 1
[2017.02.27-03.41.46:276][  0]LogSlate: SlateFontCache - WITH_FREETYPE: 1, WITH_HARFBUZZ: 1
[2017.02.27-03.41.46:675][  0]LogInit: Selected Device Profile: [Windows]
[2017.02.27-03.41.46:679][  0]LogContentStreaming: Texture pool size is 0.00 MB
[2017.02.27-03.41.47:018][  0]LogMeshUtilities: Using QuadricMeshReduction for automatic static mesh reduction
[2017.02.27-03.41.47:097][  0]LogSimplygon: Simplygon DLL not present - disabling.
[2017.02.27-03.41.47:187][  0]LogMeshUtilities: Using SimplygonSwarm for distributed automatic mesh merging
[2017.02.27-03.41.47:187][  0]LogMeshUtilities: No automatic skeletal mesh reduction module available
[2017.02.27-03.41.47:187][  0]LogMeshUtilities: No automatic mesh merging module available
[2017.02.27-03.41.48:058][  0]LogNetVersion: GetLocalNetworkVersion: CL: 3299760, ProjectName: majestyclone, ProjectVersion: , EngineNetworkVersion: 2, GameNetworkVersion: 0, NetworkChecksum: 2964505564
[2017.02.27-03.41.48:121][  0]LogAssetRegistry: FAssetRegistry took 0.0220 seconds to start up
[2017.02.27-03.41.48:216][  0]LogPackageLocalizationCache: Processed 3 localized package path(s) for 2 prioritized culture(s) in 0.037398 seconds
[2017.02.27-03.41.48:223][  0]LogUObjectArray: 32475 objects as part of root set at end of initial load.
[2017.02.27-03.41.48:223][  0]LogUObjectAllocator: 7073368 out of 0 bytes used by permanent object pool.
[2017.02.27-03.41.48:223][  0]LogUObjectArray: CloseDisregardForGC: 0/0 objects in disregard for GC pool
[2017.02.27-03.41.48:337][  0]LogInit: WinSock: version 1.1 (2.2), MaxSocks=32767, MaxUdp=65467
[2017.02.27-03.41.51:169][  0]LogTcpMessaging: Initializing TcpMessaging bridge
[2017.02.27-03.41.51:233][  0]LogUdpMessaging: Initializing bridge on interface 0.0.0.0:0 to multicast group 230.0.0.1:6666.
[2017.02.27-03.41.52:046][  0]LogMaterial: Uniform references updated for custom material expression Custom.
[2017.02.27-03.41.52:728][  0]SourceControl: Info Source control is disabled
[2017.02.27-03.41.56:670][  0]LogEngine: Initializing Engine...
[2017.02.27-03.41.56:670][  0]LogHMD: Failed to initialize OpenVR with code 110
[2017.02.27-03.41.57:040][  0]LogAIModule: Creating AISystem for world Untitled
[2017.02.27-03.41.57:070][  0]LogInit: XAudio2 using 'Speakers (High Definition Audio Device)' : 2 channels at 44.1 kHz using 16 bits per sample (channel mask 0x3)
[2017.02.27-03.41.57:100][  0]LogInit: FAudioDevice initialized.
[2017.02.27-03.41.57:138][  0]LogDerivedDataCache: Saved boot cache 0.04s 50MB C:/Users/ihswo/AppData/Local/UnrealEngine/4.15/DerivedDataCache/Boot.ddc.
[2017.02.27-03.41.57:153][  0]LogInit: Texture streaming: Enabled
[2017.02.27-03.41.57:320][  0]LogEngineSessionManager: EngineSessionManager initialized
[2017.02.27-03.41.57:479][  0]LogInit: Transaction tracking system initialized
[2017.02.27-03.41.58:136][  0]BlueprintLog: New page: Editor Load
[2017.02.27-03.41.59:768][  0]LocalizationService: Info Localization service is disabled
[2017.02.27-03.42.01:024][  0]LogConsoleResponse:Display: 
[2017.02.27-03.42.01:244][  0]LogCook:Display: Max memory allowance for cook 16384mb min free memory 0mb
[2017.02.27-03.42.01:244][  0]LogCook:Display: Mobile HDR setting 1
[2017.02.27-03.42.02:002][  0]LogFileCache: Scanning file cache for directory 'C:/Users/ihswo/Documents/Unreal Projects/MajestyClone/MajestyClone/Content/' took 0.02s
[2017.02.27-03.42.03:675][  0]Cmd: MAP LOAD FILE="../../../../../../Users/ihswo/Documents/Unreal Projects/MajestyClone/MajestyClone/Content/Majesty/Maps/Majesty_Test_Map.umap" TEMPLATE=0 SHOWPROGRESS=1 FEATURELEVEL=3
[2017.02.27-03.42.03:676][  0]LightingResults: New page: Lighting Build
[2017.02.27-03.42.03:755][  0]MapCheck: New page: Map Check
[2017.02.27-03.42.03:755][  0]LightingResults: New page: Lighting Build
[2017.02.27-03.42.03:974][  0]LogLinker:Warning: Can't find file '/Game/Majesty/Mannequin/Animations/ThirdPerson_AnimBP'
[2017.02.27-03.42.03:975][  0]LogLinker:Warning: Can't find file for asset '/Game/Majesty/Mannequin/Animations/ThirdPerson_AnimBP' while loading ../../../../../../Users/ihswo/Documents/Unreal Projects/MajestyClone/MajestyClone/Content/Majesty/NPCs/NPCMaster_BP.uasset.
[2017.02.27-03.42.03:975][  0]LoadErrors:Error: Error /Game/Majesty/NPCs/NPCMaster_BP : Can't find file for asset. /Game/Majesty/Mannequin/Animations/ThirdPerson_AnimBP
[2017.02.27-03.42.03:976][  0]LogLinker:Warning: Can't find file '/Game/Majesty/Mannequin/Animations/ThirdPerson_AnimBP'
[2017.02.27-03.42.03:976][  0]LogLinker:Warning: Can't find file for asset '/Game/Majesty/Mannequin/Animations/ThirdPerson_AnimBP' while loading ../../../../../../Users/ihswo/Documents/Unreal Projects/MajestyClone/MajestyClone/Content/Majesty/NPCs/NPCMaster_BP.uasset.
[2017.02.27-03.42.03:976][  0]LoadErrors:Error: Error /Game/Majesty/NPCs/NPCMaster_BP : Can't find file for asset. /Game/Majesty/Mannequin/Animations/ThirdPerson_AnimBP
[2017.02.27-03.42.03:976][  0]LogLinker:Warning: Can't find file '/Game/Majesty/Mannequin/Character/Mesh/SK_Mannequin'
[2017.02.27-03.42.03:976][  0]LogLinker:Warning: Can't find file for asset '/Game/Majesty/Mannequin/Character/Mesh/SK_Mannequin' while loading ../../../../../../Users/ihswo/Documents/Unreal Projects/MajestyClone/MajestyClone/Content/Majesty/NPCs/NPCMaster_BP.uasset.
[2017.02.27-03.42.03:976][  0]LoadErrors:Error: Error /Game/Majesty/NPCs/NPCMaster_BP : Can't find file for asset. /Game/Majesty/Mannequin/Character/Mesh/SK_Mannequin
[2017.02.27-03.42.03:979][  0]LogLinker:Warning: Can't find file '/Game/Majesty/Mannequin/Character/Mesh/SK_Mannequin'
[2017.02.27-03.42.03:979][  0]LogLinker:Warning: Can't find file for asset '/Game/Majesty/Mannequin/Character/Mesh/SK_Mannequin' while loading ../../../../../../Users/ihswo/Documents/Unreal Projects/MajestyClone/MajestyClone/Content/Majesty/NPCs/NPCMaster_BP.uasset.
[2017.02.27-03.42.03:980][  0]LoadErrors:Error: Error /Game/Majesty/NPCs/NPCMaster_BP : Can't find file for asset. /Game/Majesty/Mannequin/Character/Mesh/SK_Mannequin
[2017.02.27-03.42.03:981][  0]LogLinker:Warning: Can't find file '/Game/Majesty/Mannequin/Animations/ThirdPerson_AnimBP'
[2017.02.27-03.42.03:981][  0]LogLinker:Warning: Can't find file for asset '/Game/Majesty/Mannequin/Animations/ThirdPerson_AnimBP' while loading ../../../../../../Users/ihswo/Documents/Unreal Projects/MajestyClone/MajestyClone/Content/Majesty/NPCs/Peasant_BP.uasset.
[2017.02.27-03.42.03:981][  0]LoadErrors:Error: Error /Game/Majesty/NPCs/Peasant_BP : Can't find file for asset. /Game/Majesty/Mannequin/Animations/ThirdPerson_AnimBP
[2017.02.27-03.42.03:981][  0]LogLinker:Warning: Can't find file '/Game/Majesty/Mannequin/Animations/ThirdPerson_AnimBP'
[2017.02.27-03.42.03:981][  0]LogLinker:Warning: Can't find file for asset '/Game/Majesty/Mannequin/Animations/ThirdPerson_AnimBP' while loading ../../../../../../Users/ihswo/Documents/Unreal Projects/MajestyClone/MajestyClone/Content/Majesty/NPCs/Peasant_BP.uasset.
[2017.02.27-03.42.03:981][  0]LoadErrors:Error: Error /Game/Majesty/NPCs/Peasant_BP : Can't find file for asset. /Game/Majesty/Mannequin/Animations/ThirdPerson_AnimBP
[2017.02.27-03.42.03:982][  0]LogLinker:Warning: Can't find file '/Game/Majesty/Mannequin/Character/Mesh/SK_Mannequin'
[2017.02.27-03.42.03:982][  0]LogLinker:Warning: Can't find file for asset '/Game/Majesty/Mannequin/Character/Mesh/SK_Mannequin' while loading ../../../../../../Users/ihswo/Documents/Unreal Projects/MajestyClone/MajestyClone/Content/Majesty/NPCs/Peasant_BP.uasset.
[2017.02.27-03.42.03:982][  0]LoadErrors:Error: Error /Game/Majesty/NPCs/Peasant_BP : Can't find file for asset. /Game/Majesty/Mannequin/Character/Mesh/SK_Mannequin
[2017.02.27-03.42.03:982][  0]LogLinker:Warning: Can't find file '/Game/Majesty/Mannequin/Character/Mesh/SK_Mannequin'
[2017.02.27-03.42.03:982][  0]LogLinker:Warning: Can't find file for asset '/Game/Majesty/Mannequin/Character/Mesh/SK_Mannequin' while loading ../../../../../../Users/ihswo/Documents/Unreal Projects/MajestyClone/MajestyClone/Content/Majesty/NPCs/Peasant_BP.uasset.
[2017.02.27-03.42.03:982][  0]LoadErrors:Error: Error /Game/Majesty/NPCs/Peasant_BP : Can't find file for asset. /Game/Majesty/Mannequin/Character/Mesh/SK_Mannequin
[2017.02.27-03.42.03:983][  0]LogLinker:Warning: Can't find file '/Game/Majesty/Mannequin/Animations/ThirdPerson_AnimBP'
[2017.02.27-03.42.03:983][  0]LoadErrors: Info Failed to load /Game/Majesty/Mannequin/Animations/ThirdPerson_AnimBP.ThirdPerson_AnimBP_C Referenced by CharacterMesh0
[2017.02.27-03.42.03:983][  0]LogLinker:Warning: Can't find file for asset '/Game/Majesty/Mannequin/Animations/ThirdPerson_AnimBP' while loading ../../../../../../Users/ihswo/Documents/Unreal Projects/MajestyClone/MajestyClone/Content/Majesty/NPCs/Peasant_BP.uasset.
[2017.02.27-03.42.03:983][  0]LoadErrors: Info Failed to load /Game/Majesty/Mannequin/Animations/ThirdPerson_AnimBP.ThirdPerson_AnimBP_C Referenced by CharacterMesh0
[2017.02.27-03.42.03:983][  0]LoadErrors:Error: Error /Game/Majesty/NPCs/Peasant_BP : Can't find file for asset. /Game/Majesty/Mannequin/Animations/ThirdPerson_AnimBP
[2017.02.27-03.42.03:983][  0]LogLinker:Warning: Can't find file '/Game/Majesty/Mannequin/Character/Mesh/SK_Mannequin'
[2017.02.27-03.42.03:983][  0]LoadErrors: Info Failed to load /Game/Majesty/Mannequin/Character/Mesh/SK_Mannequin.SK_Mannequin Referenced by CharacterMesh0
[2017.02.27-03.42.03:983][  0]LogLinker:Warning: Can't find file for asset '/Game/Majesty/Mannequin/Character/Mesh/SK_Mannequin' while loading ../../../../../../Users/ihswo/Documents/Unreal Projects/MajestyClone/MajestyClone/Content/Majesty/NPCs/Peasant_BP.uasset.
[2017.02.27-03.42.03:984][  0]LoadErrors: Info Failed to load /Game/Majesty/Mannequin/Character/Mesh/SK_Mannequin.SK_Mannequin Referenced by CharacterMesh0
[2017.02.27-03.42.03:984][  0]LoadErrors:Error: Error /Game/Majesty/NPCs/Peasant_BP : Can't find file for asset. /Game/Majesty/Mannequin/Character/Mesh/SK_Mannequin
[2017.02.27-03.42.04:251][  0]LogAIModule: Creating AISystem for world Majesty_Test_Map
[2017.02.27-03.42.04:316][  0]LogEditorServer: Finished looking for orphan Actors (0.000 secs)
[2017.02.27-03.42.04:333][  0]Cmd: MAP CHECKDEP NOCLEARLOG
[2017.02.27-03.42.04:433][  0]MapCheck: Info Map check complete: 0 Error(s), 0 Warning(s), took 99.739ms to complete.
[2017.02.27-03.42.04:433][  0]LogFileHelpers: Loading map 'Majesty_Test_Map' took 0.758
[2017.02.27-03.42.04:522][  0]LogWindowsTextInputMethodSystem:Display: IME system now deactivated.
[2017.02.27-03.42.04:758][  0]LogCollectionManager: Loaded 0 collections in 0.003635 seconds
[2017.02.27-03.42.04:893][  0]LogFileCache: Scanning file cache for directory 'C:/Users/ihswo/Documents/Unreal Projects/MajestyClone/MajestyClone/Saved/Collections/' took 0.01s
[2017.02.27-03.42.04:894][  0]LogFileCache: Scanning file cache for directory 'C:/Users/ihswo/Documents/Unreal Projects/MajestyClone/MajestyClone/Content/Developers/Isaiah/Collections/' took 0.01s
[2017.02.27-03.42.04:894][  0]LogFileCache: Scanning file cache for directory 'C:/Users/ihswo/Documents/Unreal Projects/MajestyClone/MajestyClone/Content/Collections/' took 0.01s
[2017.02.27-03.42.04:894][  0]LogCollectionManager: Rebuilt the GUID cache for 0 collections in 0.000002 seconds
[2017.02.27-03.42.04:906][  0]LogContentBrowser: Native class hierarchy populated in 0.0123 seconds. Added 2244 classes and 450 folders.
[2017.02.27-03.42.04:910][  0]LogStats: UGameplayTagsManager::ConstructGameplayTagTree: Construct from data asset -  0.000 s
[2017.02.27-03.42.04:910][  0]LogStats: UGameplayTagsManager::ConstructGameplayTagTree: GameplayTagTreeChangedEvent.Broadcast -  0.000 s
[2017.02.27-03.42.05:027][  0]LogContentBrowser: Native class hierarchy updated for 'WidgetCarousel' in 0.0006 seconds. Added 0 classes and 0 folders.
[2017.02.27-03.42.05:113][  0]LogContentBrowser: Native class hierarchy updated for 'AddContentDialog' in 0.0007 seconds. Added 0 classes and 0 folders.
[2017.02.27-03.42.05:191][  0]LogContentBrowser: Native class hierarchy updated for 'SceneOutliner' in 0.0007 seconds. Added 1 classes and 2 folders.
[2017.02.27-03.42.05:263][  0]LogCrashTracker: Crashtracker disabled due to settings.
[2017.02.27-03.42.05:270][  0]LogUObjectGlobals:Warning: Failed to find object 'Class None.'
[2017.02.27-03.42.05:377][  0]LogContentBrowser: Native class hierarchy updated for 'HierarchicalLODOutliner' in 0.0007 seconds. Added 1 classes and 2 folders.
[2017.02.27-03.42.05:377][  0]LogLoad: (Engine Initialization) Total time: 27.70 seconds
[2017.02.27-03.42.05:377][  0]LogLoad: (Engine Initialization) Total Blueprint compile time: 0.18 seconds
[2017.02.27-03.42.05:377][  0]LogExternalProfiler: No external profilers were discovered.  External profiling features will not be available.
[2017.02.27-03.42.05:386][  0]LogOcInput: OculusInput pre-init called
[2017.02.27-03.42.05:405][  0]SourceControl: Info On branch IsaiahBranch
[2017.02.27-03.42.05:405][  0]SourceControl: Info Your branch is up-to-date with 'origin/IsaiahBranch'.
[2017.02.27-03.42.05:405][  0]SourceControl: Info Changes not staged for commit:
[2017.02.27-03.42.05:405][  0]SourceControl: Info   (use "git add <file>..." to update what will be committed)
[2017.02.27-03.42.05:405][  0]SourceControl: Info   (use "git checkout -- <file>..." to discard changes in working directory)
[2017.02.27-03.42.05:405][  0]SourceControl: Info 	modified:   MajestyClone/Intermediate/CachedAssetRegistry.bin
[2017.02.27-03.42.05:405][  0]SourceControl: Info 	modified:   MajestyClone/Saved/Config/Windows/Editor.ini
[2017.02.27-03.42.05:405][  0]SourceControl: Info 	modified:   MajestyClone/Saved/Config/Windows/Engine.ini
[2017.02.27-03.42.05:405][  0]SourceControl: Info 	modified:   MajestyClone/Saved/Logs/MajestyClone.log
[2017.02.27-03.42.05:405][  0]SourceControl: Info Untracked files:
[2017.02.27-03.42.05:405][  0]SourceControl: Info   (use "git add <file>..." to include in what will be committed)
[2017.02.27-03.42.05:405][  0]SourceControl: Info 	MajestyClone/Content/Mannequin/
[2017.02.27-03.42.05:405][  0]SourceControl: Info no changes added to commit (use "git add" and/or "git commit -a")
[2017.02.27-03.42.05:406][  0]LogContentStreaming: Texture pool size now 1000 MB
[2017.02.27-03.42.05:426][  0]LogSlate: Took 0.000352 seconds to synchronously load lazily loaded font '../../../Engine/Content/Slate/Fonts/Roboto-Regular.ttf' (155K)
[2017.02.27-03.42.05:432][  0]LogSlate: Took 0.000411 seconds to synchronously load lazily loaded font '../../../Engine/Content/Slate/Fonts/Roboto-Bold.ttf' (160K)
[2017.02.27-03.42.05:439][  0]LogSlate: Took 0.000416 seconds to synchronously load lazily loaded font '../../../Engine/Content/Editor/Slate/Fonts/FontAwesome.ttf' (139K)
[2017.02.27-03.42.05:582][  0]LogSlate: Took 0.000409 seconds to synchronously load lazily loaded font '../../../Engine/Content/Slate/Fonts/Roboto-Light.ttf' (159K)
[2017.02.27-03.42.05:653][  0]LogRenderer: Reallocating scene render targets to support 1028x524 NumSamples 1 (Frame:2).
[2017.02.27-03.42.05:800][  2]LogAssetRegistry: Asset discovery search completed in 17.7021 seconds
[2017.02.27-03.42.05:800][  2]LogCollectionManager: Rebuilt the object cache for 0 collections in 0.000009 seconds (found 0 objects)
[2017.02.27-03.42.05:801][  2]LogCollectionManager: Fixed up redirectors for 0 collections in 0.000036 seconds (updated 0 objects)
[2017.02.27-03.44.04:153][677]LogSlate: Took 0.000295 seconds to synchronously load lazily loaded font '../../../Engine/Content/Slate/Fonts/Roboto-Light.ttf' (159K)
[2017.02.27-03.44.04:942][677]LogSlate: Took 0.000290 seconds to synchronously load lazily loaded font '../../../Engine/Content/Slate/Fonts/Roboto-Regular.ttf' (155K)
[2017.02.27-03.44.05:131][677]LogContentBrowser: Native class hierarchy updated for 'BlueprintGraph' in 0.0012 seconds. Added 112 classes and 0 folders.
[2017.02.27-03.44.06:127][677]LogSlate: Took 0.000413 seconds to synchronously load lazily loaded font '../../../Engine/Content/Editor/Slate/Fonts/Roboto-BoldCondensed.ttf' (158K)
[2017.02.27-03.44.07:758][774]LogSlate: Took 0.000499 seconds to synchronously load lazily loaded font '../../../Engine/Content/Editor/Slate/Fonts/Roboto-Italic.ttf' (157K)
[2017.02.27-03.44.08:988][842]LogEnum:Warning: In asset 'None', there is an enum property of type 'CharacterType_ENUM' with an invalid value of '(INVALID)'
[2017.02.27-03.44.10:240][914]LogRenderer: Reallocating scene render targets to support 1028x720 NumSamples 1 (Frame:13792).
[2017.02.27-03.44.17:120][369]LogSlate:Warning: Prevented a slow task dialog from being summoned while a context menu was open
[2017.02.27-03.44.19:019][478]LogSlate: Took 0.000306 seconds to synchronously load lazily loaded font '../../../Engine/Content/Slate/Fonts/Roboto-Light.ttf' (159K)
[2017.02.27-03.44.23:373][736]BlueprintLog: New page: Compile NPCMaster_BP
[2017.02.27-03.44.24:736][773]Cmd: OBJ SAVEPACKAGE PACKAGE="/Game/Majesty/NPCs/NPCMaster_BP" FILE="../../../../../../Users/ihswo/Documents/Unreal Projects/MajestyClone/MajestyClone/Content/Majesty/NPCs/NPCMaster_BP.uasset" SILENT=true
[2017.02.27-03.44.24:777][773]LogSavePackage: Save=30.96ms
[2017.02.27-03.44.24:777][773]LogSavePackage: Moving '../../../../../../Users/ihswo/Documents/Unreal Projects/MajestyClone/MajestyClone/Saved/NPCMaster_BP790C09C945B38AEBC07480BD3112B04A.tmp' to '../../../../../../Users/ihswo/Documents/Unreal Projects/MajestyClone/MajestyClone/Content/Majesty/NPCs/NPCMaster_BP.uasset'
[2017.02.27-03.44.24:782][773]LogSavePackage:Display: Finished SavePackage ../../../../../../Users/ihswo/Documents/Unreal Projects/MajestyClone/MajestyClone/Content/Majesty/NPCs/NPCMaster_BP.uasset
[2017.02.27-03.44.49:190][858]Cmd: OBJ SAVEPACKAGE PACKAGE="/Game/Majesty/NPCs/NPCMaster_BP" FILE="../../../../../../Users/ihswo/Documents/Unreal Projects/MajestyClone/MajestyClone/Content/Majesty/NPCs/NPCMaster_BP.uasset" SILENT=true
[2017.02.27-03.44.49:219][858]LogSavePackage: Save=21.01ms
[2017.02.27-03.44.49:219][858]LogSavePackage: Moving '../../../../../../Users/ihswo/Documents/Unreal Projects/MajestyClone/MajestyClone/Saved/NPCMaster_BPF5F445FB4F7778FD46120FB997BC4A13.tmp' to '../../../../../../Users/ihswo/Documents/Unreal Projects/MajestyClone/MajestyClone/Content/Majesty/NPCs/NPCMaster_BP.uasset'
[2017.02.27-03.44.49:223][858]LogSavePackage:Display: Finished SavePackage ../../../../../../Users/ihswo/Documents/Unreal Projects/MajestyClone/MajestyClone/Content/Majesty/NPCs/NPCMaster_BP.uasset
[2017.02.27-03.44.50:669][972]Cmd: OBJ SAVEPACKAGE PACKAGE="/Game/Majesty/NPCs/Peasant_BP" FILE="../../../../../../Users/ihswo/Documents/Unreal Projects/MajestyClone/MajestyClone/Content/Majesty/NPCs/Peasant_BP.uasset" SILENT=true
[2017.02.27-03.44.50:709][972]LogSavePackage: Save=31.17ms
[2017.02.27-03.44.50:709][972]LogSavePackage: Moving '../../../../../../Users/ihswo/Documents/Unreal Projects/MajestyClone/MajestyClone/Saved/Peasant_BPFF608D1C4F6AB62F25079DA3A57F7EF7.tmp' to '../../../../../../Users/ihswo/Documents/Unreal Projects/MajestyClone/MajestyClone/Content/Majesty/NPCs/Peasant_BP.uasset'
[2017.02.27-03.44.50:714][972]LogSavePackage:Display: Finished SavePackage ../../../../../../Users/ihswo/Documents/Unreal Projects/MajestyClone/MajestyClone/Content/Majesty/NPCs/Peasant_BP.uasset
[2017.02.27-03.44.59:922][946]LogTemp: Repeting last play command: Selected Viewport
[2017.02.27-03.44.59:938][946]LogBlueprintUserMessages: Early PlayInEditor Detection: Level '/Game/Majesty/Maps/Majesty_Test_Map.Majesty_Test_Map:PersistentLevel' has LevelScriptBlueprint '/Game/Majesty/Maps/Majesty_Test_Map.Majesty_Test_Map:PersistentLevel.Majesty_Test_Map' with GeneratedClass '/Game/Majesty/Maps/Majesty_Test_Map.Majesty_Test_Map_C' with ClassGeneratedBy '/Game/Majesty/Maps/Majesty_Test_Map.Majesty_Test_Map:PersistentLevel.Majesty_Test_Map'
[2017.02.27-03.44.59:938][946]LogPlayLevel: PlayLevel: No blueprints needed recompiling
[2017.02.27-03.44.59:939][946]PIE: New page: PIE session: Majesty_Test_Map (Feb 26, 2017, 3:44:59 PM)
[2017.02.27-03.44.59:939][946]LogPlayLevel: Creating play world package: /Game/Majesty/Maps/UEDPIE_0_Majesty_Test_Map
[2017.02.27-03.44.59:966][946]LogPlayLevel: PIE: StaticDuplicateObject took: (0.027530s)
[2017.02.27-03.44.59:968][946]LogAIModule: Creating AISystem for world Majesty_Test_Map
[2017.02.27-03.44.59:968][946]LogPlayLevel: PIE: World Init took: (0.001335s)
[2017.02.27-03.44.59:968][946]LogPlayLevel: PIE: Created PIE world by copying editor world from /Game/Majesty/Maps/Majesty_Test_Map.Majesty_Test_Map to /Game/Majesty/Maps/UEDPIE_0_Majesty_Test_Map.Majesty_Test_Map (0.029288s)
[2017.02.27-03.45.00:030][946]LogInit: XAudio2 using 'Speakers (High Definition Audio Device)' : 2 channels at 44.1 kHz using 16 bits per sample (channel mask 0x3)
[2017.02.27-03.45.00:042][946]LogInit: FAudioDevice initialized.
[2017.02.27-03.45.00:330][946]LogLoad: Game class is 'MajestyGameMode_C'
[2017.02.27-03.45.00:334][946]LogWorld: Bringing World /Game/Majesty/Maps/UEDPIE_0_Majesty_Test_Map.Majesty_Test_Map up for play (max tick rate 0) at 2017.02.26-21.45.00
[2017.02.27-03.45.00:335][946]LogWorld: Bringing up level for play took: 0.004096
[2017.02.27-03.45.00:414][946]LogContentBrowser: Native class hierarchy updated for 'MovieSceneCapture' in 0.0011 seconds. Added 11 classes and 0 folders.
[2017.02.27-03.45.00:502][946]LogSpawn:Warning: SpawnActor failed because of collision at the spawn location [X=-25.622 Y=7.769 Z=-33.675] for [Peasant_BP_C]
[2017.02.27-03.45.00:502][946]PIE: Info Play in editor start time for /Game/Majesty/Maps/UEDPIE_0_Majesty_Test_Map 0.588
[2017.02.27-03.45.00:503][946]LogBlueprintUserMessages: Late PlayInEditor Detection: Level '/Game/Majesty/Maps/Majesty_Test_Map.Majesty_Test_Map:PersistentLevel' has LevelScriptBlueprint '/Game/Majesty/Maps/Majesty_Test_Map.Majesty_Test_Map:PersistentLevel.Majesty_Test_Map' with GeneratedClass '/Game/Majesty/Maps/Majesty_Test_Map.Majesty_Test_Map_C' with ClassGeneratedBy '/Game/Majesty/Maps/Majesty_Test_Map.Majesty_Test_Map:PersistentLevel.Majesty_Test_Map'
[2017.02.27-03.45.12:805][410]LogBlueprintUserMessages: Early EndPlayMap Detection: Level '/Game/Majesty/Maps/Majesty_Test_Map.Majesty_Test_Map:PersistentLevel' has LevelScriptBlueprint '/Game/Majesty/Maps/Majesty_Test_Map.Majesty_Test_Map:PersistentLevel.Majesty_Test_Map' with GeneratedClass '/Game/Majesty/Maps/Majesty_Test_Map.Majesty_Test_Map_C' with ClassGeneratedBy '/Game/Majesty/Maps/Majesty_Test_Map.Majesty_Test_Map:PersistentLevel.Majesty_Test_Map'
[2017.02.27-03.45.12:843][410]LogBlueprintUserMessages: Late EndPlayMap Detection: Level '/Game/Majesty/Maps/Majesty_Test_Map.Majesty_Test_Map:PersistentLevel' has LevelScriptBlueprint '/Game/Majesty/Maps/Majesty_Test_Map.Majesty_Test_Map:PersistentLevel.Majesty_Test_Map' with GeneratedClass '/Game/Majesty/Maps/Majesty_Test_Map.Majesty_Test_Map_C' with ClassGeneratedBy '/Game/Majesty/Maps/Majesty_Test_Map.Majesty_Test_Map:PersistentLevel.Majesty_Test_Map'
[2017.02.27-03.45.16:305][815]LogEditorViewport: Clicking on Actor (LMB): Palace_BP_C (Palace_BP)
[2017.02.27-03.45.31:601][196]LogSavePackage: Save=570.50ms
[2017.02.27-03.45.31:601][196]LogSavePackage: Moving '../../../../../../Users/ihswo/Documents/Unreal Projects/MajestyClone/MajestyClone/Saved/Majesty_Test_MapDB731C6E42FD9EDB822556AE036CC4C5.tmp' to '../../../../../../Users/ihswo/Documents/Unreal Projects/MajestyClone/MajestyClone/Content/Majesty/Maps/Majesty_Test_Map.umap'
[2017.02.27-03.45.31:606][196]LogSavePackage:Display: Finished SavePackage ../../../../../../Users/ihswo/Documents/Unreal Projects/MajestyClone/MajestyClone/Content/Majesty/Maps/Majesty_Test_Map.umap
[2017.02.27-03.45.53:970][962]LogSavePackage: Save=523.65ms
[2017.02.27-03.45.53:970][962]LogSavePackage: Moving '../../../../../../Users/ihswo/Documents/Unreal Projects/MajestyClone/MajestyClone/Saved/Majesty_Test_Map567F89AA48EF5AEC7936C3ACA0E3A964.tmp' to '../../../../../../Users/ihswo/Documents/Unreal Projects/MajestyClone/MajestyClone/Content/Majesty/Maps/Majesty_Test_Map.umap'
[2017.02.27-03.45.53:973][962]LogSavePackage:Display: Finished SavePackage ../../../../../../Users/ihswo/Documents/Unreal Projects/MajestyClone/MajestyClone/Content/Majesty/Maps/Majesty_Test_Map.umap
[2017.02.27-03.45.57:702][274]SourceControl: Info fatal: C:/Program Files/Epic Games/UE_4.15/Engine/Content/: 'C:/Program Files/Epic Games/UE_4.15/Engine/Content/' is outside repository
[2017.02.27-03.45.57:897][274]LogPackageName:Error: Illegal call to DoesPackageExist: '../../../../../../Users/ihswo/Documents/Unreal Projects/MajestyClone/MajestyClone/MajestyClone.uproject' is not a standard unreal filename or a long path name. Reason: Path should be no less than 4 characters long.
[2017.02.27-03.45.58:043][274]LogStats: FPlatformStackWalk::StackWalkAndDump -  0.146 s
[2017.02.27-03.45.58:043][274]LogOutputDevice:Error: === Handled ensure: ===
[2017.02.27-03.45.58:043][274]LogOutputDevice:Error: 
[2017.02.27-03.45.58:043][274]LogOutputDevice:Error: Ensure condition failed: false [File:D:\Build\++UE4+Release-4.15+Compile\Sync\Engine\Source\Runtime\CoreUObject\Private\Misc\PackageName.cpp] [Line: 650]
[2017.02.27-03.45.58:043][274]LogOutputDevice:Error: Illegal call to DoesPackageExist: '../../../../../../Users/ihswo/Documents/Unreal Projects/MajestyClone/MajestyClone/MajestyClone.uproject' is not a standard unreal filename or a long path name. Reason: Path should be no less than 4 characters long.
[2017.02.27-03.45.58:043][274]LogOutputDevice:Error: Stack: 
[2017.02.27-03.45.58:043][274]LogOutputDevice:Error: UE4Editor-Core.dll!0x00000000D3BA95D6
[2017.02.27-03.45.58:044][274]LogOutputDevice:Error: UE4Editor-Core.dll!0x00000000D3959B72
[2017.02.27-03.45.58:044][274]LogOutputDevice:Error: UE4Editor-Core.dll!0x00000000D396B656
[2017.02.27-03.45.58:044][274]LogOutputDevice:Error: UE4Editor-CoreUObject.dll!0x00000000DD52A6B8
[2017.02.27-03.45.58:044][274]LogOutputDevice:Error: UE4Editor-SourceControl.dll!0x00000000CAE33D22
[2017.02.27-03.45.58:044][274]LogOutputDevice:Error: UE4Editor-SourceControl.dll!0x00000000CAE33EB9
[2017.02.27-03.45.58:044][274]LogOutputDevice:Error: UE4Editor-SourceControlWindows.dll!0x00000000C7BB1D2E
[2017.02.27-03.45.58:044][274]LogOutputDevice:Error: UE4Editor-SourceControlWindows.dll!0x00000000C7B6B4B5
[2017.02.27-03.45.58:044][274]LogOutputDevice:Error: UE4Editor-SourceControlWindows.dll!0x00000000C7B6AA8D
[2017.02.27-03.45.58:044][274]LogOutputDevice:Error: UE4Editor-SourceControlWindows.dll!0x00000000C7B7F274
[2017.02.27-03.45.58:044][274]LogOutputDevice:Error: UE4Editor-GitSourceControl.dll!0x00000000C10FB851
[2017.02.27-03.45.58:044][274]LogOutputDevice:Error: UE4Editor-GitSourceControl.dll!0x00000000C110D1ED
[2017.02.27-03.45.58:044][274]LogOutputDevice:Error: UE4Editor-SourceControl.dll!0x00000000CAE39C5C
[2017.02.27-03.45.58:044][274]LogOutputDevice:Error: UE4Editor-UnrealEd.dll!0x00000000CEE27517
[2017.02.27-03.45.58:044][274]LogOutputDevice:Error: UE4Editor-UnrealEd.dll!0x00000000CF631AD6
[2017.02.27-03.45.58:044][274]LogOutputDevice:Error: UE4Editor.exe!0x000000002F6FDEE3
[2017.02.27-03.45.58:044][274]LogOutputDevice:Error: UE4Editor.exe!0x000000002F6EEB40
[2017.02.27-03.45.58:044][274]LogOutputDevice:Error: UE4Editor.exe!0x000000002F6EEBBA
[2017.02.27-03.45.58:044][274]LogOutputDevice:Error: UE4Editor.exe!0x000000002F700A29
[2017.02.27-03.45.58:044][274]LogOutputDevice:Error: UE4Editor.exe!0x000000002F7022B6
[2017.02.27-03.45.58:044][274]LogOutputDevice:Error: KERNEL32.DLL!0x0000000001808364
[2017.02.27-03.45.58:044][274]LogOutputDevice:Error: ntdll.dll!0x0000000003F570D1
[2017.02.27-03.45.58:044][274]LogOutputDevice:Error: 
[2017.02.27-03.45.58:052][274]LogStats:                SubmitErrorReport -  0.000 s
[2017.02.27-03.45.58:428][274]LogStats:                    SendNewReport -  0.376 s
[2017.02.27-03.45.58:428][274]LogStats:             FDebug::EnsureFailed -  0.530 s
[2017.02.27-03.46.42:891][156]LogSavePackage: Save=534.81ms
[2017.02.27-03.46.42:891][156]LogSavePackage: Moving '../../../../../../Users/ihswo/Documents/Unreal Projects/MajestyClone/MajestyClone/Saved/Majesty_Test_MapCEC19F3F4749D4199E825F98E0CBB10E.tmp' to '../../../../../../Users/ihswo/Documents/Unreal Projects/MajestyClone/MajestyClone/Content/Majesty/Maps/Majesty_Test_Map.umap'
[2017.02.27-03.46.42:894][156]LogSavePackage:Display: Finished SavePackage ../../../../../../Users/ihswo/Documents/Unreal Projects/MajestyClone/MajestyClone/Content/Majesty/Maps/Majesty_Test_Map.umap
[2017.02.27-03.46.49:328][744]SourceControl: Info fatal: C:/Program Files/Epic Games/UE_4.15/Engine/Content/: 'C:/Program Files/Epic Games/UE_4.15/Engine/Content/' is outside repository
[2017.02.27-03.46.49:517][744]LogPackageName:Error: Illegal call to DoesPackageExist: '../../../../../../Users/ihswo/Documents/Unreal Projects/MajestyClone/MajestyClone/MajestyClone.uproject' is not a standard unreal filename or a long path name. Reason: Path should be no less than 4 characters long.
[2017.02.27-03.47.46:721][779]SourceControl: Info fatal: C:/Program Files/Epic Games/UE_4.15/Engine/Content/: 'C:/Program Files/Epic Games/UE_4.15/Engine/Content/' is outside repository
[2017.02.27-03.47.46:909][779]LogPackageName:Error: Illegal call to DoesPackageExist: '../../../../../../Users/ihswo/Documents/Unreal Projects/MajestyClone/MajestyClone/MajestyClone.uproject' is not a standard unreal filename or a long path name. Reason: Path should be no less than 4 characters long.
