Log file open, 02/22/17 20:48:05
LogInit:Display: Running engine for game: MajestyClone
LogPlatformFile: Not using cached read wrapper
LogInit:Display: RandInit(-843873988) SRandInit(-843873988).
LogTaskGraph: Started task graph with 5 named threads and 6 total threads with 1 sets of task threads.
LogStats: Stats thread started at 0.074334
LogInit: Using libcurl 7.47.1
LogInit:  - built for x86_64-pc-win32
LogInit:  - supports SSL with OpenSSL/1.0.2g
LogInit:  - supports HTTP deflate (compression) using libz 1.2.8
LogInit:  - other features:
LogInit:      CURL_VERSION_SSL
LogInit:      CURL_VERSION_LIBZ
LogInit:      CURL_VERSION_IPV6
LogInit:      CURL_VERSION_ASYNCHDNS
LogInit:      CURL_VERSION_LARGEFILE
LogInit:      CURL_VERSION_IDN
LogInit:  CurlRequestOptions (configurable via config and command line):
LogInit:  - bVerifyPeer = false  - Libcurl will NOT verify peer certificate
LogInit:  - bUseHttpProxy = false  - Libcurl will NOT use HTTP proxy
LogInit:  - bDontReuseConnections = false  - Libcurl will reuse connections
LogInit:  - CertBundlePath = nullptr  - Libcurl will use whatever was configured at build time.
LogInit: Build: ++UE4+Release-4.15-CL-3299760
LogInit: Engine Version: 4.15.0-3299760+++UE4+Release-4.15
LogInit: Compatible Engine Version: 4.15.0-3299760+++UE4+Release-4.15
LogInit: Net CL: 3299760
LogDevObjectVersion: Number of dev versions registered: 14
LogDevObjectVersion:   Dev-Blueprints (B0D832E4-1F89-4F0D-ACCF-7EB736FD4AA2): 8
LogDevObjectVersion:   Dev-Build (E1C64328-A22C-4D53-A36C-8E866417BD8C): 0
LogDevObjectVersion:   Dev-Core (375EC13C-06E4-48FB-B500-84F0262A717E): 2
LogDevObjectVersion:   Dev-Editor (E4B068ED-F494-42E9-A231-DA0B2E46BB41): 14
LogDevObjectVersion:   Dev-Framework (CFFC743F-43B0-4480-9391-14DF171D2073): 22
LogDevObjectVersion:   Dev-Mobile (B02B49B5-BB20-44E9-A304-32B752E40360): 0
LogDevObjectVersion:   Dev-Networking (A4E4105C-59A1-49B5-A7C5-40C4547EDFEE): 0
LogDevObjectVersion:   Dev-Online (39C831C9-5AE6-47DC-9A44-9C173E1C8E7C): 0
LogDevObjectVersion:   Dev-Physics (78F01B33-EBEA-4F98-B9B4-84EACCB95AA2): 0
LogDevObjectVersion:   Dev-Platform (6631380F-2D4D-43E0-8009-CF276956A95A): 0
LogDevObjectVersion:   Dev-Rendering (12F88B9F-8875-4AFC-A67C-D90C383ABD29): 12
LogDevObjectVersion:   Dev-Sequencer (7B5AE74C-D270-4C10-A958-57980B212A5A): 3
LogDevObjectVersion:   Dev-VR (D7296918-1DD6-4BDD-9DE2-64A83CC13884): 0
LogDevObjectVersion:   Dev-LoadTimes (C2A15278-BFE7-4AFE-6C17-90FF531DF755): 1
LogInit: Compiled (64-bit): Feb 14 2017 02:04:14
LogInit: Compiled with Visual C++: 19.00.23026.00
LogInit: Build Configuration: Development
LogInit: Branch Name: ++UE4+Release-4.15
LogInit: Command line:  
LogInit: Base directory: C:/Program Files/Epic Games/UE_4.15/Engine/Binaries/Win64/
LogInit: Installed Engine Build: 1
LogInit: Presizing for max 8388607 objects, including 0 objects not considered by GC, pre-allocating 0 bytes for permanent pool.
LogInit: Object subsystem initialized
[2017.02.23-02.48.06:508][  0]LogInit: Selected Device Profile: [Windows]
[2017.02.23-02.48.06:508][  0]LogInit: Applying CVar settings loaded from the selected device profile: [Windows]
[2017.02.23-02.48.06:551][  0]LogInit: Computer: ISAIAH-PC
[2017.02.23-02.48.06:551][  0]LogInit: User: Isaiah
[2017.02.23-02.48.06:551][  0]LogInit: CPU Page size=65536, Cores=2
[2017.02.23-02.48.06:551][  0]LogInit: High frequency timer resolution =3.020503 MHz
[2017.02.23-02.48.06:552][  0]LogMemory: Memory total: Physical=8.0GB (8GB approx)
[2017.02.23-02.48.06:552][  0]LogMemory: Platform Memory Stats for Windows
[2017.02.23-02.48.06:552][  0]LogMemory: Process Physical Memory: 262.26 MB used, 262.26 MB peak
[2017.02.23-02.48.06:552][  0]LogMemory: Process Virtual Memory: 262.24 MB used, 262.24 MB peak
[2017.02.23-02.48.06:552][  0]LogMemory: Physical Memory: 3564.67 MB used,  4592.49 MB free, 8157.16 MB total
[2017.02.23-02.48.06:552][  0]LogMemory: Virtual Memory: 627.92 MB used,  4592.49 MB free, 134217728.00 MB total
[2017.02.23-02.48.06:702][  0]LogTextLocalizationManager: No specific translations for ('en-US') exist, so ('en') translations will be used.
[2017.02.23-02.48.07:606][  0]LogD3D11RHI: D3D11 adapters:
[2017.02.23-02.48.07:642][  0]LogD3D11RHI:    0. 'NVIDIA GeForce GTX 760' (Feature Level 11_0)
[2017.02.23-02.48.07:642][  0]LogD3D11RHI:       2017/0/4078 MB DedicatedVideo/DedicatedSystem/SharedSystem, Outputs:2, VendorId:0x10de
[2017.02.23-02.48.07:644][  0]LogD3D11RHI:    1. 'Microsoft Basic Render Driver' (Feature Level 11_0)
[2017.02.23-02.48.07:644][  0]LogD3D11RHI:       0/0/4078 MB DedicatedVideo/DedicatedSystem/SharedSystem, Outputs:0, VendorId:0x1414
[2017.02.23-02.48.07:644][  0]LogD3D11RHI: Chosen D3D11 Adapter: 0
[2017.02.23-02.48.07:650][  0]LogD3D11RHI: Creating new Direct3DDevice
[2017.02.23-02.48.07:650][  0]LogD3D11RHI:     GPU DeviceId: 0x1187 (for the marketing name, search the web for "GPU Device Id")
[2017.02.23-02.48.07:650][  0]LogWindows: EnumDisplayDevices:
[2017.02.23-02.48.07:650][  0]LogWindows:    0. 'NVIDIA GeForce GTX 760' (P:1 D:1)
[2017.02.23-02.48.07:650][  0]LogWindows:    1. 'NVIDIA GeForce GTX 760' (P:0 D:1)
[2017.02.23-02.48.07:650][  0]LogWindows:    2. 'NVIDIA GeForce GTX 760' (P:0 D:0)
[2017.02.23-02.48.07:651][  0]LogWindows:    3. 'NVIDIA GeForce GTX 760' (P:0 D:0)
[2017.02.23-02.48.07:651][  0]LogWindows: DebugString: FoundDriverCount:4 
[2017.02.23-02.48.07:651][  0]LogD3D11RHI:     Adapter Name: NVIDIA GeForce GTX 760
[2017.02.23-02.48.07:651][  0]LogD3D11RHI:   Driver Version: 376.53 (internal:21.21.13.7653, unified:376.53)
[2017.02.23-02.48.07:651][  0]LogD3D11RHI:      Driver Date: 12-29-2016
[2017.02.23-02.48.07:651][  0]LogRHI: Texture pool is 1361 MB (70% of 1945 MB)
[2017.02.23-02.48.07:669][  0]LogD3D11RHI:Warning: Timestamp queries are currently disabled on this hardware due to instability. Realtime GPU stats will not be available. You can override this behaviour by setting r.NVIDIATimestampWorkaround to 0
[2017.02.23-02.48.07:669][  0]LogD3D11RHI: Async texture creation enabled
[2017.02.23-02.48.07:681][  0]LogD3D11RHI: GPU Timing Frequency: 1000.000000 (Debug: 2 1)
[2017.02.23-02.48.07:781][  0]LogShaderCompilers: Guid format shader working directory is -35 characters bigger than the processId version (../../../../../../Users/ihswo/Documents/Unreal Projects/MajestyClone/MajestyClone/Intermediate/Shaders/WorkingDirectory/9760/).
[2017.02.23-02.48.07:782][  0]LogShaderCompilers: Cleaned the shader compiler working directory 'C:/Users/ihswo/AppData/Local/Temp/UnrealShaderWorkingDir/4399732E4BB4E6D7C77244936C41207D/'.
[2017.02.23-02.48.07:782][  0]LogShaderCompilers:Display: Using Local Shader Compiler.
[2017.02.23-02.48.09:578][  0]LogTemp:Display: Loaded TP AllDesktopTargetPlatform
[2017.02.23-02.48.09:679][  0]LogTemp:Display: Loaded TP MacClientTargetPlatform
[2017.02.23-02.48.09:781][  0]LogTemp:Display: Loaded TP MacNoEditorTargetPlatform
[2017.02.23-02.48.09:884][  0]LogTemp:Display: Loaded TP MacServerTargetPlatform
[2017.02.23-02.48.09:985][  0]LogTemp:Display: Loaded TP MacTargetPlatform
[2017.02.23-02.48.10:098][  0]LogTemp:Display: Loaded TP WindowsClientTargetPlatform
[2017.02.23-02.48.10:200][  0]LogTemp:Display: Loaded TP WindowsNoEditorTargetPlatform
[2017.02.23-02.48.10:302][  0]LogTemp:Display: Loaded TP WindowsServerTargetPlatform
[2017.02.23-02.48.10:388][  0]LogTemp:Display: Loaded TP WindowsTargetPlatform
[2017.02.23-02.48.10:489][  0]LogTemp:Display: Loaded TP AndroidTargetPlatform
[2017.02.23-02.48.10:588][  0]LogTemp:Display: Loaded TP Android_ASTCTargetPlatform
[2017.02.23-02.48.10:686][  0]LogTemp:Display: Loaded TP Android_ATCTargetPlatform
[2017.02.23-02.48.10:783][  0]LogTemp:Display: Loaded TP Android_DXTTargetPlatform
[2017.02.23-02.48.10:886][  0]LogTemp:Display: Loaded TP Android_ETC1TargetPlatform
[2017.02.23-02.48.10:984][  0]LogTemp:Display: Loaded TP Android_ETC2TargetPlatform
[2017.02.23-02.48.11:174][  0]LogTemp:Display: Loaded TP Android_MultiTargetPlatform
[2017.02.23-02.48.11:174][  0]LogTemp:Display: Loaded TP Android_PVRTCTargetPlatform
[2017.02.23-02.48.11:245][  0]LogTemp:Display: Loaded TP HTML5TargetPlatform
[2017.02.23-02.48.11:398][  0]LogTemp:Display: Loaded TP IOSTargetPlatform
[2017.02.23-02.48.11:453][  0]LogTemp:Display: Loaded TP TVOSTargetPlatform
[2017.02.23-02.48.11:546][  0]LogTemp:Display: Loaded TP LinuxClientTargetPlatform
[2017.02.23-02.48.11:639][  0]LogTemp:Display: Loaded TP LinuxNoEditorTargetPlatform
[2017.02.23-02.48.11:734][  0]LogTemp:Display: Loaded TP LinuxServerTargetPlatform
[2017.02.23-02.48.11:826][  0]LogTemp:Display: Loaded TP LinuxTargetPlatform
[2017.02.23-02.48.11:827][  0]LogTargetPlatformManager:Display: Building Assets For Windows
[2017.02.23-02.48.12:650][  0]LogDerivedDataCache:Display: Max Cache Size: 512 MB
[2017.02.23-02.48.12:737][  0]LogDerivedDataCache: Loaded boot cache 0.09s 50MB C:/Users/ihswo/AppData/Local/UnrealEngine/4.15/DerivedDataCache/Boot.ddc.
[2017.02.23-02.48.12:737][  0]LogDerivedDataCache:Display: Loaded Boot cache: C:/Users/ihswo/AppData/Local/UnrealEngine/4.15/DerivedDataCache/Boot.ddc
[2017.02.23-02.48.12:737][  0]LogDerivedDataCache: FDerivedDataBackendGraph:  Pak pak cache file ../../../../../../Users/ihswo/Documents/Unreal Projects/MajestyClone/MajestyClone/DerivedDataCache/DDC.ddp not found, will not use a pak cache.
[2017.02.23-02.48.12:737][  0]LogDerivedDataCache: Unable to find inner node Pak for hierarchical cache Hierarchy.
[2017.02.23-02.48.12:737][  0]LogDerivedDataCache: FDerivedDataBackendGraph:  CompressedPak pak cache file ../../../../../../Users/ihswo/Documents/Unreal Projects/MajestyClone/MajestyClone/DerivedDataCache/Compressed.ddp not found, will not use a pak cache.
[2017.02.23-02.48.12:737][  0]LogDerivedDataCache: Unable to find inner node CompressedPak for hierarchical cache Hierarchy.
[2017.02.23-02.48.12:767][  0]LogDerivedDataCache:Display: Pak cache opened for reading ../../../Engine/DerivedDataCache/Compressed.ddp.
[2017.02.23-02.48.12:779][  0]LogDerivedDataCache: Using Local data cache path C:/Users/ihswo/AppData/Local/UnrealEngine/Common/DerivedDataCache: Writable
[2017.02.23-02.48.12:790][  0]LogSlate: Using Freetype 2.6.0
[2017.02.23-02.48.12:792][  0]LogSlate: SlateFontCache - WITH_FREETYPE: 1, WITH_HARFBUZZ: 1
[2017.02.23-02.48.12:792][  0]LogSlate: SlateFontCache - WITH_FREETYPE: 1, WITH_HARFBUZZ: 1
[2017.02.23-02.48.13:217][  0]LogInit: Selected Device Profile: [Windows]
[2017.02.23-02.48.13:221][  0]LogContentStreaming: Texture pool size is 0.00 MB
[2017.02.23-02.48.13:574][  0]LogMeshUtilities: Using QuadricMeshReduction for automatic static mesh reduction
[2017.02.23-02.48.13:658][  0]LogSimplygon: Simplygon DLL not present - disabling.
[2017.02.23-02.48.13:751][  0]LogMeshUtilities: Using SimplygonSwarm for distributed automatic mesh merging
[2017.02.23-02.48.13:751][  0]LogMeshUtilities: No automatic skeletal mesh reduction module available
[2017.02.23-02.48.13:751][  0]LogMeshUtilities: No automatic mesh merging module available
[2017.02.23-02.48.14:677][  0]LogNetVersion: GetLocalNetworkVersion: CL: 3299760, ProjectName: majestyclone, ProjectVersion: , EngineNetworkVersion: 2, GameNetworkVersion: 0, NetworkChecksum: 2964505564
[2017.02.23-02.48.14:742][  0]LogAssetRegistry: FAssetRegistry took 0.0224 seconds to start up
[2017.02.23-02.48.14:834][  0]LogPackageLocalizationCache: Processed 3 localized package path(s) for 2 prioritized culture(s) in 0.042973 seconds
[2017.02.23-02.48.14:842][  0]LogUObjectArray: 32475 objects as part of root set at end of initial load.
[2017.02.23-02.48.14:842][  0]LogUObjectAllocator: 7073368 out of 0 bytes used by permanent object pool.
[2017.02.23-02.48.14:842][  0]LogUObjectArray: CloseDisregardForGC: 0/0 objects in disregard for GC pool
[2017.02.23-02.48.14:963][  0]LogInit: WinSock: version 1.1 (2.2), MaxSocks=32767, MaxUdp=65467
[2017.02.23-02.48.17:868][  0]LogTcpMessaging: Initializing TcpMessaging bridge
[2017.02.23-02.48.17:934][  0]LogUdpMessaging: Initializing bridge on interface 0.0.0.0:0 to multicast group 230.0.0.1:6666.
[2017.02.23-02.48.18:789][  0]LogMaterial: Uniform references updated for custom material expression Custom.
[2017.02.23-02.48.19:484][  0]SourceControl: Info Source control is disabled
[2017.02.23-02.48.23:689][  0]LogEngine: Initializing Engine...
[2017.02.23-02.48.23:690][  0]LogHMD: Failed to initialize OpenVR with code 110
[2017.02.23-02.48.24:054][  0]LogAIModule: Creating AISystem for world Untitled
[2017.02.23-02.48.24:091][  0]LogInit: XAudio2 using 'Speakers (Logitech USB Headset)' : 2 channels at 44.1 kHz using 16 bits per sample (channel mask 0x3)
[2017.02.23-02.48.24:120][  0]LogInit: FAudioDevice initialized.
[2017.02.23-02.48.24:161][  0]LogDerivedDataCache: Saved boot cache 0.04s 50MB C:/Users/ihswo/AppData/Local/UnrealEngine/4.15/DerivedDataCache/Boot.ddc.
[2017.02.23-02.48.24:176][  0]LogInit: Texture streaming: Enabled
[2017.02.23-02.48.24:355][  0]LogEngineSessionManager: EngineSessionManager initialized
[2017.02.23-02.48.24:539][  0]LogInit: Transaction tracking system initialized
[2017.02.23-02.48.25:260][  0]BlueprintLog: New page: Editor Load
[2017.02.23-02.48.27:026][  0]LocalizationService: Info Localization service is disabled
[2017.02.23-02.48.28:285][  0]LogConsoleResponse:Display: 
[2017.02.23-02.48.28:520][  0]LogCook:Display: Max memory allowance for cook 16384mb min free memory 0mb
[2017.02.23-02.48.28:520][  0]LogCook:Display: Mobile HDR setting 1
[2017.02.23-02.48.29:334][  0]LogFileCache: Scanning file cache for directory 'C:/Users/ihswo/Documents/Unreal Projects/MajestyClone/MajestyClone/Content/' took 0.02s
[2017.02.23-02.48.31:154][  0]Cmd: MAP LOAD FILE="../../../../../../Users/ihswo/Documents/Unreal Projects/MajestyClone/MajestyClone/Content/Majesty/Maps/Majesty_Test_Map.umap" TEMPLATE=0 SHOWPROGRESS=1 FEATURELEVEL=3
[2017.02.23-02.48.31:155][  0]LightingResults: New page: Lighting Build
[2017.02.23-02.48.31:233][  0]MapCheck: New page: Map Check
[2017.02.23-02.48.31:233][  0]LightingResults: New page: Lighting Build
[2017.02.23-02.48.31:627][  0]LogAIModule: Creating AISystem for world Majesty_Test_Map
[2017.02.23-02.48.31:681][  0]LogEditorServer: Finished looking for orphan Actors (0.000 secs)
[2017.02.23-02.48.31:681][  0]Cmd: MAP CHECKDEP NOCLEARLOG
[2017.02.23-02.48.31:780][  0]MapCheck: Info Map check complete: 0 Error(s), 0 Warning(s), took 97.806ms to complete.
[2017.02.23-02.48.31:780][  0]LogFileHelpers: Loading map 'Majesty_Test_Map' took 0.626
[2017.02.23-02.48.31:870][  0]LogWindowsTextInputMethodSystem:Display: IME system now deactivated.
[2017.02.23-02.48.32:112][  0]LogCollectionManager: Loaded 0 collections in 0.002831 seconds
[2017.02.23-02.48.32:237][  0]LogFileCache: Scanning file cache for directory 'C:/Users/ihswo/Documents/Unreal Projects/MajestyClone/MajestyClone/Saved/Collections/' took 0.01s
[2017.02.23-02.48.32:237][  0]LogFileCache: Scanning file cache for directory 'C:/Users/ihswo/Documents/Unreal Projects/MajestyClone/MajestyClone/Content/Developers/Isaiah/Collections/' took 0.01s
[2017.02.23-02.48.32:237][  0]LogFileCache: Scanning file cache for directory 'C:/Users/ihswo/Documents/Unreal Projects/MajestyClone/MajestyClone/Content/Collections/' took 0.01s
[2017.02.23-02.48.32:237][  0]LogCollectionManager: Rebuilt the GUID cache for 0 collections in 0.000002 seconds
[2017.02.23-02.48.32:250][  0]LogContentBrowser: Native class hierarchy populated in 0.0123 seconds. Added 2244 classes and 450 folders.
[2017.02.23-02.48.32:255][  0]LogStats: UGameplayTagsManager::ConstructGameplayTagTree: Construct from data asset -  0.000 s
[2017.02.23-02.48.32:255][  0]LogStats: UGameplayTagsManager::ConstructGameplayTagTree: GameplayTagTreeChangedEvent.Broadcast -  0.000 s
[2017.02.23-02.48.32:381][  0]LogContentBrowser: Native class hierarchy updated for 'WidgetCarousel' in 0.0008 seconds. Added 0 classes and 0 folders.
[2017.02.23-02.48.32:465][  0]LogContentBrowser: Native class hierarchy updated for 'AddContentDialog' in 0.0009 seconds. Added 0 classes and 0 folders.
[2017.02.23-02.48.32:550][  0]LogContentBrowser: Native class hierarchy updated for 'SceneOutliner' in 0.0007 seconds. Added 1 classes and 2 folders.
[2017.02.23-02.48.32:632][  0]LogCrashTracker: Crashtracker disabled due to settings.
[2017.02.23-02.48.32:640][  0]LogUObjectGlobals:Warning: Failed to find object 'Class None.'
[2017.02.23-02.48.32:754][  0]LogContentBrowser: Native class hierarchy updated for 'HierarchicalLODOutliner' in 0.0007 seconds. Added 1 classes and 2 folders.
[2017.02.23-02.48.32:754][  0]LogLoad: (Engine Initialization) Total time: 29.28 seconds
[2017.02.23-02.48.32:754][  0]LogLoad: (Engine Initialization) Total Blueprint compile time: 0.15 seconds
[2017.02.23-02.48.32:754][  0]LogExternalProfiler: No external profilers were discovered.  External profiling features will not be available.
[2017.02.23-02.48.32:764][  0]LogOcInput: OculusInput pre-init called
[2017.02.23-02.48.32:784][  0]SourceControl: Info On branch IsaiahBranch
[2017.02.23-02.48.32:784][  0]SourceControl: Info Your branch is up-to-date with 'origin/IsaiahBranch'.
[2017.02.23-02.48.32:784][  0]SourceControl: Info Changes not staged for commit:
[2017.02.23-02.48.32:784][  0]SourceControl: Info   (use "git add <file>..." to update what will be committed)
[2017.02.23-02.48.32:784][  0]SourceControl: Info   (use "git checkout -- <file>..." to discard changes in working directory)
[2017.02.23-02.48.32:784][  0]SourceControl: Info 	modified:   MajestyClone/Intermediate/CachedAssetRegistry.bin
[2017.02.23-02.48.32:784][  0]SourceControl: Info 	modified:   MajestyClone/Intermediate/Config/CoalescedSourceConfigs/Engine.ini
[2017.02.23-02.48.32:784][  0]SourceControl: Info 	modified:   MajestyClone/Saved/AutoScreenshot.png
[2017.02.23-02.48.32:784][  0]SourceControl: Info 	modified:   MajestyClone/Saved/Config/Windows/EditorPerProjectUserSettings.ini
[2017.02.23-02.48.32:784][  0]SourceControl: Info 	modified:   MajestyClone/Saved/Config/Windows/Engine.ini
[2017.02.23-02.48.32:784][  0]SourceControl: Info 	modified:   MajestyClone/Saved/Config/Windows/SourceControlSettings.ini
[2017.02.23-02.48.32:784][  0]SourceControl: Info 	modified:   MajestyClone/Saved/Logs/MajestyClone.log
[2017.02.23-02.48.32:784][  0]SourceControl: Info Untracked files:
[2017.02.23-02.48.32:784][  0]SourceControl: Info   (use "git add <file>..." to include in what will be committed)
[2017.02.23-02.48.32:785][  0]SourceControl: Info 	MajestyClone/Saved/Logs/MajestyClone-backup-2017.02.22-19.43.13.log
[2017.02.23-02.48.32:785][  0]SourceControl: Info 	MajestyClone/Saved/Logs/MajestyClone-backup-2017.02.22-20.44.30.log
[2017.02.23-02.48.32:785][  0]SourceControl: Info 	MajestyClone/Saved/Logs/MajestyClone-backup-2017.02.22-20.48.05.log
[2017.02.23-02.48.32:785][  0]SourceControl: Info 	MajestyClone/Saved/Logs/UE4CC-Windows-8ADA29CD4BDC2858D9D701893E25470D/
[2017.02.23-02.48.32:785][  0]SourceControl: Info 	MajestyClone/Saved/Logs/UE4CC-Windows-8ADA29CD4BDC2858D9D701893E25470D_0000/
[2017.02.23-02.48.32:785][  0]SourceControl: Info 	MajestyClone/Saved/Logs/UE4CC-Windows-C77133724E8682F3A67EDC9950C1A222/
[2017.02.23-02.48.32:785][  0]SourceControl: Info 	MajestyClone/Saved/Logs/UE4CC-Windows-E90121194B195DF75F9391A22369CF7F/
[2017.02.23-02.48.32:785][  0]SourceControl: Info no changes added to commit (use "git add" and/or "git commit -a")
[2017.02.23-02.48.32:785][  0]LogContentStreaming: Texture pool size now 1000 MB
[2017.02.23-02.48.32:787][  0]LogSlate: Took 0.000401 seconds to synchronously load lazily loaded font '../../../Engine/Content/Slate/Fonts/Roboto-Regular.ttf' (155K)
[2017.02.23-02.48.32:793][  0]LogSlate: Took 0.000406 seconds to synchronously load lazily loaded font '../../../Engine/Content/Slate/Fonts/Roboto-Bold.ttf' (160K)
[2017.02.23-02.48.32:801][  0]LogSlate: Took 0.000441 seconds to synchronously load lazily loaded font '../../../Engine/Content/Editor/Slate/Fonts/FontAwesome.ttf' (139K)
[2017.02.23-02.48.32:905][  0]LogSlate: Took 0.000409 seconds to synchronously load lazily loaded font '../../../Engine/Content/Slate/Fonts/Roboto-Light.ttf' (159K)
[2017.02.23-02.48.32:980][  0]LogRenderer: Reallocating scene render targets to support 1004x456 NumSamples 1 (Frame:2).
[2017.02.23-02.48.33:089][  1]LogAssetRegistry: Asset discovery search completed in 18.3696 seconds
[2017.02.23-02.48.33:089][  1]LogCollectionManager: Rebuilt the object cache for 0 collections in 0.000011 seconds (found 0 objects)
[2017.02.23-02.48.33:089][  1]LogCollectionManager: Fixed up redirectors for 0 collections in 0.000037 seconds (updated 0 objects)
[2017.02.23-02.48.41:789][950]LogSlate: Took 0.000521 seconds to synchronously load lazily loaded font '../../../Engine/Content/Slate/Fonts/Roboto-Light.ttf' (159K)
[2017.02.23-02.48.44:615][ 89]LogSlate: Only BGRA pngs, bmps or icos are supported in by External Image Picker
[2017.02.23-02.48.44:812][ 92]LogTemp:Display: Executing iPhonePackager certificates Engine -bundlename com.YourCompany.MajestyClone

[2017.02.23-02.48.44:812][ 92]LogTemp:Display: CWD: C:\Program Files\Epic Games\UE_4.15\Engine\Binaries\DotNET\IOS

[2017.02.23-02.48.44:812][ 92]LogTemp:Display: Initial Dir: C:\Program Files\Epic Games\UE_4.15

[2017.02.23-02.48.44:812][ 92]LogTemp:Display: Env CWD: C:\Program Files\Epic Games\UE_4.15\Engine\Binaries\DotNET\IOS

[2017.02.23-02.48.44:834][ 93]LogTemp:Display: BranchPath = ISAIAH-PC/C/Program Files/Epic Games/UE_4.15/Engine/Binaries --- GameBranchPath = ISAIAH-PC/C/Program Files/Epic Games/UE_4.15/Engine/Binaries

[2017.02.23-02.48.44:911][ 96]LogTemp:Display: IPP ERROR: Application exception: System.IO.DirectoryNotFoundException: Could not find a part of the path 'C:\Users\ihswo\AppData\Local\Apple Computer\MobileDevice\Provisioning Profiles'.

[2017.02.23-02.48.44:911][ 96]LogTemp:Display:    at System.IO.__Error.WinIOError(Int32 errorCode, String maybeFullPath)

[2017.02.23-02.48.44:911][ 96]LogTemp:Display:    at System.IO.FileSystemEnumerableIterator`1.CommonInit()

[2017.02.23-02.48.44:911][ 96]LogTemp:Display:    at System.IO.Directory.EnumerateFiles(String path, String searchPattern)

[2017.02.23-02.48.44:911][ 96]LogTemp:Display:    at iPhonePackager.CodeSignatureBuilder.FindProvisions(String CFBundleIdentifier)

[2017.02.23-02.48.44:911][ 96]LogTemp:Display:    at iPhonePackager.Program.Main(String[] args)

[2017.02.23-02.48.52:969][831]LogWindowsTextInputMethodSystem:Display: IME system now deactivated.
[2017.02.23-02.48.53:184][832]Cmd: QUIT_EDITOR
[2017.02.23-02.48.53:281][832]LogExit: Preparing to exit.
[2017.02.23-02.48.54:118][832]LogDirectoryWatcher: A directory notification for 'C:/Users/ihswo/Documents/Unreal Projects/MajestyClone/MajestyClone/Content/' was aborted.
[2017.02.23-02.48.54:146][832]LogExit: Editor shut down
[2017.02.23-02.48.54:146][832]LogExit: Transaction tracking system shut down
[2017.02.23-02.48.54:241][832]LogObj: Freed 0b from 0 cluster array pools.
[2017.02.23-02.48.54:241][832]LogExit: Object subsystem successfully closed.
[2017.02.23-02.48.54:275][832]LogD3D11RHI: Shutdown
[2017.02.23-02.48.54:275][832]LogD3D11RHI: CleanupD3DDevice
[2017.02.23-02.48.54:671][832]LogD3D11RHI: ~FD3D11DynamicRHI
[2017.02.23-02.48.54:715][832]LogModuleManager: Shutting down and abandoning module ExternalImagePicker (498)
[2017.02.23-02.48.54:715][832]LogModuleManager: Shutting down and abandoning module HierarchicalLODOutliner (496)
[2017.02.23-02.48.54:715][832]LogModuleManager: Shutting down and abandoning module CrashTracker (494)
[2017.02.23-02.48.54:715][832]LogModuleManager: Shutting down and abandoning module SceneOutliner (492)
[2017.02.23-02.48.54:715][832]LogModuleManager: Shutting down and abandoning module AddContentDialog (490)
[2017.02.23-02.48.54:715][832]LogDirectoryWatcher: A directory notification for 'C:/Program Files/Epic Games/UE_4.15/FeaturePacks/' was aborted.
[2017.02.23-02.48.54:724][832]LogModuleManager: Shutting down and abandoning module WidgetCarousel (489)
[2017.02.23-02.48.54:724][832]LogModuleManager: Shutting down and abandoning module EditorWidgets (486)
[2017.02.23-02.48.54:724][832]LogModuleManager: Shutting down and abandoning module CollectionManager (484)
[2017.02.23-02.48.54:724][832]LogDirectoryWatcher: A directory notification for 'C:/Users/ihswo/Documents/Unreal Projects/MajestyClone/MajestyClone/Content/Collections/' was aborted.
[2017.02.23-02.48.54:725][832]LogDirectoryWatcher: A directory notification for 'C:/Users/ihswo/Documents/Unreal Projects/MajestyClone/MajestyClone/Content/Developers/Isaiah/Collections/' was aborted.
[2017.02.23-02.48.54:725][832]LogDirectoryWatcher: A directory notification for 'C:/Users/ihswo/Documents/Unreal Projects/MajestyClone/MajestyClone/Saved/Collections/' was aborted.
[2017.02.23-02.48.54:725][832]LogModuleManager: Shutting down and abandoning module StatsViewer (482)
[2017.02.23-02.48.54:725][832]LogModuleManager: Shutting down and abandoning module FoliageEdit (480)
[2017.02.23-02.48.54:725][832]LogModuleManager: Shutting down and abandoning module LandscapeEditor (478)
[2017.02.23-02.48.54:725][832]LogModuleManager: Shutting down and abandoning module SceneDepthPickerMode (476)
[2017.02.23-02.48.54:725][832]LogModuleManager: Shutting down and abandoning module ActorPickerMode (474)
[2017.02.23-02.48.54:725][832]LogModuleManager: Shutting down and abandoning module GeometryMode (472)
[2017.02.23-02.48.54:725][832]LogModuleManager: Shutting down and abandoning module TextureAlignMode (470)
[2017.02.23-02.48.54:725][832]LogModuleManager: Shutting down and abandoning module BspMode (468)
[2017.02.23-02.48.54:725][832]LogModuleManager: Shutting down and abandoning module HardwareSurvey (466)
[2017.02.23-02.48.54:725][832]LogModuleManager: Shutting down and abandoning module SequenceRecorderSections (464)
[2017.02.23-02.48.54:725][832]LogModuleManager: Shutting down and abandoning module AutomationWorker (462)
[2017.02.23-02.48.54:725][832]LogModuleManager: Shutting down and abandoning module MatineeToLevelSequence (460)
[2017.02.23-02.48.54:725][832]LogModuleManager: Shutting down and abandoning module LevelSequenceEditor (458)
[2017.02.23-02.48.54:725][832]LogModuleManager: Shutting down and abandoning module PlacementMode (457)
[2017.02.23-02.48.54:725][832]LogModuleManager: Shutting down and abandoning module WmfMediaFactory (454)
[2017.02.23-02.48.54:725][832]LogModuleManager: Shutting down and abandoning module WmfMediaEditor (452)
[2017.02.23-02.48.54:725][832]LogModuleManager: Shutting down and abandoning module MfMediaFactory (450)
[2017.02.23-02.48.54:725][832]LogModuleManager: Shutting down and abandoning module MfMediaEditor (448)
[2017.02.23-02.48.54:725][832]LogModuleManager: Shutting down and abandoning module AvfMediaFactory (446)
[2017.02.23-02.48.54:725][832]LogModuleManager: Shutting down and abandoning module AvfMediaEditor (444)
[2017.02.23-02.48.54:725][832]LogModuleManager: Shutting down and abandoning module AndroidMediaFactory (442)
[2017.02.23-02.48.54:725][832]LogModuleManager: Shutting down and abandoning module Media (441)
[2017.02.23-02.48.54:725][832]LogModuleManager: Shutting down and abandoning module AndroidMediaEditor (438)
[2017.02.23-02.48.54:725][832]LogModuleManager: Shutting down and abandoning module CharacterAI (436)
[2017.02.23-02.48.54:725][832]LogModuleManager: Shutting down and abandoning module AudioCapture (434)
[2017.02.23-02.48.54:725][832]LogModuleManager: Shutting down and abandoning module SequenceRecorder (433)
[2017.02.23-02.48.54:725][832]LogModuleManager: Shutting down and abandoning module SmartSnapping (430)
[2017.02.23-02.48.54:725][832]LogModuleManager: Shutting down and abandoning module SessionServices (428)
[2017.02.23-02.48.54:725][832]LogModuleManager: Shutting down and abandoning module ViewportSnapping (426)
[2017.02.23-02.48.54:725][832]LogModuleManager: Shutting down and abandoning module ViewportInteraction (424)
[2017.02.23-02.48.54:725][832]LogModuleManager: Shutting down and abandoning module LogVisualizer (422)
[2017.02.23-02.48.54:725][832]LogModuleManager: Shutting down and abandoning module IntroTutorials (420)
[2017.02.23-02.48.54:725][832]LogModuleManager: Shutting down and abandoning module GameProjectGeneration (419)
[2017.02.23-02.48.54:725][832]LogModuleManager: Shutting down and abandoning module EditorLiveStreaming (416)
[2017.02.23-02.48.54:725][832]LogModuleManager: Shutting down and abandoning module IOSPlatformEditor (414)
[2017.02.23-02.48.54:725][832]LogModuleManager: Shutting down and abandoning module HTML5PlatformEditor (412)
[2017.02.23-02.48.54:725][832]LogModuleManager: Shutting down and abandoning module AndroidPlatformEditor (410)
[2017.02.23-02.48.54:725][832]LogModuleManager: Shutting down and abandoning module AndroidDeviceDetection (409)
[2017.02.23-02.48.54:731][832]LogModuleManager: Shutting down and abandoning module IOSRuntimeSettings (406)
[2017.02.23-02.48.54:731][832]LogModuleManager: Shutting down and abandoning module AndroidRuntimeSettings (404)
[2017.02.23-02.48.54:731][832]LogModuleManager: Shutting down and abandoning module InputBindingEditor (402)
[2017.02.23-02.48.54:731][832]LogModuleManager: Shutting down and abandoning module NiagaraEditor (400)
[2017.02.23-02.48.54:731][832]LogModuleManager: Shutting down and abandoning module MergeActors (398)
[2017.02.23-02.48.54:731][832]LogModuleManager: Shutting down and abandoning module SizeMap (396)
[2017.02.23-02.48.54:731][832]LogModuleManager: Shutting down and abandoning module TreeMap (394)
[2017.02.23-02.48.54:731][832]LogModuleManager: Shutting down and abandoning module ReferenceViewer (392)
[2017.02.23-02.48.54:731][832]LogModuleManager: Shutting down and abandoning module LocalizationDashboard (390)
[2017.02.23-02.48.54:731][832]LogModuleManager: Shutting down and abandoning module LocalizationService (389)
[2017.02.23-02.48.54:731][832]LogModuleManager: Shutting down and abandoning module HardwareTargeting (386)
[2017.02.23-02.48.54:731][832]LogModuleManager: Shutting down and abandoning module DeviceProfileEditor (384)
[2017.02.23-02.48.54:731][832]LogModuleManager: Shutting down and abandoning module UndoHistory (382)
[2017.02.23-02.48.54:731][832]LogModuleManager: Shutting down and abandoning module UserFeedback (380)
[2017.02.23-02.48.54:731][832]LogModuleManager: Shutting down and abandoning module XmlParser (378)
[2017.02.23-02.48.54:731][832]LogModuleManager: Shutting down and abandoning module Blutility (376)
[2017.02.23-02.48.54:731][832]LogModuleManager: Shutting down and abandoning module ProjectSettingsViewer (374)
[2017.02.23-02.48.54:731][832]LogModuleManager: Shutting down and abandoning module ProjectTargetPlatformEditor (373)
[2017.02.23-02.48.54:732][832]LogModuleManager: Shutting down and abandoning module EditorSettingsViewer (370)
[2017.02.23-02.48.54:732][832]LogModuleManager: Shutting down and abandoning module SettingsEditor (368)
[2017.02.23-02.48.54:732][832]LogModuleManager: Shutting down and abandoning module ProjectLauncher (366)
[2017.02.23-02.48.54:732][832]LogModuleManager: Shutting down and abandoning module SessionFrontend (364)
[2017.02.23-02.48.54:732][832]LogModuleManager: Shutting down and abandoning module ProfilerClient (362)
[2017.02.23-02.48.54:732][832]LogModuleManager: Shutting down and abandoning module DeviceManager (360)
[2017.02.23-02.48.54:732][832]LogModuleManager: Shutting down and abandoning module TargetDeviceServices (359)
[2017.02.23-02.48.54:775][832]LogModuleManager: Shutting down and abandoning module AutomationController (356)
[2017.02.23-02.48.54:775][832]LogModuleManager: Shutting down and abandoning module AutomationWindow (354)
[2017.02.23-02.48.54:775][832]LogModuleManager: Shutting down and abandoning module Layers (352)
[2017.02.23-02.48.54:775][832]LogModuleManager: Shutting down and abandoning module ComponentVisualizers (350)
[2017.02.23-02.48.54:775][832]LogModuleManager: Shutting down and abandoning module DetailCustomizations (348)
[2017.02.23-02.48.54:775][832]LogModuleManager: Shutting down and abandoning module PackagesDialog (346)
[2017.02.23-02.48.54:775][832]LogModuleManager: Shutting down and abandoning module Persona (344)
[2017.02.23-02.48.54:775][832]LogModuleManager: Shutting down and abandoning module AnimGraph (343)
[2017.02.23-02.48.54:775][832]LogModuleManager: Shutting down and abandoning module Kismet (340)
[2017.02.23-02.48.54:776][832]LogModuleManager: Shutting down and abandoning module GraphEditor (338)
[2017.02.23-02.48.54:776][832]LogModuleManager: Shutting down and abandoning module ClassViewer (336)
[2017.02.23-02.48.54:776][832]LogModuleManager: Shutting down and abandoning module Toolbox (334)
[2017.02.23-02.48.54:776][832]LogModuleManager: Shutting down and abandoning module ModuleUI (332)
[2017.02.23-02.48.54:776][832]LogModuleManager: Shutting down and abandoning module MovieSceneTools (330)
[2017.02.23-02.48.54:776][832]LogModuleManager: Shutting down and abandoning module OutputLog (328)
[2017.02.23-02.48.54:776][832]LogModuleManager: Shutting down and abandoning module GammaUI (326)
[2017.02.23-02.48.54:776][832]LogModuleManager: Shutting down and abandoning module Documentation (324)
[2017.02.23-02.48.54:776][832]LogModuleManager: Shutting down and abandoning module Niagara (322)
[2017.02.23-02.48.54:776][832]LogModuleManager: Shutting down and abandoning module StreamingPauseRendering (320)
[2017.02.23-02.48.54:776][832]LogModuleManager: Shutting down and abandoning module AnalyticsET (318)
[2017.02.23-02.48.54:776][832]LogModuleManager: Shutting down and abandoning module PortalServices (316)
[2017.02.23-02.48.54:776][832]LogModuleManager: Shutting down and abandoning module PortalRpc (314)
[2017.02.23-02.48.54:776][832]LogModuleManager: Shutting down and abandoning module MessagingRpc (312)
[2017.02.23-02.48.54:776][832]LogModuleManager: Shutting down and abandoning module AIModule (310)
[2017.02.23-02.48.54:776][832]LogModuleManager: Shutting down and abandoning module GameplayDebugger (309)
[2017.02.23-02.48.54:776][832]LogModuleManager: Shutting down and abandoning module AITestSuite (307)
[2017.02.23-02.48.54:776][832]LogModuleManager: Shutting down and abandoning module ProfilerService (304)
[2017.02.23-02.48.54:928][832]LogModuleManager: Shutting down and abandoning module TaskGraph (302)
[2017.02.23-02.48.54:928][832]LogModuleManager: Shutting down and abandoning module SteamVRController (300)
[2017.02.23-02.48.54:928][832]LogModuleManager: Shutting down and abandoning module SteamVR (298)
[2017.02.23-02.48.54:928][832]LogModuleManager: Shutting down and abandoning module ProceduralMeshComponentEditor (296)
[2017.02.23-02.48.54:928][832]LogModuleManager: Shutting down and abandoning module ProceduralMeshComponent (294)
[2017.02.23-02.48.54:928][832]LogModuleManager: Shutting down and abandoning module OculusLibrary (292)
[2017.02.23-02.48.54:928][832]LogModuleManager: Shutting down and abandoning module OculusInput (290)
[2017.02.23-02.48.54:928][832]LogModuleManager: Shutting down and abandoning module MobilePatchingUtils (288)
[2017.02.23-02.48.54:928][832]LogModuleManager: Shutting down and abandoning module CustomMeshComponent (286)
[2017.02.23-02.48.54:928][832]LogModuleManager: Shutting down and abandoning module CableComponent (284)
[2017.02.23-02.48.54:929][832]LogModuleManager: Shutting down and abandoning module ArchVisCharacter (282)
[2017.02.23-02.48.54:929][832]LogModuleManager: Shutting down and abandoning module MediaPlayerEditor (278)
[2017.02.23-02.48.54:929][832]LogModuleManager: Shutting down and abandoning module HTML5Networking (276)
[2017.02.23-02.48.54:929][832]LogModuleManager: Shutting down and abandoning module AlembicImporter (274)
[2017.02.23-02.48.54:929][832]LogModuleManager: Shutting down and abandoning module AlembicLibrary (273)
[2017.02.23-02.48.54:929][832]LogModuleManager: Shutting down and abandoning module GeometryCache (272)
[2017.02.23-02.48.54:929][832]LogModuleManager: Shutting down and abandoning module GeometryCacheEd (271)
[2017.02.23-02.48.54:929][832]LogModuleManager: Shutting down and abandoning module SuperSearchEditor (266)
[2017.02.23-02.48.54:929][832]LogModuleManager: Shutting down and abandoning module SuperSearch (265)
[2017.02.23-02.48.54:929][832]LogModuleManager: Shutting down and abandoning module SpeedTreeImporter (262)
[2017.02.23-02.48.54:929][832]LogModuleManager: Shutting down and abandoning module PluginBrowser (260)
[2017.02.23-02.48.54:929][832]LogModuleManager: Shutting down and abandoning module MobileLauncherProfileWizard (258)
[2017.02.23-02.48.54:929][832]LogModuleManager: Shutting down and abandoning module EpicSurvey (256)
[2017.02.23-02.48.54:929][832]LogModuleManager: Shutting down and abandoning module VisualStudioSourceCodeAccess (254)
[2017.02.23-02.48.54:929][832]LogModuleManager: Shutting down and abandoning module DesktopPlatform (253)
[2017.02.23-02.48.54:929][832]LogModuleManager: Shutting down and abandoning module UObjectPlugin (250)
[2017.02.23-02.48.54:929][832]LogModuleManager: Shutting down and abandoning module SubversionSourceControl (248)
[2017.02.23-02.48.54:929][832]LogModuleManager: Shutting down and abandoning module PerforceSourceControl (246)
[2017.02.23-02.48.54:929][832]LogModuleManager: Shutting down and abandoning module GitSourceControl (244)
[2017.02.23-02.48.54:929][832]LogModuleManager: Shutting down and abandoning module SourceControl (243)
[2017.02.23-02.48.54:929][832]LogModuleManager: Shutting down and abandoning module LightPropagationVolumeEditor (240)
[2017.02.23-02.48.54:929][832]LogModuleManager: Shutting down and abandoning module PaperTiledImporter (238)
[2017.02.23-02.48.54:929][832]LogModuleManager: Shutting down and abandoning module PaperSpriteSheetImporter (236)
[2017.02.23-02.48.54:929][832]LogModuleManager: Shutting down and abandoning module Paper2DEditor (234)
[2017.02.23-02.48.54:929][832]LogModuleManager: Shutting down and abandoning module MeshPaint (233)
[2017.02.23-02.48.54:929][832]LogModuleManager: Shutting down and abandoning module LevelEditor (231)
[2017.02.23-02.48.54:930][832]LogModuleManager: Shutting down and abandoning module PixelInspectorModule (230)
[2017.02.23-02.48.54:930][832]LogModuleManager: Shutting down and abandoning module MainFrame (228)
[2017.02.23-02.48.54:930][832]LogModuleManager: Shutting down and abandoning module HotReload (227)
[2017.02.23-02.48.54:931][832]LogModuleManager: Shutting down and abandoning module ContentBrowser (223)
[2017.02.23-02.48.54:933][832]LogModuleManager: Shutting down and abandoning module PhysXVehiclesEditor (220)
[2017.02.23-02.48.54:933][832]LogModuleManager: Shutting down and abandoning module PhysXVehicles (218)
[2017.02.23-02.48.54:933][832]LogModuleManager: Shutting down and abandoning module LocationServicesBPLibrary (216)
[2017.02.23-02.48.54:933][832]LogModuleManager: Shutting down and abandoning module UdpMessaging (214)
[2017.02.23-02.48.55:034][832]LogModuleManager: Shutting down and abandoning module TcpMessaging (212)
[2017.02.23-02.48.55:134][832]LogModuleManager: Shutting down and abandoning module GameplayTagsEditor (210)
[2017.02.23-02.48.55:134][832]LogModuleManager: Shutting down and abandoning module FacialAnimationEditor (208)
[2017.02.23-02.48.55:134][832]LogModuleManager: Shutting down and abandoning module FacialAnimation (206)
[2017.02.23-02.48.55:134][832]LogModuleManager: Shutting down and abandoning module LightPropagationVolumeRuntime (204)
[2017.02.23-02.48.55:134][832]LogModuleManager: Shutting down and abandoning module Paper2D (202)
[2017.02.23-02.48.55:134][832]LogModuleManager: Shutting down and abandoning module WindowsMoviePlayer (200)
[2017.02.23-02.48.55:134][832]LogModuleManager: Shutting down and abandoning module WmfMedia (198)
[2017.02.23-02.48.55:134][832]LogModuleManager: Shutting down and abandoning module MfMedia (196)
[2017.02.23-02.48.55:134][832]LogModuleManager: Shutting down and abandoning module MediaAssets (194)
[2017.02.23-02.48.55:134][832]LogModuleManager: Shutting down and abandoning module GameLiveStreaming (192)
[2017.02.23-02.48.55:134][832]LogModuleManager: Shutting down and abandoning module VREditor (190)
[2017.02.23-02.48.55:134][832]LogModuleManager: Shutting down and abandoning module GameplayTasksEditor (188)
[2017.02.23-02.48.55:134][832]LogModuleManager: Shutting down and abandoning module BehaviorTreeEditor (186)
[2017.02.23-02.48.55:134][832]LogModuleManager: Shutting down and abandoning module FunctionalTesting (184)
[2017.02.23-02.48.55:134][832]LogModuleManager: Shutting down and abandoning module CollisionAnalyzer (182)
[2017.02.23-02.48.55:134][832]LogModuleManager: Shutting down and abandoning module UMG (180)
[2017.02.23-02.48.55:134][832]LogModuleManager: Shutting down and abandoning module UMGEditor (179)
[2017.02.23-02.48.55:134][832]LogModuleManager: Shutting down and abandoning module Sequencer (178)
[2017.02.23-02.48.55:134][832]LogModuleManager: Shutting down and abandoning module AssetTools (176)
[2017.02.23-02.48.55:134][832]LogModuleManager: Shutting down and abandoning module MessageLog (175)
[2017.02.23-02.48.55:134][832]LogModuleManager: Shutting down and abandoning module WorkspaceMenuStructure (174)
[2017.02.23-02.48.55:134][832]LogModuleManager: Shutting down and abandoning module SlateReflector (168)
[2017.02.23-02.48.55:134][832]LogModuleManager: Shutting down and abandoning module Slate (166)
[2017.02.23-02.48.55:134][832]LogModuleManager: Shutting down and abandoning module EditorStyle (164)
[2017.02.23-02.48.55:141][832]LogModuleManager: Shutting down and abandoning module SourceCodeAccess (162)
[2017.02.23-02.48.55:141][832]LogModuleManager: Shutting down and abandoning module HeadMountedDisplay (160)
[2017.02.23-02.48.55:141][832]LogModuleManager: Shutting down and abandoning module XAudio2 (158)
[2017.02.23-02.48.55:141][832]LogModuleManager: Shutting down and abandoning module Networking (156)
[2017.02.23-02.48.55:141][832]LogModuleManager: Shutting down and abandoning module Core (152)
[2017.02.23-02.48.55:141][832]LogModuleManager: Shutting down and abandoning module AssetRegistry (150)
[2017.02.23-02.48.55:311][832]LogDirectoryWatcher: A directory notification for '../../../Engine/Content/' was aborted.
[2017.02.23-02.48.55:311][832]LogDirectoryWatcher: A directory notification for '../../../../../../Users/ihswo/Documents/Unreal Projects/MajestyClone/MajestyClone/Content/' was aborted.
[2017.02.23-02.48.55:311][832]LogDirectoryWatcher: A directory notification for '../../../Engine/Plugins/2D/Paper2D/Content/' was aborted.
[2017.02.23-02.48.55:311][832]LogModuleManager: Shutting down and abandoning module DirectoryWatcher (149)
[2017.02.23-02.48.55:312][832]LogModuleManager: Shutting down and abandoning module KismetCompiler (146)
[2017.02.23-02.48.55:312][832]LogModuleManager: Shutting down and abandoning module PhysXFormats (144)
[2017.02.23-02.48.55:312][832]LogModuleManager: Shutting down and abandoning module MeshUtilities (142)
[2017.02.23-02.48.55:312][832]LogModuleManager: Shutting down and abandoning module SimplygonSwarm (141)
[2017.02.23-02.48.55:312][832]LogModuleManager: Shutting down and abandoning module SimplygonMeshReduction (139)
[2017.02.23-02.48.55:312][832]LogModuleManager: Shutting down and abandoning module QuadricMeshReduction (137)
[2017.02.23-02.48.55:312][832]LogModuleManager: Shutting down and abandoning module PropertyEditor (135)
[2017.02.23-02.48.55:312][832]LogModuleManager: Shutting down and abandoning module DerivedDataCache (132)
[2017.02.23-02.48.55:805][832]LogDerivedDataCache: Shutdown
[2017.02.23-02.48.55:805][832]LogModuleManager: Shutting down and abandoning module TargetPlatform (130)
[2017.02.23-02.48.55:805][832]LogModuleManager: Shutting down and abandoning module VulkanShaderFormat (129)
[2017.02.23-02.48.55:805][832]LogModuleManager: Shutting down and abandoning module ShaderFormatOpenGL (127)
[2017.02.23-02.48.55:805][832]LogModuleManager: Shutting down and abandoning module ShaderFormatD3D (125)
[2017.02.23-02.48.55:805][832]LogModuleManager: Shutting down and abandoning module MetalShaderFormat (123)
[2017.02.23-02.48.55:805][832]LogModuleManager: Shutting down and abandoning module TextureFormatUncompressed (121)
[2017.02.23-02.48.55:805][832]LogModuleManager: Shutting down and abandoning module TextureFormatPVR (119)
[2017.02.23-02.48.55:805][832]LogModuleManager: Shutting down and abandoning module TextureFormatDXT (117)
[2017.02.23-02.48.55:805][832]LogModuleManager: Shutting down and abandoning module TextureFormatIntelISPCTexComp (115)
[2017.02.23-02.48.55:805][832]LogModuleManager: Shutting down and abandoning module TextureFormatASTC (113)
[2017.02.23-02.48.55:805][832]LogModuleManager: Shutting down and abandoning module ImageWrapper (112)
[2017.02.23-02.48.55:805][832]LogModuleManager: Shutting down and abandoning module TextureFormatAndroid (109)
[2017.02.23-02.48.55:805][832]LogModuleManager: Shutting down and abandoning module AudioFormatOpus (107)
[2017.02.23-02.48.55:805][832]LogModuleManager: Shutting down and abandoning module AudioFormatOgg (105)
[2017.02.23-02.48.55:805][832]LogModuleManager: Shutting down and abandoning module AudioFormatADPCM (103)
[2017.02.23-02.48.55:805][832]LogModuleManager: Shutting down and abandoning module LinuxTargetPlatform (101)
[2017.02.23-02.48.55:806][832]LogModuleManager: Shutting down and abandoning module LinuxServerTargetPlatform (99)
[2017.02.23-02.48.55:806][832]LogModuleManager: Shutting down and abandoning module LinuxNoEditorTargetPlatform (97)
[2017.02.23-02.48.55:806][832]LogModuleManager: Shutting down and abandoning module LinuxClientTargetPlatform (95)
[2017.02.23-02.48.55:806][832]LogModuleManager: Shutting down and abandoning module TVOSTargetPlatform (93)
[2017.02.23-02.48.55:806][832]LogModuleManager: Shutting down and abandoning module Messaging (91)
[2017.02.23-02.48.55:806][832]LogModuleManager: Shutting down and abandoning module IOSTargetPlatform (89)
[2017.02.23-02.48.55:806][832]LogModuleManager: Shutting down and abandoning module HTML5TargetPlatform (87)
[2017.02.23-02.48.55:806][832]LogModuleManager: Shutting down and abandoning module Android_PVRTCTargetPlatform (85)
[2017.02.23-02.48.55:806][832]LogModuleManager: Shutting down and abandoning module Android_MultiTargetPlatform (83)
[2017.02.23-02.48.55:806][832]LogModuleManager: Shutting down and abandoning module Android_ETC2TargetPlatform (81)
[2017.02.23-02.48.55:806][832]LogModuleManager: Shutting down and abandoning module Android_ETC1TargetPlatform (79)
[2017.02.23-02.48.55:806][832]LogModuleManager: Shutting down and abandoning module Android_DXTTargetPlatform (77)
[2017.02.23-02.48.55:806][832]LogModuleManager: Shutting down and abandoning module Android_ATCTargetPlatform (75)
[2017.02.23-02.48.55:806][832]LogModuleManager: Shutting down and abandoning module Android_ASTCTargetPlatform (73)
[2017.02.23-02.48.55:806][832]LogModuleManager: Shutting down and abandoning module AndroidTargetPlatform (71)
[2017.02.23-02.48.55:806][832]LogModuleManager: Shutting down and abandoning module WindowsTargetPlatform (69)
[2017.02.23-02.48.55:806][832]LogModuleManager: Shutting down and abandoning module WindowsServerTargetPlatform (67)
[2017.02.23-02.48.55:806][832]LogModuleManager: Shutting down and abandoning module WindowsNoEditorTargetPlatform (65)
[2017.02.23-02.48.55:806][832]LogModuleManager: Shutting down and abandoning module WindowsClientTargetPlatform (63)
[2017.02.23-02.48.55:806][832]LogModuleManager: Shutting down and abandoning module MacTargetPlatform (61)
[2017.02.23-02.48.55:806][832]LogModuleManager: Shutting down and abandoning module MacServerTargetPlatform (59)
[2017.02.23-02.48.55:806][832]LogModuleManager: Shutting down and abandoning module MacNoEditorTargetPlatform (57)
[2017.02.23-02.48.55:806][832]LogModuleManager: Shutting down and abandoning module MacClientTargetPlatform (55)
[2017.02.23-02.48.55:806][832]LogModuleManager: Shutting down and abandoning module AllDesktopTargetPlatform (53)
[2017.02.23-02.48.55:806][832]LogModuleManager: Shutting down and abandoning module InputCore (50)
[2017.02.23-02.48.55:806][832]LogModuleManager: Shutting down and abandoning module Settings (48)
[2017.02.23-02.48.55:806][832]LogModuleManager: Shutting down and abandoning module OculusRift (46)
[2017.02.23-02.48.55:806][832]LogModuleManager: Shutting down and abandoning module ExampleDeviceProfileSelector (44)
[2017.02.23-02.48.55:806][832]LogModuleManager: Shutting down and abandoning module OnlineBlueprintSupport (42)
[2017.02.23-02.48.55:806][832]LogModuleManager: Shutting down and abandoning module OnlineSubsystem (38)
[2017.02.23-02.48.55:807][832]LogOnline:Display: Unloading online subsystem: NULL
[2017.02.23-02.48.55:807][832]LogModuleManager: Shutting down and abandoning module XMPP (37)
[2017.02.23-02.48.55:807][832]LogModuleManager: Shutting down and abandoning module HTTP (35)
[2017.02.23-02.48.55:807][832]LogHttp:Display: Http module shutting down, but needs to wait on 1 outstanding Http requests:
[2017.02.23-02.48.55:807][832]LogHttp:Display: 	verb=[POST] url=[https://datarouter.ol.epicgames.com/datarouter/api/v1/public/data?SessionID=%7B2D865083-4754-04D4-7715-699084ACB036%7D&AppID=UEEditor.Rocket.Release&AppVersion=4.15.0-3299760%2B%2B%2BUE4%2BRelease-4.15&UserID=76198f644ffdc9b3fcaa089e32763385%7C1be27374df0246039ef5a96107636118%7Cdaa92a6d-8c7c-4c71-8eae-472cb74dec91&AppEnvironment=datacollector-binary&UploadType=eteventstream] status=Processing
[2017.02.23-02.48.55:818][832]LogModuleManager: Shutting down and abandoning module SSL (34)
[2017.02.23-02.48.55:821][832]LogModuleManager: Shutting down and abandoning module AudioEditor (30)
[2017.02.23-02.48.55:821][832]LogModuleManager: Shutting down and abandoning module TextureCompressor (28)
[2017.02.23-02.48.55:821][832]LogModuleManager: Shutting down and abandoning module ShaderCore (26)
[2017.02.23-02.48.55:821][832]LogModuleManager: Shutting down and abandoning module Landscape (24)
[2017.02.23-02.48.55:821][832]LogModuleManager: Shutting down and abandoning module SlateRHIRenderer (22)
[2017.02.23-02.48.55:823][832]LogModuleManager: Shutting down and abandoning module OpenGLDrv (20)
[2017.02.23-02.48.55:823][832]LogModuleManager: Shutting down and abandoning module D3D11RHI (18)
[2017.02.23-02.48.55:823][832]LogModuleManager: Shutting down and abandoning module AnimGraphRuntime (16)
[2017.02.23-02.48.55:823][832]LogModuleManager: Shutting down and abandoning module Renderer (14)
[2017.02.23-02.48.55:823][832]LogModuleManager: Shutting down and abandoning module Engine (12)
[2017.02.23-02.48.55:823][832]LogModuleManager: Shutting down and abandoning module CoreUObject (10)
[2017.02.23-02.48.55:823][832]LogModuleManager: Shutting down and abandoning module NetworkFile (8)
[2017.02.23-02.48.55:824][832]LogModuleManager: Shutting down and abandoning module StreamingFile (6)
[2017.02.23-02.48.55:824][832]LogModuleManager: Shutting down and abandoning module SandboxFile (4)
[2017.02.23-02.48.55:824][832]LogModuleManager: Shutting down and abandoning module PakFile (2)
[2017.02.23-02.48.55:826][832]LogExit: Exiting.
[2017.02.23-02.48.55:828][832]Log file closed, 02/22/17 20:48:55
