Log file open, 02/22/17 19:43:13
LogInit:Display: Running engine for game: MajestyClone
LogPlatformFile: Not using cached read wrapper
LogInit:Display: RandInit(284272878) SRandInit(284272878).
LogTaskGraph: Started task graph with 5 named threads and 6 total threads with 1 sets of task threads.
LogStats: Stats thread started at 0.074740
LogInit: Using libcurl 7.47.1
LogInit:  - built for x86_64-pc-win32
LogInit:  - supports SSL with OpenSSL/1.0.2g
LogInit:  - supports HTTP deflate (compression) using libz 1.2.8
LogInit:  - other features:
LogInit:      CURL_VERSION_SSL
LogInit:      CURL_VERSION_LIBZ
LogInit:      CURL_VERSION_IPV6
LogInit:      CURL_VERSION_ASYNCHDNS
LogInit:      CURL_VERSION_LARGEFILE
LogInit:      CURL_VERSION_IDN
LogInit:  CurlRequestOptions (configurable via config and command line):
LogInit:  - bVerifyPeer = false  - Libcurl will NOT verify peer certificate
LogInit:  - bUseHttpProxy = false  - Libcurl will NOT use HTTP proxy
LogInit:  - bDontReuseConnections = false  - Libcurl will reuse connections
LogInit:  - CertBundlePath = nullptr  - Libcurl will use whatever was configured at build time.
LogInit: Build: ++UE4+Release-4.15-CL-3299760
LogInit: Engine Version: 4.15.0-3299760+++UE4+Release-4.15
LogInit: Compatible Engine Version: 4.15.0-3299760+++UE4+Release-4.15
LogInit: Net CL: 3299760
LogDevObjectVersion: Number of dev versions registered: 14
LogDevObjectVersion:   Dev-Blueprints (B0D832E4-1F89-4F0D-ACCF-7EB736FD4AA2): 8
LogDevObjectVersion:   Dev-Build (E1C64328-A22C-4D53-A36C-8E866417BD8C): 0
LogDevObjectVersion:   Dev-Core (375EC13C-06E4-48FB-B500-84F0262A717E): 2
LogDevObjectVersion:   Dev-Editor (E4B068ED-F494-42E9-A231-DA0B2E46BB41): 14
LogDevObjectVersion:   Dev-Framework (CFFC743F-43B0-4480-9391-14DF171D2073): 22
LogDevObjectVersion:   Dev-Mobile (B02B49B5-BB20-44E9-A304-32B752E40360): 0
LogDevObjectVersion:   Dev-Networking (A4E4105C-59A1-49B5-A7C5-40C4547EDFEE): 0
LogDevObjectVersion:   Dev-Online (39C831C9-5AE6-47DC-9A44-9C173E1C8E7C): 0
LogDevObjectVersion:   Dev-Physics (78F01B33-EBEA-4F98-B9B4-84EACCB95AA2): 0
LogDevObjectVersion:   Dev-Platform (6631380F-2D4D-43E0-8009-CF276956A95A): 0
LogDevObjectVersion:   Dev-Rendering (12F88B9F-8875-4AFC-A67C-D90C383ABD29): 12
LogDevObjectVersion:   Dev-Sequencer (7B5AE74C-D270-4C10-A958-57980B212A5A): 3
LogDevObjectVersion:   Dev-VR (D7296918-1DD6-4BDD-9DE2-64A83CC13884): 0
LogDevObjectVersion:   Dev-LoadTimes (C2A15278-BFE7-4AFE-6C17-90FF531DF755): 1
LogInit: Compiled (64-bit): Feb 14 2017 02:04:14
LogInit: Compiled with Visual C++: 19.00.23026.00
LogInit: Build Configuration: Development
LogInit: Branch Name: ++UE4+Release-4.15
LogInit: Command line:  
LogInit: Base directory: C:/Program Files/Epic Games/UE_4.15/Engine/Binaries/Win64/
LogInit: Installed Engine Build: 1
LogInit: Presizing for max 8388607 objects, including 0 objects not considered by GC, pre-allocating 0 bytes for permanent pool.
LogInit: Object subsystem initialized
[2017.02.23-01.43.14:377][  0]LogInit: Selected Device Profile: [Windows]
[2017.02.23-01.43.14:377][  0]LogInit: Applying CVar settings loaded from the selected device profile: [Windows]
[2017.02.23-01.43.14:415][  0]LogInit: Computer: ISAIAH-PC
[2017.02.23-01.43.14:415][  0]LogInit: User: Isaiah
[2017.02.23-01.43.14:415][  0]LogInit: CPU Page size=65536, Cores=2
[2017.02.23-01.43.14:415][  0]LogInit: High frequency timer resolution =3.020503 MHz
[2017.02.23-01.43.14:415][  0]LogMemory: Memory total: Physical=8.0GB (8GB approx)
[2017.02.23-01.43.14:415][  0]LogMemory: Platform Memory Stats for Windows
[2017.02.23-01.43.14:415][  0]LogMemory: Process Physical Memory: 262.20 MB used, 262.20 MB peak
[2017.02.23-01.43.14:415][  0]LogMemory: Process Virtual Memory: 262.25 MB used, 262.25 MB peak
[2017.02.23-01.43.14:415][  0]LogMemory: Physical Memory: 3283.36 MB used,  4873.80 MB free, 8157.16 MB total
[2017.02.23-01.43.14:415][  0]LogMemory: Virtual Memory: 627.92 MB used,  4873.80 MB free, 134217728.00 MB total
[2017.02.23-01.43.14:617][  0]LogTextLocalizationManager: No specific translations for ('en-US') exist, so ('en') translations will be used.
[2017.02.23-01.43.17:634][  0]LogD3D11RHI: D3D11 adapters:
[2017.02.23-01.43.17:685][  0]LogD3D11RHI:    0. 'NVIDIA GeForce GTX 760' (Feature Level 11_0)
[2017.02.23-01.43.17:685][  0]LogD3D11RHI:       2017/0/4078 MB DedicatedVideo/DedicatedSystem/SharedSystem, Outputs:2, VendorId:0x10de
[2017.02.23-01.43.17:687][  0]LogD3D11RHI:    1. 'Microsoft Basic Render Driver' (Feature Level 11_0)
[2017.02.23-01.43.17:687][  0]LogD3D11RHI:       0/0/4078 MB DedicatedVideo/DedicatedSystem/SharedSystem, Outputs:0, VendorId:0x1414
[2017.02.23-01.43.17:687][  0]LogD3D11RHI: Chosen D3D11 Adapter: 0
[2017.02.23-01.43.17:693][  0]LogD3D11RHI: Creating new Direct3DDevice
[2017.02.23-01.43.17:693][  0]LogD3D11RHI:     GPU DeviceId: 0x1187 (for the marketing name, search the web for "GPU Device Id")
[2017.02.23-01.43.17:693][  0]LogWindows: EnumDisplayDevices:
[2017.02.23-01.43.17:693][  0]LogWindows:    0. 'NVIDIA GeForce GTX 760' (P:1 D:1)
[2017.02.23-01.43.17:694][  0]LogWindows:    1. 'NVIDIA GeForce GTX 760' (P:0 D:1)
[2017.02.23-01.43.17:694][  0]LogWindows:    2. 'NVIDIA GeForce GTX 760' (P:0 D:0)
[2017.02.23-01.43.17:694][  0]LogWindows:    3. 'NVIDIA GeForce GTX 760' (P:0 D:0)
[2017.02.23-01.43.17:695][  0]LogWindows: DebugString: FoundDriverCount:4 
[2017.02.23-01.43.17:695][  0]LogD3D11RHI:     Adapter Name: NVIDIA GeForce GTX 760
[2017.02.23-01.43.17:695][  0]LogD3D11RHI:   Driver Version: 376.53 (internal:21.21.13.7653, unified:376.53)
[2017.02.23-01.43.17:695][  0]LogD3D11RHI:      Driver Date: 12-29-2016
[2017.02.23-01.43.17:695][  0]LogRHI: Texture pool is 1361 MB (70% of 1945 MB)
[2017.02.23-01.43.17:714][  0]LogD3D11RHI:Warning: Timestamp queries are currently disabled on this hardware due to instability. Realtime GPU stats will not be available. You can override this behaviour by setting r.NVIDIATimestampWorkaround to 0
[2017.02.23-01.43.17:715][  0]LogD3D11RHI: Async texture creation enabled
[2017.02.23-01.43.17:735][  0]LogD3D11RHI: GPU Timing Frequency: 1000.000000 (Debug: 2 2)
[2017.02.23-01.43.17:834][  0]LogShaderCompilers: Guid format shader working directory is -36 characters bigger than the processId version (../../../../../../Users/ihswo/Documents/Unreal Projects/MajestyClone/MajestyClone/Intermediate/Shaders/WorkingDirectory/10100/).
[2017.02.23-01.43.17:835][  0]LogShaderCompilers: Cleaned the shader compiler working directory 'C:/Users/ihswo/AppData/Local/Temp/UnrealShaderWorkingDir/C49F5F55411A78EE5B6CB28E676BA532/'.
[2017.02.23-01.43.17:835][  0]LogShaderCompilers:Display: Using Local Shader Compiler.
[2017.02.23-01.43.20:720][  0]LogTemp:Display: Loaded TP AllDesktopTargetPlatform
[2017.02.23-01.43.20:819][  0]LogTemp:Display: Loaded TP MacClientTargetPlatform
[2017.02.23-01.43.20:917][  0]LogTemp:Display: Loaded TP MacNoEditorTargetPlatform
[2017.02.23-01.43.21:015][  0]LogTemp:Display: Loaded TP MacServerTargetPlatform
[2017.02.23-01.43.21:114][  0]LogTemp:Display: Loaded TP MacTargetPlatform
[2017.02.23-01.43.21:215][  0]LogTemp:Display: Loaded TP WindowsClientTargetPlatform
[2017.02.23-01.43.21:314][  0]LogTemp:Display: Loaded TP WindowsNoEditorTargetPlatform
[2017.02.23-01.43.21:413][  0]LogTemp:Display: Loaded TP WindowsServerTargetPlatform
[2017.02.23-01.43.21:498][  0]LogTemp:Display: Loaded TP WindowsTargetPlatform
[2017.02.23-01.43.21:595][  0]LogTemp:Display: Loaded TP AndroidTargetPlatform
[2017.02.23-01.43.21:690][  0]LogTemp:Display: Loaded TP Android_ASTCTargetPlatform
[2017.02.23-01.43.21:786][  0]LogTemp:Display: Loaded TP Android_ATCTargetPlatform
[2017.02.23-01.43.21:881][  0]LogTemp:Display: Loaded TP Android_DXTTargetPlatform
[2017.02.23-01.43.21:978][  0]LogTemp:Display: Loaded TP Android_ETC1TargetPlatform
[2017.02.23-01.43.22:077][  0]LogTemp:Display: Loaded TP Android_ETC2TargetPlatform
[2017.02.23-01.43.22:280][  0]LogTemp:Display: Loaded TP Android_MultiTargetPlatform
[2017.02.23-01.43.22:280][  0]LogTemp:Display: Loaded TP Android_PVRTCTargetPlatform
[2017.02.23-01.43.22:356][  0]LogTemp:Display: Loaded TP HTML5TargetPlatform
[2017.02.23-01.43.22:515][  0]LogTemp:Display: Loaded TP IOSTargetPlatform
[2017.02.23-01.43.22:573][  0]LogTemp:Display: Loaded TP TVOSTargetPlatform
[2017.02.23-01.43.22:671][  0]LogTemp:Display: Loaded TP LinuxClientTargetPlatform
[2017.02.23-01.43.22:768][  0]LogTemp:Display: Loaded TP LinuxNoEditorTargetPlatform
[2017.02.23-01.43.22:865][  0]LogTemp:Display: Loaded TP LinuxServerTargetPlatform
[2017.02.23-01.43.22:959][  0]LogTemp:Display: Loaded TP LinuxTargetPlatform
[2017.02.23-01.43.22:959][  0]LogTargetPlatformManager:Display: Building Assets For Windows
[2017.02.23-01.43.23:737][  0]LogDerivedDataCache:Display: Max Cache Size: 512 MB
[2017.02.23-01.43.23:825][  0]LogDerivedDataCache: Loaded boot cache 0.09s 50MB C:/Users/ihswo/AppData/Local/UnrealEngine/4.15/DerivedDataCache/Boot.ddc.
[2017.02.23-01.43.23:825][  0]LogDerivedDataCache:Display: Loaded Boot cache: C:/Users/ihswo/AppData/Local/UnrealEngine/4.15/DerivedDataCache/Boot.ddc
[2017.02.23-01.43.23:826][  0]LogDerivedDataCache: FDerivedDataBackendGraph:  Pak pak cache file ../../../../../../Users/ihswo/Documents/Unreal Projects/MajestyClone/MajestyClone/DerivedDataCache/DDC.ddp not found, will not use a pak cache.
[2017.02.23-01.43.23:826][  0]LogDerivedDataCache: Unable to find inner node Pak for hierarchical cache Hierarchy.
[2017.02.23-01.43.23:826][  0]LogDerivedDataCache: FDerivedDataBackendGraph:  CompressedPak pak cache file ../../../../../../Users/ihswo/Documents/Unreal Projects/MajestyClone/MajestyClone/DerivedDataCache/Compressed.ddp not found, will not use a pak cache.
[2017.02.23-01.43.23:826][  0]LogDerivedDataCache: Unable to find inner node CompressedPak for hierarchical cache Hierarchy.
[2017.02.23-01.43.23:849][  0]LogDerivedDataCache:Display: Pak cache opened for reading ../../../Engine/DerivedDataCache/Compressed.ddp.
[2017.02.23-01.43.23:862][  0]LogDerivedDataCache: Using Local data cache path C:/Users/ihswo/AppData/Local/UnrealEngine/Common/DerivedDataCache: Writable
[2017.02.23-01.43.23:874][  0]LogSlate: Using Freetype 2.6.0
[2017.02.23-01.43.23:875][  0]LogSlate: SlateFontCache - WITH_FREETYPE: 1, WITH_HARFBUZZ: 1
[2017.02.23-01.43.23:875][  0]LogSlate: SlateFontCache - WITH_FREETYPE: 1, WITH_HARFBUZZ: 1
[2017.02.23-01.43.24:294][  0]LogInit: Selected Device Profile: [Windows]
[2017.02.23-01.43.24:298][  0]LogContentStreaming: Texture pool size is 0.00 MB
[2017.02.23-01.43.24:646][  0]LogMeshUtilities: Using QuadricMeshReduction for automatic static mesh reduction
[2017.02.23-01.43.24:731][  0]LogSimplygon: Simplygon DLL not present - disabling.
[2017.02.23-01.43.24:826][  0]LogMeshUtilities: Using SimplygonSwarm for distributed automatic mesh merging
[2017.02.23-01.43.24:826][  0]LogMeshUtilities: No automatic skeletal mesh reduction module available
[2017.02.23-01.43.24:826][  0]LogMeshUtilities: No automatic mesh merging module available
[2017.02.23-01.43.25:765][  0]LogNetVersion: GetLocalNetworkVersion: CL: 3299760, ProjectName: majestyclone, ProjectVersion: , EngineNetworkVersion: 2, GameNetworkVersion: 0, NetworkChecksum: 2964505564
[2017.02.23-01.43.25:831][  0]LogAssetRegistry: FAssetRegistry took 0.0218 seconds to start up
[2017.02.23-01.43.25:929][  0]LogPackageLocalizationCache: Processed 3 localized package path(s) for 2 prioritized culture(s) in 0.047341 seconds
[2017.02.23-01.43.25:940][  0]LogUObjectArray: 32475 objects as part of root set at end of initial load.
[2017.02.23-01.43.25:940][  0]LogUObjectAllocator: 7073368 out of 0 bytes used by permanent object pool.
[2017.02.23-01.43.25:940][  0]LogUObjectArray: CloseDisregardForGC: 0/0 objects in disregard for GC pool
[2017.02.23-01.43.26:091][  0]LogInit: WinSock: version 1.1 (2.2), MaxSocks=32767, MaxUdp=65467
[2017.02.23-01.43.29:127][  0]LogTcpMessaging: Initializing TcpMessaging bridge
[2017.02.23-01.43.29:199][  0]LogUdpMessaging: Initializing bridge on interface 0.0.0.0:0 to multicast group 230.0.0.1:6666.
[2017.02.23-01.43.30:067][  0]LogMaterial: Uniform references updated for custom material expression Custom.
[2017.02.23-01.43.30:805][  0]SourceControl: Info Source control is disabled
[2017.02.23-01.43.33:405][  0]LogEngine: Initializing Engine...
[2017.02.23-01.43.33:405][  0]LogHMD: Failed to initialize OpenVR with code 110
[2017.02.23-01.43.33:800][  0]LogAIModule: Creating AISystem for world Untitled
[2017.02.23-01.43.33:839][  0]LogInit: XAudio2 using 'Speakers (Logitech USB Headset)' : 2 channels at 44.1 kHz using 16 bits per sample (channel mask 0x3)
[2017.02.23-01.43.33:868][  0]LogInit: FAudioDevice initialized.
[2017.02.23-01.43.33:908][  0]LogDerivedDataCache: Saved boot cache 0.04s 50MB C:/Users/ihswo/AppData/Local/UnrealEngine/4.15/DerivedDataCache/Boot.ddc.
[2017.02.23-01.43.33:922][  0]LogInit: Texture streaming: Enabled
[2017.02.23-01.43.34:096][  0]LogEngineSessionManager: EngineSessionManager initialized
[2017.02.23-01.43.34:271][  0]LogInit: Transaction tracking system initialized
[2017.02.23-01.43.34:972][  0]BlueprintLog: New page: Editor Load
[2017.02.23-01.43.36:668][  0]LocalizationService: Info Localization service is disabled
[2017.02.23-01.43.38:004][  0]LogConsoleResponse:Display: 
[2017.02.23-01.43.38:243][  0]LogCook:Display: Max memory allowance for cook 16384mb min free memory 0mb
[2017.02.23-01.43.38:243][  0]LogCook:Display: Mobile HDR setting 1
[2017.02.23-01.43.39:078][  0]LogFileCache: Scanning file cache for directory 'C:/Users/ihswo/Documents/Unreal Projects/MajestyClone/MajestyClone/Content/' took 0.02s
[2017.02.23-01.43.40:321][  0]Cmd: MAP LOAD FILE="../../../../../../Users/ihswo/Documents/Unreal Projects/MajestyClone/MajestyClone/Content/StarterContent/Maps/Minimal_Default.umap" TEMPLATE=0 SHOWPROGRESS=1 FEATURELEVEL=3
[2017.02.23-01.43.40:321][  0]LightingResults: New page: Lighting Build
[2017.02.23-01.43.40:401][  0]MapCheck: New page: Map Check
[2017.02.23-01.43.40:401][  0]LightingResults: New page: Lighting Build
[2017.02.23-01.43.40:749][  0]LogAIModule: Creating AISystem for world Minimal_Default
[2017.02.23-01.43.40:760][  0]LogEditorServer: Finished looking for orphan Actors (0.000 secs)
[2017.02.23-01.43.40:761][  0]Cmd: MAP CHECKDEP NOCLEARLOG
[2017.02.23-01.43.40:867][  0]MapCheck: Info Map check complete: 0 Error(s), 0 Warning(s), took 106.705ms to complete.
[2017.02.23-01.43.40:867][  0]LogFileHelpers: Loading map 'Minimal_Default' took 0.547
[2017.02.23-01.43.41:104][  0]LogCollectionManager: Loaded 0 collections in 0.003034 seconds
[2017.02.23-01.43.41:231][  0]LogFileCache: Scanning file cache for directory 'C:/Users/ihswo/Documents/Unreal Projects/MajestyClone/MajestyClone/Saved/Collections/' took 0.01s
[2017.02.23-01.43.41:231][  0]LogFileCache: Scanning file cache for directory 'C:/Users/ihswo/Documents/Unreal Projects/MajestyClone/MajestyClone/Content/Developers/Isaiah/Collections/' took 0.01s
[2017.02.23-01.43.41:231][  0]LogFileCache: Scanning file cache for directory 'C:/Users/ihswo/Documents/Unreal Projects/MajestyClone/MajestyClone/Content/Collections/' took 0.01s
[2017.02.23-01.43.41:231][  0]LogCollectionManager: Rebuilt the GUID cache for 0 collections in 0.000002 seconds
[2017.02.23-01.43.41:244][  0]LogContentBrowser: Native class hierarchy populated in 0.0117 seconds. Added 2244 classes and 450 folders.
[2017.02.23-01.43.41:247][  0]LogStats: UGameplayTagsManager::ConstructGameplayTagTree: Construct from data asset -  0.000 s
[2017.02.23-01.43.41:247][  0]LogStats: UGameplayTagsManager::ConstructGameplayTagTree: GameplayTagTreeChangedEvent.Broadcast -  0.000 s
[2017.02.23-01.43.41:368][  0]LogContentBrowser: Native class hierarchy updated for 'WidgetCarousel' in 0.0006 seconds. Added 0 classes and 0 folders.
[2017.02.23-01.43.41:454][  0]LogContentBrowser: Native class hierarchy updated for 'AddContentDialog' in 0.0008 seconds. Added 0 classes and 0 folders.
[2017.02.23-01.43.41:535][  0]LogContentBrowser: Native class hierarchy updated for 'SceneOutliner' in 0.0008 seconds. Added 1 classes and 2 folders.
[2017.02.23-01.43.41:611][  0]LogCrashTracker: Crashtracker disabled due to settings.
[2017.02.23-01.43.41:621][  0]LogUObjectGlobals:Warning: Failed to find object 'Class None.'
[2017.02.23-01.43.41:735][  0]LogContentBrowser: Native class hierarchy updated for 'HierarchicalLODOutliner' in 0.0007 seconds. Added 1 classes and 2 folders.
[2017.02.23-01.43.41:735][  0]LogLoad: (Engine Initialization) Total time: 30.58 seconds
[2017.02.23-01.43.41:735][  0]LogLoad: (Engine Initialization) Total Blueprint compile time: 0.15 seconds
[2017.02.23-01.43.41:735][  0]LogExternalProfiler: No external profilers were discovered.  External profiling features will not be available.
[2017.02.23-01.43.42:075][  0]LogOcInput: OculusInput pre-init called
[2017.02.23-01.43.42:098][  0]LogContentStreaming: Texture pool size now 1000 MB
[2017.02.23-01.43.42:099][  0]LogSlate: Took 0.000418 seconds to synchronously load lazily loaded font '../../../Engine/Content/Slate/Fonts/Roboto-Regular.ttf' (155K)
[2017.02.23-01.43.42:107][  0]LogSlate: Took 0.000541 seconds to synchronously load lazily loaded font '../../../Engine/Content/Slate/Fonts/Roboto-Bold.ttf' (160K)
[2017.02.23-01.43.42:117][  0]LogSlate: Took 0.000741 seconds to synchronously load lazily loaded font '../../../Engine/Content/Editor/Slate/Fonts/FontAwesome.ttf' (139K)
[2017.02.23-01.43.42:221][  0]LogSlate: Took 0.000544 seconds to synchronously load lazily loaded font '../../../Engine/Content/Slate/Fonts/Roboto-Light.ttf' (159K)
[2017.02.23-01.43.42:309][  0]LogRenderer: Reallocating scene render targets to support 1004x456 NumSamples 1 (Frame:2).
[2017.02.23-01.43.43:079][  3]LogAssetRegistry: Asset discovery search completed in 17.2694 seconds
[2017.02.23-01.43.43:079][  3]LogCollectionManager: Rebuilt the object cache for 0 collections in 0.000008 seconds (found 0 objects)
[2017.02.23-01.43.43:079][  3]LogCollectionManager: Fixed up redirectors for 0 collections in 0.000029 seconds (updated 0 objects)
[2017.02.23-01.43.55:559][629]SourceControl:Error: Error Failed to enable Git source control. You need to initialize the project as a Git repository first.
[2017.02.23-01.44.43:214][182]LogEditorViewport: Clicking on Actor (LMB): BP_Sky_Sphere_C (BP_Sky_Sphere)
[2017.02.23-01.44.46:669][485]SourceControl: Info Source control is disabled
[2017.02.23-01.45.29:028][379]LogSlate: Took 0.000292 seconds to synchronously load lazily loaded font '../../../Engine/Content/Slate/Fonts/Roboto-Light.ttf' (159K)
[2017.02.23-01.45.29:286][379]LogSavePackage: Save=175.37ms
[2017.02.23-01.45.29:286][379]LogSavePackage: Moving '../../../../../../Users/ihswo/Documents/Unreal Projects/MajestyClone/MajestyClone/Saved/Minimal_DefaultFF80EF484BFC295A2D6E4AA409CFA12E.tmp' to '../../../../../../Users/ihswo/Documents/Unreal Projects/MajestyClone/MajestyClone/Content/StarterContent/Maps/Minimal_Default.umap'
[2017.02.23-01.45.29:293][379]LogSavePackage:Display: Finished SavePackage ../../../../../../Users/ihswo/Documents/Unreal Projects/MajestyClone/MajestyClone/Content/StarterContent/Maps/Minimal_Default.umap
[2017.02.23-01.45.29:508][379]LogSavePackage: Save=114.68ms
[2017.02.23-01.45.29:508][379]LogSavePackage: Moving '../../../../../../Users/ihswo/Documents/Unreal Projects/MajestyClone/MajestyClone/Saved/Minimal_Default_BuiltDataDDB3670B4381558F45861285366DBE2F.tmp' to '../../../../../../Users/ihswo/Documents/Unreal Projects/MajestyClone/MajestyClone/Content/StarterContent/Maps/Minimal_Default_BuiltData.uasset'
[2017.02.23-01.45.29:511][379]LogSavePackage:Display: Finished SavePackage ../../../../../../Users/ihswo/Documents/Unreal Projects/MajestyClone/MajestyClone/Content/StarterContent/Maps/Minimal_Default_BuiltData.uasset
[2017.02.23-01.45.49:756][850]LogSourceControl:Error: P4ERROR: Invalid connection to server.
[2017.02.23-01.45.49:756][850]LogSourceControl:Error: Connect to server failed; check $P4PORT.
TCP connect to perforce:1666 failed.
No such host is known. 

[2017.02.23-01.45.55:278][356]LogSlate: Took 0.000414 seconds to synchronously load lazily loaded font '../../../Engine/Content/Editor/Slate/Fonts/Roboto-Italic.ttf' (157K)
[2017.02.23-01.46.16:119][727]SourceControl: Info On branch Isaiah's-Branch
[2017.02.23-01.46.16:119][727]SourceControl: Info Changes not staged for commit:
[2017.02.23-01.46.16:119][727]SourceControl: Info   (use "git add <file>..." to update what will be committed)
[2017.02.23-01.46.16:119][727]SourceControl: Info   (use "git checkout -- <file>..." to discard changes in working directory)
[2017.02.23-01.46.16:119][727]SourceControl: Info 	modified:   MajestyClone/Content/StarterContent/Maps/Minimal_Default.umap
[2017.02.23-01.46.16:119][727]SourceControl: Info 	modified:   MajestyClone/Content/StarterContent/Maps/Minimal_Default_BuiltData.uasset
[2017.02.23-01.46.16:119][727]SourceControl: Info 	modified:   MajestyClone/Intermediate/CachedAssetRegistry.bin
[2017.02.23-01.46.16:119][727]SourceControl: Info 	modified:   MajestyClone/Saved/Autosaves/PackageRestoreData.json
[2017.02.23-01.46.16:119][727]SourceControl: Info 	modified:   MajestyClone/Saved/Config/Windows/EditorPerProjectUserSettings.ini
[2017.02.23-01.46.16:119][727]SourceControl: Info 	modified:   MajestyClone/Saved/Config/Windows/Engine.ini
[2017.02.23-01.46.16:119][727]SourceControl: Info 	modified:   MajestyClone/Saved/Logs/MajestyClone.log
[2017.02.23-01.46.16:119][727]SourceControl: Info Untracked files:
[2017.02.23-01.46.16:119][727]SourceControl: Info   (use "git add <file>..." to include in what will be committed)
[2017.02.23-01.46.16:119][727]SourceControl: Info 	MajestyClone/Saved/Logs/MajestyClone-backup-2017.02.22-19.43.13.log
[2017.02.23-01.46.16:119][727]SourceControl: Info 	MajestyClone/Saved/Logs/UE4CC-Windows-8ADA29CD4BDC2858D9D701893E25470D/
[2017.02.23-01.46.16:119][727]SourceControl: Info no changes added to commit (use "git add" and/or "git commit -a")
[2017.02.23-01.46.22:505][973]LogSavePackage: Save=107.20ms
[2017.02.23-01.46.22:505][973]LogSavePackage: Moving '../../../../../../Users/ihswo/Documents/Unreal Projects/MajestyClone/MajestyClone/Saved/Minimal_Default986B53CF42AA83BBB7CAA08FCE831199.tmp' to '../../../../../../Users/ihswo/Documents/Unreal Projects/MajestyClone/MajestyClone/Content/StarterContent/Maps/Minimal_Default.umap'
[2017.02.23-01.46.22:508][973]LogSavePackage:Display: Finished SavePackage ../../../../../../Users/ihswo/Documents/Unreal Projects/MajestyClone/MajestyClone/Content/StarterContent/Maps/Minimal_Default.umap
[2017.02.23-01.46.22:814][973]LogSavePackage: Save=83.67ms
[2017.02.23-01.46.22:814][973]LogSavePackage: Moving '../../../../../../Users/ihswo/Documents/Unreal Projects/MajestyClone/MajestyClone/Saved/Minimal_Default_BuiltDataAE65A8F04577D6A1D70A90831E28148E.tmp' to '../../../../../../Users/ihswo/Documents/Unreal Projects/MajestyClone/MajestyClone/Content/StarterContent/Maps/Minimal_Default_BuiltData.uasset'
[2017.02.23-01.46.22:817][973]LogSavePackage:Display: Finished SavePackage ../../../../../../Users/ihswo/Documents/Unreal Projects/MajestyClone/MajestyClone/Content/StarterContent/Maps/Minimal_Default_BuiltData.uasset
[2017.02.23-01.46.25:254][199]LogEditorViewport: Clicking on Actor (LMB): Actor (Actor)
[2017.02.23-01.46.26:505][314]Cmd: DELETE
[2017.02.23-01.46.26:505][314]Cmd: ACTOR DELETE
[2017.02.23-01.46.26:625][314]LogEditorActor: Deleted Actor: Actor
[2017.02.23-01.46.26:659][314]LogEditorActor: Deleted 1 Actors (0.035 secs)
[2017.02.23-01.46.47:567][490]LogSavePackage: Save=86.89ms
[2017.02.23-01.46.47:567][490]LogSavePackage: Moving '../../../../../../Users/ihswo/Documents/Unreal Projects/MajestyClone/MajestyClone/Saved/Minimal_Default00A66C9A4F4DFA44E756E2A0EBC10B3F.tmp' to '../../../../../../Users/ihswo/Documents/Unreal Projects/MajestyClone/MajestyClone/Content/StarterContent/Maps/Minimal_Default.umap'
[2017.02.23-01.46.47:574][490]LogSavePackage:Display: Finished SavePackage ../../../../../../Users/ihswo/Documents/Unreal Projects/MajestyClone/MajestyClone/Content/StarterContent/Maps/Minimal_Default.umap
[2017.02.23-01.46.47:839][490]LogSavePackage: Save=75.10ms
[2017.02.23-01.46.47:839][490]LogSavePackage: Moving '../../../../../../Users/ihswo/Documents/Unreal Projects/MajestyClone/MajestyClone/Saved/Minimal_Default_BuiltData2713FB9B4E93F67EC6C9F4A7199674E1.tmp' to '../../../../../../Users/ihswo/Documents/Unreal Projects/MajestyClone/MajestyClone/Content/StarterContent/Maps/Minimal_Default_BuiltData.uasset'
[2017.02.23-01.46.47:843][490]LogSavePackage:Display: Finished SavePackage ../../../../../../Users/ihswo/Documents/Unreal Projects/MajestyClone/MajestyClone/Content/StarterContent/Maps/Minimal_Default_BuiltData.uasset
[2017.02.23-01.46.51:812][885]SourceControl: Info fatal: C:/Program Files/Epic Games/UE_4.15/Engine/Content/: 'C:/Program Files/Epic Games/UE_4.15/Engine/Content/' is outside repository
[2017.02.23-01.46.52:028][885]LogPackageName:Error: Illegal call to DoesPackageExist: '../../../../../../Users/ihswo/Documents/Unreal Projects/MajestyClone/MajestyClone/MajestyClone.uproject' is not a standard unreal filename or a long path name. Reason: Path should be no less than 4 characters long.
[2017.02.23-01.46.52:374][885]LogStats: FPlatformStackWalk::StackWalkAndDump -  0.346 s
[2017.02.23-01.46.52:375][885]LogOutputDevice:Error: === Handled ensure: ===
[2017.02.23-01.46.52:375][885]LogOutputDevice:Error: 
[2017.02.23-01.46.52:375][885]LogOutputDevice:Error: Ensure condition failed: false [File:D:\Build\++UE4+Release-4.15+Compile\Sync\Engine\Source\Runtime\CoreUObject\Private\Misc\PackageName.cpp] [Line: 650]
[2017.02.23-01.46.52:375][885]LogOutputDevice:Error: Illegal call to DoesPackageExist: '../../../../../../Users/ihswo/Documents/Unreal Projects/MajestyClone/MajestyClone/MajestyClone.uproject' is not a standard unreal filename or a long path name. Reason: Path should be no less than 4 characters long.
[2017.02.23-01.46.52:375][885]LogOutputDevice:Error: Stack: 
[2017.02.23-01.46.52:375][885]LogOutputDevice:Error: UE4Editor-Core.dll!0x00000000D86795D6
[2017.02.23-01.46.52:375][885]LogOutputDevice:Error: UE4Editor-Core.dll!0x00000000D8429B72
[2017.02.23-01.46.52:375][885]LogOutputDevice:Error: UE4Editor-Core.dll!0x00000000D843B656
[2017.02.23-01.46.52:375][885]LogOutputDevice:Error: UE4Editor-CoreUObject.dll!0x00000000D7E0A6B8
[2017.02.23-01.46.52:375][885]LogOutputDevice:Error: UE4Editor-SourceControl.dll!0x00000000DAB73D22
[2017.02.23-01.46.52:375][885]LogOutputDevice:Error: UE4Editor-SourceControl.dll!0x00000000DAB73EB9
[2017.02.23-01.46.52:375][885]LogOutputDevice:Error: UE4Editor-SourceControlWindows.dll!0x00000000C4891D2E
[2017.02.23-01.46.52:375][885]LogOutputDevice:Error: UE4Editor-SourceControlWindows.dll!0x00000000C484B4B5
[2017.02.23-01.46.52:375][885]LogOutputDevice:Error: UE4Editor-SourceControlWindows.dll!0x00000000C484AA8D
[2017.02.23-01.46.52:375][885]LogOutputDevice:Error: UE4Editor-SourceControlWindows.dll!0x00000000C485F274
[2017.02.23-01.46.52:375][885]LogOutputDevice:Error: UE4Editor-GitSourceControl.dll!0x00000000BDF4B851
[2017.02.23-01.46.52:375][885]LogOutputDevice:Error: UE4Editor-GitSourceControl.dll!0x00000000BDF5D1ED
[2017.02.23-01.46.52:375][885]LogOutputDevice:Error: UE4Editor-SourceControl.dll!0x00000000DAB79C5C
[2017.02.23-01.46.52:375][885]LogOutputDevice:Error: UE4Editor-UnrealEd.dll!0x00000000D3FE7517
[2017.02.23-01.46.52:375][885]LogOutputDevice:Error: UE4Editor-UnrealEd.dll!0x00000000D47F1AD6
[2017.02.23-01.46.52:375][885]LogOutputDevice:Error: UE4Editor.exe!0x000000007907DEE3
[2017.02.23-01.46.52:375][885]LogOutputDevice:Error: UE4Editor.exe!0x000000007906EB40
[2017.02.23-01.46.52:375][885]LogOutputDevice:Error: UE4Editor.exe!0x000000007906EBBA
[2017.02.23-01.46.52:375][885]LogOutputDevice:Error: UE4Editor.exe!0x0000000079080A29
[2017.02.23-01.46.52:375][885]LogOutputDevice:Error: UE4Editor.exe!0x00000000790822B6
[2017.02.23-01.46.52:375][885]LogOutputDevice:Error: KERNEL32.DLL!0x0000000001808364
[2017.02.23-01.46.52:375][885]LogOutputDevice:Error: ntdll.dll!0x0000000003F570D1
[2017.02.23-01.46.52:375][885]LogOutputDevice:Error: 
[2017.02.23-01.46.52:381][885]LogStats:                SubmitErrorReport -  0.000 s
