Log file open, 02/22/17 21:11:11
LogInit:Display: Running engine for game: MajestyClone
LogPlatformFile: Not using cached read wrapper
LogInit:Display: RandInit(-952787673) SRandInit(-952787673).
LogTaskGraph: Started task graph with 5 named threads and 6 total threads with 1 sets of task threads.
LogStats: Stats thread started at 0.088053
LogInit: Using libcurl 7.47.1
LogInit:  - built for x86_64-pc-win32
LogInit:  - supports SSL with OpenSSL/1.0.2g
LogInit:  - supports HTTP deflate (compression) using libz 1.2.8
LogInit:  - other features:
LogInit:      CURL_VERSION_SSL
LogInit:      CURL_VERSION_LIBZ
LogInit:      CURL_VERSION_IPV6
LogInit:      CURL_VERSION_ASYNCHDNS
LogInit:      CURL_VERSION_LARGEFILE
LogInit:      CURL_VERSION_IDN
LogInit:  CurlRequestOptions (configurable via config and command line):
LogInit:  - bVerifyPeer = false  - Libcurl will NOT verify peer certificate
LogInit:  - bUseHttpProxy = false  - Libcurl will NOT use HTTP proxy
LogInit:  - bDontReuseConnections = false  - Libcurl will reuse connections
LogInit:  - CertBundlePath = nullptr  - Libcurl will use whatever was configured at build time.
LogInit: Build: ++UE4+Release-4.15-CL-3299760
LogInit: Engine Version: 4.15.0-3299760+++UE4+Release-4.15
LogInit: Compatible Engine Version: 4.15.0-3299760+++UE4+Release-4.15
LogInit: Net CL: 3299760
LogDevObjectVersion: Number of dev versions registered: 14
LogDevObjectVersion:   Dev-Blueprints (B0D832E4-1F89-4F0D-ACCF-7EB736FD4AA2): 8
LogDevObjectVersion:   Dev-Build (E1C64328-A22C-4D53-A36C-8E866417BD8C): 0
LogDevObjectVersion:   Dev-Core (375EC13C-06E4-48FB-B500-84F0262A717E): 2
LogDevObjectVersion:   Dev-Editor (E4B068ED-F494-42E9-A231-DA0B2E46BB41): 14
LogDevObjectVersion:   Dev-Framework (CFFC743F-43B0-4480-9391-14DF171D2073): 22
LogDevObjectVersion:   Dev-Mobile (B02B49B5-BB20-44E9-A304-32B752E40360): 0
LogDevObjectVersion:   Dev-Networking (A4E4105C-59A1-49B5-A7C5-40C4547EDFEE): 0
LogDevObjectVersion:   Dev-Online (39C831C9-5AE6-47DC-9A44-9C173E1C8E7C): 0
LogDevObjectVersion:   Dev-Physics (78F01B33-EBEA-4F98-B9B4-84EACCB95AA2): 0
LogDevObjectVersion:   Dev-Platform (6631380F-2D4D-43E0-8009-CF276956A95A): 0
LogDevObjectVersion:   Dev-Rendering (12F88B9F-8875-4AFC-A67C-D90C383ABD29): 12
LogDevObjectVersion:   Dev-Sequencer (7B5AE74C-D270-4C10-A958-57980B212A5A): 3
LogDevObjectVersion:   Dev-VR (D7296918-1DD6-4BDD-9DE2-64A83CC13884): 0
LogDevObjectVersion:   Dev-LoadTimes (C2A15278-BFE7-4AFE-6C17-90FF531DF755): 1
LogInit: Compiled (64-bit): Feb 14 2017 02:04:14
LogInit: Compiled with Visual C++: 19.00.23026.00
LogInit: Build Configuration: Development
LogInit: Branch Name: ++UE4+Release-4.15
LogInit: Command line:  
LogInit: Base directory: C:/Program Files/Epic Games/UE_4.15/Engine/Binaries/Win64/
LogInit: Installed Engine Build: 1
LogInit: Presizing for max 8388607 objects, including 0 objects not considered by GC, pre-allocating 0 bytes for permanent pool.
LogInit: Object subsystem initialized
[2017.02.23-03.11.12:225][  0]LogInit: Selected Device Profile: [Windows]
[2017.02.23-03.11.12:225][  0]LogInit: Applying CVar settings loaded from the selected device profile: [Windows]
[2017.02.23-03.11.12:238][  0]LogInit: Computer: ISAIAH-PC
[2017.02.23-03.11.12:238][  0]LogInit: User: Isaiah
[2017.02.23-03.11.12:238][  0]LogInit: CPU Page size=65536, Cores=2
[2017.02.23-03.11.12:238][  0]LogInit: High frequency timer resolution =3.020503 MHz
[2017.02.23-03.11.12:238][  0]LogMemory: Memory total: Physical=8.0GB (8GB approx)
[2017.02.23-03.11.12:238][  0]LogMemory: Platform Memory Stats for Windows
[2017.02.23-03.11.12:238][  0]LogMemory: Process Physical Memory: 262.26 MB used, 262.26 MB peak
[2017.02.23-03.11.12:238][  0]LogMemory: Process Virtual Memory: 262.25 MB used, 262.25 MB peak
[2017.02.23-03.11.12:238][  0]LogMemory: Physical Memory: 3469.79 MB used,  4687.38 MB free, 8157.16 MB total
[2017.02.23-03.11.12:238][  0]LogMemory: Virtual Memory: 627.92 MB used,  4687.38 MB free, 134217728.00 MB total
[2017.02.23-03.11.12:383][  0]LogTextLocalizationManager: No specific translations for ('en-US') exist, so ('en') translations will be used.
[2017.02.23-03.11.13:320][  0]LogD3D11RHI: D3D11 adapters:
[2017.02.23-03.11.13:360][  0]LogD3D11RHI:    0. 'NVIDIA GeForce GTX 760' (Feature Level 11_0)
[2017.02.23-03.11.13:360][  0]LogD3D11RHI:       2017/0/4078 MB DedicatedVideo/DedicatedSystem/SharedSystem, Outputs:2, VendorId:0x10de
[2017.02.23-03.11.13:363][  0]LogD3D11RHI:    1. 'Microsoft Basic Render Driver' (Feature Level 11_0)
[2017.02.23-03.11.13:363][  0]LogD3D11RHI:       0/0/4078 MB DedicatedVideo/DedicatedSystem/SharedSystem, Outputs:0, VendorId:0x1414
[2017.02.23-03.11.13:363][  0]LogD3D11RHI: Chosen D3D11 Adapter: 0
[2017.02.23-03.11.13:368][  0]LogD3D11RHI: Creating new Direct3DDevice
[2017.02.23-03.11.13:368][  0]LogD3D11RHI:     GPU DeviceId: 0x1187 (for the marketing name, search the web for "GPU Device Id")
[2017.02.23-03.11.13:368][  0]LogWindows: EnumDisplayDevices:
[2017.02.23-03.11.13:368][  0]LogWindows:    0. 'NVIDIA GeForce GTX 760' (P:1 D:1)
[2017.02.23-03.11.13:368][  0]LogWindows:    1. 'NVIDIA GeForce GTX 760' (P:0 D:1)
[2017.02.23-03.11.13:369][  0]LogWindows:    2. 'NVIDIA GeForce GTX 760' (P:0 D:0)
[2017.02.23-03.11.13:369][  0]LogWindows:    3. 'NVIDIA GeForce GTX 760' (P:0 D:0)
[2017.02.23-03.11.13:369][  0]LogWindows: DebugString: FoundDriverCount:4 
[2017.02.23-03.11.13:369][  0]LogD3D11RHI:     Adapter Name: NVIDIA GeForce GTX 760
[2017.02.23-03.11.13:369][  0]LogD3D11RHI:   Driver Version: 376.53 (internal:21.21.13.7653, unified:376.53)
[2017.02.23-03.11.13:369][  0]LogD3D11RHI:      Driver Date: 12-29-2016
[2017.02.23-03.11.13:369][  0]LogRHI: Texture pool is 1361 MB (70% of 1945 MB)
[2017.02.23-03.11.13:385][  0]LogD3D11RHI:Warning: Timestamp queries are currently disabled on this hardware due to instability. Realtime GPU stats will not be available. You can override this behaviour by setting r.NVIDIATimestampWorkaround to 0
[2017.02.23-03.11.13:386][  0]LogD3D11RHI: Async texture creation enabled
[2017.02.23-03.11.13:399][  0]LogD3D11RHI: GPU Timing Frequency: 1000.000000 (Debug: 2 1)
[2017.02.23-03.11.13:497][  0]LogShaderCompilers: Guid format shader working directory is -35 characters bigger than the processId version (../../../../../../Users/ihswo/Documents/Unreal Projects/MajestyClone/MajestyClone/Intermediate/Shaders/WorkingDirectory/8828/).
[2017.02.23-03.11.13:497][  0]LogShaderCompilers: Cleaned the shader compiler working directory 'C:/Users/ihswo/AppData/Local/Temp/UnrealShaderWorkingDir/BA85CB514880A9B0F580029C65728011/'.
[2017.02.23-03.11.13:497][  0]LogShaderCompilers:Display: Using Local Shader Compiler.
[2017.02.23-03.11.15:191][  0]LogTemp:Display: Loaded TP AllDesktopTargetPlatform
[2017.02.23-03.11.15:288][  0]LogTemp:Display: Loaded TP MacClientTargetPlatform
[2017.02.23-03.11.15:385][  0]LogTemp:Display: Loaded TP MacNoEditorTargetPlatform
[2017.02.23-03.11.15:481][  0]LogTemp:Display: Loaded TP MacServerTargetPlatform
[2017.02.23-03.11.15:577][  0]LogTemp:Display: Loaded TP MacTargetPlatform
[2017.02.23-03.11.15:674][  0]LogTemp:Display: Loaded TP WindowsClientTargetPlatform
[2017.02.23-03.11.15:769][  0]LogTemp:Display: Loaded TP WindowsNoEditorTargetPlatform
[2017.02.23-03.11.15:864][  0]LogTemp:Display: Loaded TP WindowsServerTargetPlatform
[2017.02.23-03.11.15:946][  0]LogTemp:Display: Loaded TP WindowsTargetPlatform
[2017.02.23-03.11.16:043][  0]LogTemp:Display: Loaded TP AndroidTargetPlatform
[2017.02.23-03.11.16:140][  0]LogTemp:Display: Loaded TP Android_ASTCTargetPlatform
[2017.02.23-03.11.16:239][  0]LogTemp:Display: Loaded TP Android_ATCTargetPlatform
[2017.02.23-03.11.16:341][  0]LogTemp:Display: Loaded TP Android_DXTTargetPlatform
[2017.02.23-03.11.16:441][  0]LogTemp:Display: Loaded TP Android_ETC1TargetPlatform
[2017.02.23-03.11.16:545][  0]LogTemp:Display: Loaded TP Android_ETC2TargetPlatform
[2017.02.23-03.11.16:743][  0]LogTemp:Display: Loaded TP Android_MultiTargetPlatform
[2017.02.23-03.11.16:743][  0]LogTemp:Display: Loaded TP Android_PVRTCTargetPlatform
[2017.02.23-03.11.16:819][  0]LogTemp:Display: Loaded TP HTML5TargetPlatform
[2017.02.23-03.11.16:977][  0]LogTemp:Display: Loaded TP IOSTargetPlatform
[2017.02.23-03.11.17:036][  0]LogTemp:Display: Loaded TP TVOSTargetPlatform
[2017.02.23-03.11.17:137][  0]LogTemp:Display: Loaded TP LinuxClientTargetPlatform
[2017.02.23-03.11.17:237][  0]LogTemp:Display: Loaded TP LinuxNoEditorTargetPlatform
[2017.02.23-03.11.17:337][  0]LogTemp:Display: Loaded TP LinuxServerTargetPlatform
[2017.02.23-03.11.17:437][  0]LogTemp:Display: Loaded TP LinuxTargetPlatform
[2017.02.23-03.11.17:437][  0]LogTargetPlatformManager:Display: Building Assets For Windows
[2017.02.23-03.11.18:377][  0]LogDerivedDataCache:Display: Max Cache Size: 512 MB
[2017.02.23-03.11.18:475][  0]LogDerivedDataCache: Loaded boot cache 0.10s 50MB C:/Users/ihswo/AppData/Local/UnrealEngine/4.15/DerivedDataCache/Boot.ddc.
[2017.02.23-03.11.18:475][  0]LogDerivedDataCache:Display: Loaded Boot cache: C:/Users/ihswo/AppData/Local/UnrealEngine/4.15/DerivedDataCache/Boot.ddc
[2017.02.23-03.11.18:475][  0]LogDerivedDataCache: FDerivedDataBackendGraph:  Pak pak cache file ../../../../../../Users/ihswo/Documents/Unreal Projects/MajestyClone/MajestyClone/DerivedDataCache/DDC.ddp not found, will not use a pak cache.
[2017.02.23-03.11.18:475][  0]LogDerivedDataCache: Unable to find inner node Pak for hierarchical cache Hierarchy.
[2017.02.23-03.11.18:475][  0]LogDerivedDataCache: FDerivedDataBackendGraph:  CompressedPak pak cache file ../../../../../../Users/ihswo/Documents/Unreal Projects/MajestyClone/MajestyClone/DerivedDataCache/Compressed.ddp not found, will not use a pak cache.
[2017.02.23-03.11.18:475][  0]LogDerivedDataCache: Unable to find inner node CompressedPak for hierarchical cache Hierarchy.
[2017.02.23-03.11.18:502][  0]LogDerivedDataCache:Display: Pak cache opened for reading ../../../Engine/DerivedDataCache/Compressed.ddp.
[2017.02.23-03.11.18:514][  0]LogDerivedDataCache: Using Local data cache path C:/Users/ihswo/AppData/Local/UnrealEngine/Common/DerivedDataCache: Writable
[2017.02.23-03.11.18:526][  0]LogSlate: Using Freetype 2.6.0
[2017.02.23-03.11.18:527][  0]LogSlate: SlateFontCache - WITH_FREETYPE: 1, WITH_HARFBUZZ: 1
[2017.02.23-03.11.18:527][  0]LogSlate: SlateFontCache - WITH_FREETYPE: 1, WITH_HARFBUZZ: 1
[2017.02.23-03.11.19:006][  0]LogInit: Selected Device Profile: [Windows]
[2017.02.23-03.11.19:009][  0]LogContentStreaming: Texture pool size is 0.00 MB
[2017.02.23-03.11.19:354][  0]LogMeshUtilities: Using QuadricMeshReduction for automatic static mesh reduction
[2017.02.23-03.11.19:435][  0]LogSimplygon: Simplygon DLL not present - disabling.
[2017.02.23-03.11.19:525][  0]LogMeshUtilities: Using SimplygonSwarm for distributed automatic mesh merging
[2017.02.23-03.11.19:525][  0]LogMeshUtilities: No automatic skeletal mesh reduction module available
[2017.02.23-03.11.19:525][  0]LogMeshUtilities: No automatic mesh merging module available
[2017.02.23-03.11.20:401][  0]LogNetVersion: GetLocalNetworkVersion: CL: 3299760, ProjectName: majestyclone, ProjectVersion: , EngineNetworkVersion: 2, GameNetworkVersion: 0, NetworkChecksum: 2964505564
[2017.02.23-03.11.20:465][  0]LogAssetRegistry: FAssetRegistry took 0.0220 seconds to start up
[2017.02.23-03.11.20:578][  0]LogPackageLocalizationCache: Processed 3 localized package path(s) for 2 prioritized culture(s) in 0.060283 seconds
[2017.02.23-03.11.20:588][  0]LogUObjectArray: 32475 objects as part of root set at end of initial load.
[2017.02.23-03.11.20:588][  0]LogUObjectAllocator: 7073368 out of 0 bytes used by permanent object pool.
[2017.02.23-03.11.20:588][  0]LogUObjectArray: CloseDisregardForGC: 0/0 objects in disregard for GC pool
[2017.02.23-03.11.20:718][  0]LogInit: WinSock: version 1.1 (2.2), MaxSocks=32767, MaxUdp=65467
[2017.02.23-03.11.23:649][  0]LogTcpMessaging: Initializing TcpMessaging bridge
[2017.02.23-03.11.23:711][  0]LogUdpMessaging: Initializing bridge on interface 0.0.0.0:0 to multicast group 230.0.0.1:6666.
[2017.02.23-03.11.24:571][  0]LogMaterial: Uniform references updated for custom material expression Custom.
[2017.02.23-03.11.25:286][  0]SourceControl: Info Source control is disabled
[2017.02.23-03.11.29:412][  0]LogEngine: Initializing Engine...
[2017.02.23-03.11.29:412][  0]LogHMD: Failed to initialize OpenVR with code 110
[2017.02.23-03.11.29:804][  0]LogAIModule: Creating AISystem for world Untitled
[2017.02.23-03.11.29:843][  0]LogInit: XAudio2 using 'Speakers (Logitech USB Headset)' : 2 channels at 44.1 kHz using 16 bits per sample (channel mask 0x3)
[2017.02.23-03.11.29:938][  0]LogInit: FAudioDevice initialized.
[2017.02.23-03.11.29:979][  0]LogDerivedDataCache: Saved boot cache 0.04s 50MB C:/Users/ihswo/AppData/Local/UnrealEngine/4.15/DerivedDataCache/Boot.ddc.
[2017.02.23-03.11.29:994][  0]LogInit: Texture streaming: Enabled
[2017.02.23-03.11.30:174][  0]LogEngineSessionManager: EngineSessionManager initialized
[2017.02.23-03.11.30:347][  0]LogInit: Transaction tracking system initialized
[2017.02.23-03.11.31:052][  0]BlueprintLog: New page: Editor Load
[2017.02.23-03.11.32:739][  0]LocalizationService: Info Localization service is disabled
[2017.02.23-03.11.34:092][  0]LogConsoleResponse:Display: 
[2017.02.23-03.11.34:334][  0]LogCook:Display: Max memory allowance for cook 16384mb min free memory 0mb
[2017.02.23-03.11.34:334][  0]LogCook:Display: Mobile HDR setting 1
[2017.02.23-03.11.34:390][  0]LogFileCache: Scanning file cache for directory 'C:/Users/ihswo/Documents/Unreal Projects/MajestyClone/MajestyClone/Content/' took 0.02s
[2017.02.23-03.11.36:909][  0]Cmd: MAP LOAD FILE="../../../../../../Users/ihswo/Documents/Unreal Projects/MajestyClone/MajestyClone/Content/Majesty/Maps/Majesty_Test_Map.umap" TEMPLATE=0 SHOWPROGRESS=1 FEATURELEVEL=3
[2017.02.23-03.11.36:911][  0]LightingResults: New page: Lighting Build
[2017.02.23-03.11.36:994][  0]MapCheck: New page: Map Check
[2017.02.23-03.11.36:994][  0]LightingResults: New page: Lighting Build
[2017.02.23-03.11.37:423][  0]LogAIModule: Creating AISystem for world Majesty_Test_Map
[2017.02.23-03.11.37:483][  0]LogEditorServer: Finished looking for orphan Actors (0.000 secs)
[2017.02.23-03.11.37:484][  0]Cmd: MAP CHECKDEP NOCLEARLOG
[2017.02.23-03.11.37:595][  0]MapCheck: Info Map check complete: 0 Error(s), 0 Warning(s), took 110.643ms to complete.
[2017.02.23-03.11.37:595][  0]LogFileHelpers: Loading map 'Majesty_Test_Map' took 0.686
[2017.02.23-03.11.37:672][  0]LogWindowsTextInputMethodSystem:Display: IME system now deactivated.
[2017.02.23-03.11.37:925][  0]LogCollectionManager: Loaded 0 collections in 0.004042 seconds
[2017.02.23-03.11.38:058][  0]LogFileCache: Scanning file cache for directory 'C:/Users/ihswo/Documents/Unreal Projects/MajestyClone/MajestyClone/Saved/Collections/' took 0.01s
[2017.02.23-03.11.38:058][  0]LogFileCache: Scanning file cache for directory 'C:/Users/ihswo/Documents/Unreal Projects/MajestyClone/MajestyClone/Content/Developers/Isaiah/Collections/' took 0.01s
[2017.02.23-03.11.38:058][  0]LogFileCache: Scanning file cache for directory 'C:/Users/ihswo/Documents/Unreal Projects/MajestyClone/MajestyClone/Content/Collections/' took 0.01s
[2017.02.23-03.11.38:058][  0]LogCollectionManager: Rebuilt the GUID cache for 0 collections in 0.000002 seconds
[2017.02.23-03.11.38:070][  0]LogContentBrowser: Native class hierarchy populated in 0.0115 seconds. Added 2244 classes and 450 folders.
[2017.02.23-03.11.38:075][  0]LogStats: UGameplayTagsManager::ConstructGameplayTagTree: Construct from data asset -  0.000 s
[2017.02.23-03.11.38:075][  0]LogStats: UGameplayTagsManager::ConstructGameplayTagTree: GameplayTagTreeChangedEvent.Broadcast -  0.000 s
[2017.02.23-03.11.38:204][  0]LogContentBrowser: Native class hierarchy updated for 'WidgetCarousel' in 0.0006 seconds. Added 0 classes and 0 folders.
[2017.02.23-03.11.38:291][  0]LogContentBrowser: Native class hierarchy updated for 'AddContentDialog' in 0.0007 seconds. Added 0 classes and 0 folders.
[2017.02.23-03.11.38:373][  0]LogContentBrowser: Native class hierarchy updated for 'SceneOutliner' in 0.0007 seconds. Added 1 classes and 2 folders.
[2017.02.23-03.11.38:448][  0]LogCrashTracker: Crashtracker disabled due to settings.
[2017.02.23-03.11.38:456][  0]LogUObjectGlobals:Warning: Failed to find object 'Class None.'
[2017.02.23-03.11.38:572][  0]LogContentBrowser: Native class hierarchy updated for 'HierarchicalLODOutliner' in 0.0010 seconds. Added 1 classes and 2 folders.
[2017.02.23-03.11.38:572][  0]LogLoad: (Engine Initialization) Total time: 29.23 seconds
[2017.02.23-03.11.38:572][  0]LogLoad: (Engine Initialization) Total Blueprint compile time: 0.16 seconds
[2017.02.23-03.11.38:572][  0]LogExternalProfiler: No external profilers were discovered.  External profiling features will not be available.
[2017.02.23-03.11.38:581][  0]LogOcInput: OculusInput pre-init called
[2017.02.23-03.11.38:600][  0]SourceControl: Info On branch IsaiahBranch
[2017.02.23-03.11.38:601][  0]SourceControl: Info Your branch is up-to-date with 'origin/IsaiahBranch'.
[2017.02.23-03.11.38:601][  0]SourceControl: Info Changes not staged for commit:
[2017.02.23-03.11.38:601][  0]SourceControl: Info   (use "git add <file>..." to update what will be committed)
[2017.02.23-03.11.38:601][  0]SourceControl: Info   (use "git checkout -- <file>..." to discard changes in working directory)
[2017.02.23-03.11.38:601][  0]SourceControl: Info 	modified:   MajestyClone/Intermediate/CachedAssetRegistry.bin
[2017.02.23-03.11.38:601][  0]SourceControl: Info 	modified:   MajestyClone/Intermediate/Config/CoalescedSourceConfigs/Engine.ini
[2017.02.23-03.11.38:601][  0]SourceControl: Info 	modified:   MajestyClone/Saved/AutoScreenshot.png
[2017.02.23-03.11.38:601][  0]SourceControl: Info 	modified:   MajestyClone/Saved/Config/Windows/EditorPerProjectUserSettings.ini
[2017.02.23-03.11.38:601][  0]SourceControl: Info 	modified:   MajestyClone/Saved/Config/Windows/Engine.ini
[2017.02.23-03.11.38:601][  0]SourceControl: Info 	modified:   MajestyClone/Saved/Config/Windows/SourceControlSettings.ini
[2017.02.23-03.11.38:601][  0]SourceControl: Info 	modified:   MajestyClone/Saved/Logs/MajestyClone.log
[2017.02.23-03.11.38:601][  0]SourceControl: Info Untracked files:
[2017.02.23-03.11.38:601][  0]SourceControl: Info   (use "git add <file>..." to include in what will be committed)
[2017.02.23-03.11.38:601][  0]SourceControl: Info 	MajestyClone/Saved/Logs/MajestyClone-backup-2017.02.22-19.43.13.log
[2017.02.23-03.11.38:601][  0]SourceControl: Info 	MajestyClone/Saved/Logs/MajestyClone-backup-2017.02.22-20.44.30.log
[2017.02.23-03.11.38:601][  0]SourceControl: Info 	MajestyClone/Saved/Logs/MajestyClone-backup-2017.02.22-20.48.05.log
[2017.02.23-03.11.38:601][  0]SourceControl: Info 	MajestyClone/Saved/Logs/MajestyClone-backup-2017.02.22-21.11.11.log
[2017.02.23-03.11.38:601][  0]SourceControl: Info 	MajestyClone/Saved/Logs/UE4CC-Windows-8ADA29CD4BDC2858D9D701893E25470D/
[2017.02.23-03.11.38:601][  0]SourceControl: Info 	MajestyClone/Saved/Logs/UE4CC-Windows-8ADA29CD4BDC2858D9D701893E25470D_0000/
[2017.02.23-03.11.38:601][  0]SourceControl: Info 	MajestyClone/Saved/Logs/UE4CC-Windows-C77133724E8682F3A67EDC9950C1A222/
[2017.02.23-03.11.38:601][  0]SourceControl: Info 	MajestyClone/Saved/Logs/UE4CC-Windows-E90121194B195DF75F9391A22369CF7F/
[2017.02.23-03.11.38:601][  0]SourceControl: Info 	MajestyClone/Saved/Logs/UE4CC-Windows-F098082D45C131BC9EF857BFF7833289/
[2017.02.23-03.11.38:601][  0]SourceControl: Info no changes added to commit (use "git add" and/or "git commit -a")
[2017.02.23-03.11.38:601][  0]LogContentStreaming: Texture pool size now 1000 MB
[2017.02.23-03.11.38:603][  0]LogSlate: Took 0.000471 seconds to synchronously load lazily loaded font '../../../Engine/Content/Slate/Fonts/Roboto-Regular.ttf' (155K)
[2017.02.23-03.11.38:610][  0]LogSlate: Took 0.000414 seconds to synchronously load lazily loaded font '../../../Engine/Content/Slate/Fonts/Roboto-Bold.ttf' (160K)
[2017.02.23-03.11.38:617][  0]LogSlate: Took 0.000417 seconds to synchronously load lazily loaded font '../../../Engine/Content/Editor/Slate/Fonts/FontAwesome.ttf' (139K)
[2017.02.23-03.11.38:799][  0]LogRenderer: Reallocating scene render targets to support 1004x456 NumSamples 1 (Frame:2).
[2017.02.23-03.11.38:993][  2]LogAssetRegistry: Asset discovery search completed in 18.5506 seconds
[2017.02.23-03.11.38:994][  2]LogCollectionManager: Rebuilt the object cache for 0 collections in 0.000044 seconds (found 0 objects)
[2017.02.23-03.11.38:994][  2]LogCollectionManager: Fixed up redirectors for 0 collections in 0.000103 seconds (updated 0 objects)
[2017.02.23-03.11.42:723][433]LogSlate: Took 0.000436 seconds to synchronously load lazily loaded font '../../../Engine/Content/Slate/Fonts/Roboto-Light.ttf' (159K)
[2017.02.23-03.13.25:121][379]LogSlate: Took 0.000278 seconds to synchronously load lazily loaded font '../../../Engine/Content/Slate/Fonts/Roboto-Light.ttf' (159K)
[2017.02.23-03.16.31:581][106]LogSavePackage: Save=11.51ms
[2017.02.23-03.16.31:581][106]LogSavePackage: Moving '../../../../../../Users/ihswo/Documents/Unreal Projects/MajestyClone/MajestyClone/Saved/GhostBuilding_BPE90B4D7C47236288C4649ABE3D29E0CA.tmp' to '../../../../../../Users/ihswo/Documents/Unreal Projects/MajestyClone/MajestyClone/Content/Majesty/Buildings/GhostBuilding_BP.uasset'
[2017.02.23-03.16.31:586][106]LogSavePackage:Display: Finished SavePackage ../../../../../../Users/ihswo/Documents/Unreal Projects/MajestyClone/MajestyClone/Content/Majesty/Buildings/GhostBuilding_BP.uasset
[2017.02.23-03.16.33:219][205]LogSavePackage: Save=11.97ms
[2017.02.23-03.16.33:219][205]LogSavePackage: Moving '../../../../../../Users/ihswo/Documents/Unreal Projects/MajestyClone/MajestyClone/Saved/BuildingMasterBPC9E4001247CD6F642D77C1829A789555.tmp' to '../../../../../../Users/ihswo/Documents/Unreal Projects/MajestyClone/MajestyClone/Content/Majesty/Buildings/BuildingMasterBP.uasset'
[2017.02.23-03.16.33:226][205]LogSavePackage:Display: Finished SavePackage ../../../../../../Users/ihswo/Documents/Unreal Projects/MajestyClone/MajestyClone/Content/Majesty/Buildings/BuildingMasterBP.uasset
[2017.02.23-03.21.02:788][182]SourceControl: Info On branch IsaiahBranch
[2017.02.23-03.21.02:788][182]SourceControl: Info Your branch is up-to-date with 'origin/IsaiahBranch'.
[2017.02.23-03.21.02:788][182]SourceControl: Info Changes to be committed:
[2017.02.23-03.21.02:788][182]SourceControl: Info   (use "git reset HEAD <file>..." to unstage)
[2017.02.23-03.21.02:788][182]SourceControl: Info 	new file:   MajestyClone/Content/Majesty/Buildings/BuildingMasterBP.uasset
[2017.02.23-03.21.02:788][182]SourceControl: Info 	new file:   MajestyClone/Content/Majesty/Buildings/GhostBuilding_BP.uasset
[2017.02.23-03.21.02:788][182]SourceControl: Info Changes not staged for commit:
[2017.02.23-03.21.02:788][182]SourceControl: Info   (use "git add <file>..." to update what will be committed)
[2017.02.23-03.21.02:788][182]SourceControl: Info   (use "git checkout -- <file>..." to discard changes in working directory)
[2017.02.23-03.21.02:788][182]SourceControl: Info 	modified:   MajestyClone/Intermediate/CachedAssetRegistry.bin
[2017.02.23-03.21.02:788][182]SourceControl: Info 	modified:   MajestyClone/Intermediate/Config/CoalescedSourceConfigs/Engine.ini
[2017.02.23-03.21.02:788][182]SourceControl: Info 	modified:   MajestyClone/Saved/AutoScreenshot.png
[2017.02.23-03.21.02:788][182]SourceControl: Info 	modified:   MajestyClone/Saved/Autosaves/PackageRestoreData.json
[2017.02.23-03.21.02:788][182]SourceControl: Info 	modified:   MajestyClone/Saved/Config/Windows/EditorPerProjectUserSettings.ini
[2017.02.23-03.21.02:788][182]SourceControl: Info 	modified:   MajestyClone/Saved/Config/Windows/Engine.ini
[2017.02.23-03.21.02:788][182]SourceControl: Info 	modified:   MajestyClone/Saved/Config/Windows/SourceControlSettings.ini
[2017.02.23-03.21.02:788][182]SourceControl: Info 	modified:   MajestyClone/Saved/Logs/MajestyClone.log
[2017.02.23-03.21.02:788][182]SourceControl: Info Untracked files:
[2017.02.23-03.21.02:788][182]SourceControl: Info   (use "git add <file>..." to include in what will be committed)
[2017.02.23-03.21.02:788][182]SourceControl: Info 	MajestyClone/Saved/Logs/MajestyClone-backup-2017.02.22-19.43.13.log
[2017.02.23-03.21.02:788][182]SourceControl: Info 	MajestyClone/Saved/Logs/MajestyClone-backup-2017.02.22-20.44.30.log
[2017.02.23-03.21.02:788][182]SourceControl: Info 	MajestyClone/Saved/Logs/MajestyClone-backup-2017.02.22-20.48.05.log
[2017.02.23-03.21.02:788][182]SourceControl: Info 	MajestyClone/Saved/Logs/MajestyClone-backup-2017.02.22-21.11.11.log
[2017.02.23-03.21.02:788][182]SourceControl: Info 	MajestyClone/Saved/Logs/UE4CC-Windows-8ADA29CD4BDC2858D9D701893E25470D/
[2017.02.23-03.21.02:788][182]SourceControl: Info 	MajestyClone/Saved/Logs/UE4CC-Windows-8ADA29CD4BDC2858D9D701893E25470D_0000/
[2017.02.23-03.21.02:788][182]SourceControl: Info 	MajestyClone/Saved/Logs/UE4CC-Windows-C77133724E8682F3A67EDC9950C1A222/
[2017.02.23-03.21.02:789][182]SourceControl: Info 	MajestyClone/Saved/Logs/UE4CC-Windows-E90121194B195DF75F9391A22369CF7F/
[2017.02.23-03.21.02:789][182]SourceControl: Info 	MajestyClone/Saved/Logs/UE4CC-Windows-F098082D45C131BC9EF857BFF7833289/
[2017.02.23-03.21.03:315][182]LogMetaData: Removing '/Game/Majesty/Buildings/Palace/Palace_BP.Palace_BP:UserConstructionScript.K2Node_FunctionEntry_0' ref from Metadata '/Game/Majesty/Buildings/Palace_BP.PackageMetaData'
[2017.02.23-03.21.03:315][182]LogMetaData: Removing '/Game/Majesty/Buildings/Palace/Palace_BP.SKEL_Palace_BP_C:UserConstructionScript' ref from Metadata '/Game/Majesty/Buildings/Palace_BP.PackageMetaData'
[2017.02.23-03.21.03:315][182]LogMetaData: Removing '/Game/Majesty/Buildings/Palace/Palace_BP.SKEL_Palace_BP_C' ref from Metadata '/Game/Majesty/Buildings/Palace_BP.PackageMetaData'
[2017.02.23-03.21.03:315][182]LogMetaData: Removing '/Game/Majesty/Buildings/Palace/Palace_BP.Palace_BP_C:UserConstructionScript' ref from Metadata '/Game/Majesty/Buildings/Palace_BP.PackageMetaData'
[2017.02.23-03.21.03:315][182]LogMetaData: Removing '/Game/Majesty/Buildings/Palace/Palace_BP.Palace_BP_C' ref from Metadata '/Game/Majesty/Buildings/Palace_BP.PackageMetaData'
[2017.02.23-03.21.03:315][182]LogMetaData: Removing '/Game/Majesty/Buildings/Palace/Palace_BP.Palace_BP:EventGraph.K2Node_Event_0' ref from Metadata '/Game/Majesty/Buildings/Palace_BP.PackageMetaData'
[2017.02.23-03.21.03:315][182]LogMetaData: Removing '/Game/Majesty/Buildings/Palace/Palace_BP.Palace_BP:EventGraph.K2Node_Event_1' ref from Metadata '/Game/Majesty/Buildings/Palace_BP.PackageMetaData'
[2017.02.23-03.21.03:315][182]LogMetaData: Removing '/Game/Majesty/Buildings/Palace/Palace_BP.Palace_BP:EventGraph.K2Node_Event_2' ref from Metadata '/Game/Majesty/Buildings/Palace_BP.PackageMetaData'
[2017.02.23-03.21.03:366][182]LogSavePackage: Save=15.76ms
[2017.02.23-03.21.03:366][182]LogSavePackage: Moving '../../../../../../Users/ihswo/Documents/Unreal Projects/MajestyClone/MajestyClone/Saved/Palace_BPABEF2B984216EFC9CE4EF9BC1308B082.tmp' to '../../../../../../Users/ihswo/Documents/Unreal Projects/MajestyClone/MajestyClone/Content/Majesty/Buildings/Palace/Palace_BP.uasset'
[2017.02.23-03.21.03:378][182]LogSavePackage:Display: Finished SavePackage ../../../../../../Users/ihswo/Documents/Unreal Projects/MajestyClone/MajestyClone/Content/Majesty/Buildings/Palace/Palace_BP.uasset
[2017.02.23-03.21.20:097][991]SourceControl: Info fatal: C:/Program Files/Epic Games/UE_4.15/Engine/Content/: 'C:/Program Files/Epic Games/UE_4.15/Engine/Content/' is outside repository
[2017.02.23-03.21.20:307][991]LogPackageName:Error: Illegal call to DoesPackageExist: '../../../../../../Users/ihswo/Documents/Unreal Projects/MajestyClone/MajestyClone/MajestyClone.uproject' is not a standard unreal filename or a long path name. Reason: Path should be no less than 4 characters long.
[2017.02.23-03.21.20:464][991]LogStats: FPlatformStackWalk::StackWalkAndDump -  0.157 s
[2017.02.23-03.21.20:464][991]LogOutputDevice:Error: === Handled ensure: ===
[2017.02.23-03.21.20:464][991]LogOutputDevice:Error: 
[2017.02.23-03.21.20:464][991]LogOutputDevice:Error: Ensure condition failed: false [File:D:\Build\++UE4+Release-4.15+Compile\Sync\Engine\Source\Runtime\CoreUObject\Private\Misc\PackageName.cpp] [Line: 650]
[2017.02.23-03.21.20:464][991]LogOutputDevice:Error: Illegal call to DoesPackageExist: '../../../../../../Users/ihswo/Documents/Unreal Projects/MajestyClone/MajestyClone/MajestyClone.uproject' is not a standard unreal filename or a long path name. Reason: Path should be no less than 4 characters long.
[2017.02.23-03.21.20:464][991]LogOutputDevice:Error: Stack: 
[2017.02.23-03.21.20:464][991]LogOutputDevice:Error: UE4Editor-Core.dll!0x00000000D86795D6
[2017.02.23-03.21.20:464][991]LogOutputDevice:Error: UE4Editor-Core.dll!0x00000000D8429B72
[2017.02.23-03.21.20:464][991]LogOutputDevice:Error: UE4Editor-Core.dll!0x00000000D843B656
[2017.02.23-03.21.20:464][991]LogOutputDevice:Error: UE4Editor-CoreUObject.dll!0x00000000D7E0A6B8
[2017.02.23-03.21.20:464][991]LogOutputDevice:Error: UE4Editor-SourceControl.dll!0x00000000DAB73D22
[2017.02.23-03.21.20:464][991]LogOutputDevice:Error: UE4Editor-SourceControl.dll!0x00000000DAB73EB9
[2017.02.23-03.21.20:464][991]LogOutputDevice:Error: UE4Editor-SourceControlWindows.dll!0x00000000C4831D2E
[2017.02.23-03.21.20:464][991]LogOutputDevice:Error: UE4Editor-SourceControlWindows.dll!0x00000000C47EB4B5
[2017.02.23-03.21.20:464][991]LogOutputDevice:Error: UE4Editor-SourceControlWindows.dll!0x00000000C47EAA8D
[2017.02.23-03.21.20:464][991]LogOutputDevice:Error: UE4Editor-SourceControlWindows.dll!0x00000000C47FF274
[2017.02.23-03.21.20:464][991]LogOutputDevice:Error: UE4Editor-GitSourceControl.dll!0x00000000BDFAB851
[2017.02.23-03.21.20:464][991]LogOutputDevice:Error: UE4Editor-GitSourceControl.dll!0x00000000BDFBD1ED
[2017.02.23-03.21.20:464][991]LogOutputDevice:Error: UE4Editor-SourceControl.dll!0x00000000DAB79C5C
[2017.02.23-03.21.20:464][991]LogOutputDevice:Error: UE4Editor-UnrealEd.dll!0x00000000D3FE7517
[2017.02.23-03.21.20:464][991]LogOutputDevice:Error: UE4Editor-UnrealEd.dll!0x00000000D47F1AD6
[2017.02.23-03.21.20:464][991]LogOutputDevice:Error: UE4Editor.exe!0x000000007907DEE3
[2017.02.23-03.21.20:464][991]LogOutputDevice:Error: UE4Editor.exe!0x000000007906EB40
[2017.02.23-03.21.20:464][991]LogOutputDevice:Error: UE4Editor.exe!0x000000007906EBBA
[2017.02.23-03.21.20:464][991]LogOutputDevice:Error: UE4Editor.exe!0x0000000079080A29
[2017.02.23-03.21.20:464][991]LogOutputDevice:Error: UE4Editor.exe!0x00000000790822B6
[2017.02.23-03.21.20:464][991]LogOutputDevice:Error: KERNEL32.DLL!0x0000000001808364
[2017.02.23-03.21.20:464][991]LogOutputDevice:Error: ntdll.dll!0x0000000003F570D1
[2017.02.23-03.21.20:464][991]LogOutputDevice:Error: 
[2017.02.23-03.21.20:470][991]LogStats:                SubmitErrorReport -  0.000 s
