Log file open, 02/16/17 22:07:37
LogInit:Display: Running engine for game: MajestyClone
LogPlatformFile: Not using cached read wrapper
LogInit:Display: RandInit(1785759133) SRandInit(1785759133).
LogTaskGraph: Started task graph with 5 named threads and 8 total threads with 1 sets of task threads.
LogStats: Stats thread started at 0.073488
LogInit: Using libcurl 7.47.1
LogInit:  - built for x86_64-pc-win32
LogInit:  - supports SSL with OpenSSL/1.0.2g
LogInit:  - supports HTTP deflate (compression) using libz 1.2.8
LogInit:  - other features:
LogInit:      CURL_VERSION_SSL
LogInit:      CURL_VERSION_LIBZ
LogInit:      CURL_VERSION_IPV6
LogInit:      CURL_VERSION_ASYNCHDNS
LogInit:      CURL_VERSION_LARGEFILE
LogInit:      CURL_VERSION_IDN
LogInit:  CurlRequestOptions (configurable via config and command line):
LogInit:  - bVerifyPeer = false  - Libcurl will NOT verify peer certificate
LogInit:  - bUseHttpProxy = false  - Libcurl will NOT use HTTP proxy
LogInit:  - bDontReuseConnections = false  - Libcurl will reuse connections
LogInit:  - CertBundlePath = nullptr  - Libcurl will use whatever was configured at build time.
LogInit: Build: ++UE4+Release-4.15-CL-3299760
LogInit: Engine Version: 4.15.0-3299760+++UE4+Release-4.15
LogInit: Compatible Engine Version: 4.15.0-3299760+++UE4+Release-4.15
LogInit: Net CL: 3299760
LogDevObjectVersion: Number of dev versions registered: 14
LogDevObjectVersion:   Dev-Blueprints (B0D832E4-1F89-4F0D-ACCF-7EB736FD4AA2): 8
LogDevObjectVersion:   Dev-Build (E1C64328-A22C-4D53-A36C-8E866417BD8C): 0
LogDevObjectVersion:   Dev-Core (375EC13C-06E4-48FB-B500-84F0262A717E): 2
LogDevObjectVersion:   Dev-Editor (E4B068ED-F494-42E9-A231-DA0B2E46BB41): 14
LogDevObjectVersion:   Dev-Framework (CFFC743F-43B0-4480-9391-14DF171D2073): 22
LogDevObjectVersion:   Dev-Mobile (B02B49B5-BB20-44E9-A304-32B752E40360): 0
LogDevObjectVersion:   Dev-Networking (A4E4105C-59A1-49B5-A7C5-40C4547EDFEE): 0
LogDevObjectVersion:   Dev-Online (39C831C9-5AE6-47DC-9A44-9C173E1C8E7C): 0
LogDevObjectVersion:   Dev-Physics (78F01B33-EBEA-4F98-B9B4-84EACCB95AA2): 0
LogDevObjectVersion:   Dev-Platform (6631380F-2D4D-43E0-8009-CF276956A95A): 0
LogDevObjectVersion:   Dev-Rendering (12F88B9F-8875-4AFC-A67C-D90C383ABD29): 12
LogDevObjectVersion:   Dev-Sequencer (7B5AE74C-D270-4C10-A958-57980B212A5A): 3
LogDevObjectVersion:   Dev-VR (D7296918-1DD6-4BDD-9DE2-64A83CC13884): 0
LogDevObjectVersion:   Dev-LoadTimes (C2A15278-BFE7-4AFE-6C17-90FF531DF755): 1
LogInit: Compiled (64-bit): Feb 14 2017 02:04:14
LogInit: Compiled with Visual C++: 19.00.23026.00
LogInit: Build Configuration: Development
LogInit: Branch Name: ++UE4+Release-4.15
LogInit: Command line: -EpicPortal 
LogInit: Base directory: C:/Program Files/Epic Games/UE_4.15/Engine/Binaries/Win64/
LogInit: Installed Engine Build: 1
LogInit: Presizing for max 8388607 objects, including 0 objects not considered by GC, pre-allocating 0 bytes for permanent pool.
LogInit: Object subsystem initialized
[2017.02.17-04.07.38:434][  0]LogInit: Selected Device Profile: [Windows]
[2017.02.17-04.07.38:434][  0]LogInit: Applying CVar settings loaded from the selected device profile: [Windows]
[2017.02.17-04.07.38:445][  0]LogInit: Computer: DESKTOP-KOM1LAT
[2017.02.17-04.07.38:445][  0]LogInit: User: Isaac
[2017.02.17-04.07.38:445][  0]LogInit: CPU Page size=65536, Cores=4
[2017.02.17-04.07.38:445][  0]LogInit: High frequency timer resolution =3.417965 MHz
[2017.02.17-04.07.38:445][  0]LogMemory: Memory total: Physical=15.9GB (16GB approx)
[2017.02.17-04.07.38:445][  0]LogMemory: Platform Memory Stats for Windows
[2017.02.17-04.07.38:445][  0]LogMemory: Process Physical Memory: 261.52 MB used, 261.52 MB peak
[2017.02.17-04.07.38:445][  0]LogMemory: Process Virtual Memory: 262.34 MB used, 262.34 MB peak
[2017.02.17-04.07.38:445][  0]LogMemory: Physical Memory: 5307.98 MB used,  10937.27 MB free, 16245.25 MB total
[2017.02.17-04.07.38:445][  0]LogMemory: Virtual Memory: 643.09 MB used,  10937.27 MB free, 134217728.00 MB total
[2017.02.17-04.07.38:510][  0]LogTextLocalizationManager: No specific translations for ('en-US') exist, so ('en') translations will be used.
[2017.02.17-04.07.39:080][  0]LogD3D11RHI: D3D11 adapters:
[2017.02.17-04.07.39:103][  0]LogD3D11RHI:    0. 'NVIDIA GeForce GTX 960' (Feature Level 11_0)
[2017.02.17-04.07.39:103][  0]LogD3D11RHI:       4061/0/8122 MB DedicatedVideo/DedicatedSystem/SharedSystem, Outputs:2, VendorId:0x10de
[2017.02.17-04.07.39:109][  0]LogD3D11RHI:    1. 'Intel(R) HD Graphics 4600' (Feature Level 11_0)
[2017.02.17-04.07.39:109][  0]LogD3D11RHI:       112/0/2048 MB DedicatedVideo/DedicatedSystem/SharedSystem, Outputs:0, VendorId:0x8086
[2017.02.17-04.07.39:110][  0]LogD3D11RHI:    2. 'Microsoft Basic Render Driver' (Feature Level 11_0)
[2017.02.17-04.07.39:110][  0]LogD3D11RHI:       0/0/8122 MB DedicatedVideo/DedicatedSystem/SharedSystem, Outputs:0, VendorId:0x1414
[2017.02.17-04.07.39:110][  0]LogD3D11RHI: Chosen D3D11 Adapter: 0
[2017.02.17-04.07.39:113][  0]LogD3D11RHI: Creating new Direct3DDevice
[2017.02.17-04.07.39:113][  0]LogD3D11RHI:     GPU DeviceId: 0x1401 (for the marketing name, search the web for "GPU Device Id")
[2017.02.17-04.07.39:113][  0]LogWindows: EnumDisplayDevices:
[2017.02.17-04.07.39:113][  0]LogWindows:    0. 'NVIDIA GeForce GTX 960' (P:0 D:1)
[2017.02.17-04.07.39:113][  0]LogWindows:    1. 'NVIDIA GeForce GTX 960' (P:1 D:1)
[2017.02.17-04.07.39:113][  0]LogWindows:    2. 'NVIDIA GeForce GTX 960' (P:0 D:0)
[2017.02.17-04.07.39:113][  0]LogWindows:    3. 'NVIDIA GeForce GTX 960' (P:0 D:0)
[2017.02.17-04.07.39:114][  0]LogWindows:    4. 'Intel(R) HD Graphics 4600' (P:0 D:0)
[2017.02.17-04.07.39:114][  0]LogWindows:    5. 'Intel(R) HD Graphics 4600' (P:0 D:0)
[2017.02.17-04.07.39:114][  0]LogWindows:    6. 'Intel(R) HD Graphics 4600' (P:0 D:0)
[2017.02.17-04.07.39:114][  0]LogWindows: DebugString: PrimaryIsNotTheChoosenAdapter PrimaryIsNotTheChoosenAdapter PrimaryIsNotTheChoosenAdapter FoundDriverCount:4 
[2017.02.17-04.07.39:114][  0]LogD3D11RHI:     Adapter Name: NVIDIA GeForce GTX 960
[2017.02.17-04.07.39:114][  0]LogD3D11RHI:   Driver Version: 376.53 (internal:21.21.13.7653, unified:376.53)
[2017.02.17-04.07.39:114][  0]LogD3D11RHI:      Driver Date: 12-29-2016
[2017.02.17-04.07.39:114][  0]LogRHI: Texture pool is 1361 MB (70% of 1945 MB)
[2017.02.17-04.07.39:127][  0]LogD3D11RHI: Async texture creation enabled
[2017.02.17-04.07.39:137][  0]LogD3D11RHI: GPU Timing Frequency: 1000.000000 (Debug: 2 1)
[2017.02.17-04.07.39:224][  0]LogShaderCompilers: Guid format shader working directory is -60 characters bigger than the processId version (../../../../../../Users/Isaac/Documents/Unreal Projects/Majesty Clone Repository/MajestyClone/MajestyClone/Intermediate/Shaders/WorkingDirectory/9100/).
[2017.02.17-04.07.39:224][  0]LogShaderCompilers: Cleaned the shader compiler working directory 'C:/Users/Isaac/AppData/Local/Temp/UnrealShaderWorkingDir/77D8E83249749DE92C747D83D7E20D90/'.
[2017.02.17-04.07.39:224][  0]LogShaderCompilers:Display: Using Local Shader Compiler.
[2017.02.17-04.07.40:150][  0]LogTemp:Display: Loaded TP AllDesktopTargetPlatform
[2017.02.17-04.07.40:197][  0]LogTemp:Display: Loaded TP MacClientTargetPlatform
[2017.02.17-04.07.40:243][  0]LogTemp:Display: Loaded TP MacNoEditorTargetPlatform
[2017.02.17-04.07.40:291][  0]LogTemp:Display: Loaded TP MacServerTargetPlatform
[2017.02.17-04.07.40:338][  0]LogTemp:Display: Loaded TP MacTargetPlatform
[2017.02.17-04.07.40:384][  0]LogTemp:Display: Loaded TP WindowsClientTargetPlatform
[2017.02.17-04.07.40:432][  0]LogTemp:Display: Loaded TP WindowsNoEditorTargetPlatform
[2017.02.17-04.07.40:480][  0]LogTemp:Display: Loaded TP WindowsServerTargetPlatform
[2017.02.17-04.07.40:520][  0]LogTemp:Display: Loaded TP WindowsTargetPlatform
[2017.02.17-04.07.40:567][  0]LogTemp:Display: Loaded TP AndroidTargetPlatform
[2017.02.17-04.07.40:614][  0]LogTemp:Display: Loaded TP Android_ASTCTargetPlatform
[2017.02.17-04.07.40:659][  0]LogTemp:Display: Loaded TP Android_ATCTargetPlatform
[2017.02.17-04.07.40:706][  0]LogTemp:Display: Loaded TP Android_DXTTargetPlatform
[2017.02.17-04.07.40:754][  0]LogTemp:Display: Loaded TP Android_ETC1TargetPlatform
[2017.02.17-04.07.40:800][  0]LogTemp:Display: Loaded TP Android_ETC2TargetPlatform
[2017.02.17-04.07.40:893][  0]LogTemp:Display: Loaded TP Android_MultiTargetPlatform
[2017.02.17-04.07.40:893][  0]LogTemp:Display: Loaded TP Android_PVRTCTargetPlatform
[2017.02.17-04.07.40:926][  0]LogTemp:Display: Loaded TP HTML5TargetPlatform
[2017.02.17-04.07.41:010][  0]LogTemp:Display: Loaded TP IOSTargetPlatform
[2017.02.17-04.07.41:041][  0]LogTemp:Display: Loaded TP TVOSTargetPlatform
[2017.02.17-04.07.41:087][  0]LogTemp:Display: Loaded TP LinuxClientTargetPlatform
[2017.02.17-04.07.41:135][  0]LogTemp:Display: Loaded TP LinuxNoEditorTargetPlatform
[2017.02.17-04.07.41:182][  0]LogTemp:Display: Loaded TP LinuxServerTargetPlatform
[2017.02.17-04.07.41:228][  0]LogTemp:Display: Loaded TP LinuxTargetPlatform
[2017.02.17-04.07.41:228][  0]LogTargetPlatformManager:Display: Building Assets For Windows
[2017.02.17-04.07.41:608][  0]LogDerivedDataCache:Display: Max Cache Size: 512 MB
[2017.02.17-04.07.41:655][  0]LogDerivedDataCache: Loaded boot cache 0.05s 50MB C:/Users/Isaac/AppData/Local/UnrealEngine/4.15/DerivedDataCache/Boot.ddc.
[2017.02.17-04.07.41:655][  0]LogDerivedDataCache:Display: Loaded Boot cache: C:/Users/Isaac/AppData/Local/UnrealEngine/4.15/DerivedDataCache/Boot.ddc
[2017.02.17-04.07.41:656][  0]LogDerivedDataCache: FDerivedDataBackendGraph:  Pak pak cache file ../../../../../../Users/Isaac/Documents/Unreal Projects/Majesty Clone Repository/MajestyClone/MajestyClone/DerivedDataCache/DDC.ddp not found, will not use a pak cache.
[2017.02.17-04.07.41:656][  0]LogDerivedDataCache: Unable to find inner node Pak for hierarchical cache Hierarchy.
[2017.02.17-04.07.41:656][  0]LogDerivedDataCache: FDerivedDataBackendGraph:  CompressedPak pak cache file ../../../../../../Users/Isaac/Documents/Unreal Projects/Majesty Clone Repository/MajestyClone/MajestyClone/DerivedDataCache/Compressed.ddp not found, will not use a pak cache.
[2017.02.17-04.07.41:656][  0]LogDerivedDataCache: Unable to find inner node CompressedPak for hierarchical cache Hierarchy.
[2017.02.17-04.07.41:673][  0]LogDerivedDataCache:Display: Pak cache opened for reading ../../../Engine/DerivedDataCache/Compressed.ddp.
[2017.02.17-04.07.41:684][  0]LogDerivedDataCache: Using Local data cache path C:/Users/Isaac/AppData/Local/UnrealEngine/Common/DerivedDataCache: Writable
[2017.02.17-04.07.41:692][  0]LogSlate: Using Freetype 2.6.0
[2017.02.17-04.07.41:692][  0]LogSlate: SlateFontCache - WITH_FREETYPE: 1, WITH_HARFBUZZ: 1
[2017.02.17-04.07.41:692][  0]LogSlate: SlateFontCache - WITH_FREETYPE: 1, WITH_HARFBUZZ: 1
[2017.02.17-04.07.41:908][  0]LogInit: Selected Device Profile: [Windows]
[2017.02.17-04.07.41:910][  0]LogContentStreaming: Texture pool size is 0.00 MB
[2017.02.17-04.07.42:089][  0]LogMeshUtilities: Using QuadricMeshReduction for automatic static mesh reduction
[2017.02.17-04.07.42:126][  0]LogSimplygon: Simplygon DLL not present - disabling.
[2017.02.17-04.07.42:164][  0]LogMeshUtilities: Using SimplygonSwarm for distributed automatic mesh merging
[2017.02.17-04.07.42:164][  0]LogMeshUtilities: No automatic skeletal mesh reduction module available
[2017.02.17-04.07.42:164][  0]LogMeshUtilities: No automatic mesh merging module available
[2017.02.17-04.07.42:631][  0]LogNetVersion: GetLocalNetworkVersion: CL: 3299760, ProjectName: majestyclone, ProjectVersion: , EngineNetworkVersion: 2, GameNetworkVersion: 0, NetworkChecksum: 2964505564
[2017.02.17-04.07.42:672][  0]LogAssetRegistry: FAssetRegistry took 0.0212 seconds to start up
[2017.02.17-04.07.42:716][  0]LogPackageLocalizationCache: Processed 3 localized package path(s) for 2 prioritized culture(s) in 0.025983 seconds
[2017.02.17-04.07.42:720][  0]LogUObjectArray: 32475 objects as part of root set at end of initial load.
[2017.02.17-04.07.42:720][  0]LogUObjectAllocator: 7073368 out of 0 bytes used by permanent object pool.
[2017.02.17-04.07.42:720][  0]LogUObjectArray: CloseDisregardForGC: 0/0 objects in disregard for GC pool
[2017.02.17-04.07.42:773][  0]LogInit: WinSock: version 1.1 (2.2), MaxSocks=32767, MaxUdp=65467
[2017.02.17-04.07.44:093][  0]LogTcpMessaging: Initializing TcpMessaging bridge
[2017.02.17-04.07.44:126][  0]LogUdpMessaging: Initializing bridge on interface 0.0.0.0:0 to multicast group 230.0.0.1:6666.
[2017.02.17-04.07.44:501][  0]LogMaterial: Uniform references updated for custom material expression Custom.
[2017.02.17-04.07.44:815][  0]SourceControl: Info Source control is disabled
[2017.02.17-04.07.46:236][  0]LogEngine: Initializing Engine...
[2017.02.17-04.07.46:237][  0]LogHMD: Failed to initialize OpenVR with code 110
[2017.02.17-04.07.46:433][  0]LogAIModule: Creating AISystem for world Untitled
[2017.02.17-04.07.46:444][  0]LogInit: XAudio2 using 'Speakers (Realtek High Definition Audio)' : 2 channels at 48 kHz using 32 bits per sample (channel mask 0x3)
[2017.02.17-04.07.46:453][  0]LogInit: FAudioDevice initialized.
[2017.02.17-04.07.46:477][  0]LogDerivedDataCache: Saved boot cache 0.02s 50MB C:/Users/Isaac/AppData/Local/UnrealEngine/4.15/DerivedDataCache/Boot.ddc.
[2017.02.17-04.07.46:486][  0]LogInit: Texture streaming: Enabled
[2017.02.17-04.07.46:563][  0]LogEngineSessionManager: EngineSessionManager initialized
[2017.02.17-04.07.46:634][  0]LogInit: Transaction tracking system initialized
[2017.02.17-04.07.46:921][  0]BlueprintLog: New page: Editor Load
[2017.02.17-04.07.47:660][  0]LocalizationService: Info Localization service is disabled
[2017.02.17-04.07.48:201][  0]LogConsoleResponse:Display: 
[2017.02.17-04.07.48:301][  0]LogCook:Display: Max memory allowance for cook 16384mb min free memory 0mb
[2017.02.17-04.07.48:301][  0]LogCook:Display: Mobile HDR setting 1
[2017.02.17-04.07.48:760][  0]LogFileCache: Scanning file cache for directory 'C:/Users/Isaac/Documents/Unreal Projects/Majesty Clone Repository/MajestyClone/MajestyClone/Content/' took 0.01s
[2017.02.17-04.07.49:237][  0]LightingResults: New page: Lighting Build
[2017.02.17-04.07.49:271][  0]MapCheck: New page: Map Check
[2017.02.17-04.07.49:271][  0]LightingResults: New page: Lighting Build
[2017.02.17-04.07.49:465][  0]LogAIModule: Creating AISystem for world Minimal_Default
[2017.02.17-04.07.49:470][  0]LogEditorServer: Finished looking for orphan Actors (0.000 secs)
[2017.02.17-04.07.49:470][  0]Cmd: MAP CHECKDEP NOCLEARLOG
[2017.02.17-04.07.49:504][  0]MapCheck: Info Map check complete: 0 Error(s), 0 Warning(s), took 33.308ms to complete.
[2017.02.17-04.07.49:504][  0]LogFileHelpers: Loading map 'Minimal_Default' took 0.267
[2017.02.17-04.07.49:585][  0]LogWindowsTextInputMethodSystem:Display: IME system now deactivated.
[2017.02.17-04.07.49:698][  0]LogCollectionManager: Loaded 0 collections in 0.001246 seconds
[2017.02.17-04.07.49:784][  0]LogFileCache: Scanning file cache for directory 'C:/Users/Isaac/Documents/Unreal Projects/Majesty Clone Repository/MajestyClone/MajestyClone/Saved/Collections/' took 0.01s
[2017.02.17-04.07.49:784][  0]LogFileCache: Scanning file cache for directory 'C:/Users/Isaac/Documents/Unreal Projects/Majesty Clone Repository/MajestyClone/MajestyClone/Content/Developers/Isaac/Collections/' took 0.01s
[2017.02.17-04.07.49:784][  0]LogFileCache: Scanning file cache for directory 'C:/Users/Isaac/Documents/Unreal Projects/Majesty Clone Repository/MajestyClone/MajestyClone/Content/Collections/' took 0.01s
[2017.02.17-04.07.49:784][  0]LogCollectionManager: Rebuilt the GUID cache for 0 collections in 0.000001 seconds
[2017.02.17-04.07.49:791][  0]LogContentBrowser: Native class hierarchy populated in 0.0075 seconds. Added 2244 classes and 450 folders.
[2017.02.17-04.07.49:794][  0]LogStats: UGameplayTagsManager::ConstructGameplayTagTree: Construct from data asset -  0.000 s
[2017.02.17-04.07.49:794][  0]LogStats: UGameplayTagsManager::ConstructGameplayTagTree: GameplayTagTreeChangedEvent.Broadcast -  0.000 s
[2017.02.17-04.07.49:846][  0]LogContentBrowser: Native class hierarchy updated for 'WidgetCarousel' in 0.0005 seconds. Added 0 classes and 0 folders.
[2017.02.17-04.07.49:877][  0]LogContentBrowser: Native class hierarchy updated for 'AddContentDialog' in 0.0006 seconds. Added 0 classes and 0 folders.
[2017.02.17-04.07.49:913][  0]LogContentBrowser: Native class hierarchy updated for 'SceneOutliner' in 0.0005 seconds. Added 1 classes and 2 folders.
[2017.02.17-04.07.50:001][  0]LogCrashTracker: Crashtracker disabled due to settings.
[2017.02.17-04.07.50:006][  0]LogUObjectGlobals:Warning: Failed to find object 'Class None.'
[2017.02.17-04.07.50:063][  0]LogContentBrowser: Native class hierarchy updated for 'HierarchicalLODOutliner' in 0.0006 seconds. Added 1 classes and 2 folders.
[2017.02.17-04.07.50:064][  0]LogLoad: (Engine Initialization) Total time: 13.20 seconds
[2017.02.17-04.07.50:064][  0]LogLoad: (Engine Initialization) Total Blueprint compile time: 0.08 seconds
[2017.02.17-04.07.50:064][  0]LogExternalProfiler: No external profilers were discovered.  External profiling features will not be available.
[2017.02.17-04.07.50:073][  0]LogOcInput: OculusInput pre-init called
[2017.02.17-04.07.50:093][  0]SourceControl: Info On branch StartingLandscape
[2017.02.17-04.07.50:093][  0]SourceControl: Info Your branch is up-to-date with 'origin/StartingLandscape'.
[2017.02.17-04.07.50:093][  0]SourceControl: Info Changes not staged for commit:
[2017.02.17-04.07.50:093][  0]SourceControl: Info   (use "git add <file>..." to update what will be committed)
[2017.02.17-04.07.50:093][  0]SourceControl: Info   (use "git checkout -- <file>..." to discard changes in working directory)
[2017.02.17-04.07.50:093][  0]SourceControl: Info 	modified:   MajestyClone/Intermediate/CachedAssetRegistry.bin
[2017.02.17-04.07.50:093][  0]SourceControl: Info 	modified:   MajestyClone/Saved/Config/Windows/Editor.ini
[2017.02.17-04.07.50:093][  0]SourceControl: Info 	modified:   MajestyClone/Saved/Config/Windows/Engine.ini
[2017.02.17-04.07.50:093][  0]SourceControl: Info 	modified:   MajestyClone/Saved/Logs/MajestyClone.log
[2017.02.17-04.07.50:093][  0]SourceControl: Info Untracked files:
[2017.02.17-04.07.50:093][  0]SourceControl: Info   (use "git add <file>..." to include in what will be committed)
[2017.02.17-04.07.50:093][  0]SourceControl: Info 	MajestyClone/Saved/Logs/MajestyClone-backup-2017.02.16-22.07.37.log
[2017.02.17-04.07.50:093][  0]SourceControl: Info 	MajestyClone/Saved/Logs/UE4CC-Windows-CEC6299441806B5AD6AA9B8990C25269/
[2017.02.17-04.07.50:093][  0]SourceControl: Info no changes added to commit (use "git add" and/or "git commit -a")
[2017.02.17-04.07.50:094][  0]LogContentStreaming: Texture pool size now 1000 MB
[2017.02.17-04.07.50:095][  0]LogSlate: Took 0.000213 seconds to synchronously load lazily loaded font '../../../Engine/Content/Slate/Fonts/Roboto-Regular.ttf' (155K)
[2017.02.17-04.07.50:098][  0]LogSlate: Took 0.000228 seconds to synchronously load lazily loaded font '../../../Engine/Content/Slate/Fonts/Roboto-Bold.ttf' (160K)
[2017.02.17-04.07.50:102][  0]LogSlate: Took 0.000191 seconds to synchronously load lazily loaded font '../../../Engine/Content/Editor/Slate/Fonts/FontAwesome.ttf' (139K)
[2017.02.17-04.07.50:207][  0]LogSlate: Took 0.000206 seconds to synchronously load lazily loaded font '../../../Engine/Content/Slate/Fonts/Roboto-Light.ttf' (159K)
[2017.02.17-04.07.50:277][  0]LogRenderer: Reallocating scene render targets to support 1208x576 NumSamples 1 (Frame:2).
[2017.02.17-04.07.50:309][  1]LogAssetRegistry: Asset discovery search completed in 7.6579 seconds
[2017.02.17-04.07.50:309][  1]LogCollectionManager: Rebuilt the object cache for 0 collections in 0.000003 seconds (found 0 objects)
[2017.02.17-04.07.50:309][  1]LogCollectionManager: Fixed up redirectors for 0 collections in 0.000014 seconds (updated 0 objects)
[2017.02.17-04.08.32:785][510]SourceControl: Info On branch StartingLandscape
[2017.02.17-04.08.32:785][510]SourceControl: Info Your branch is up-to-date with 'origin/StartingLandscape'.
[2017.02.17-04.08.32:785][510]SourceControl: Info Changes not staged for commit:
[2017.02.17-04.08.32:785][510]SourceControl: Info   (use "git add <file>..." to update what will be committed)
[2017.02.17-04.08.32:785][510]SourceControl: Info   (use "git checkout -- <file>..." to discard changes in working directory)
[2017.02.17-04.08.32:785][510]SourceControl: Info 	modified:   MajestyClone/Intermediate/CachedAssetRegistry.bin
[2017.02.17-04.08.32:785][510]SourceControl: Info 	modified:   MajestyClone/Saved/Config/Windows/Editor.ini
[2017.02.17-04.08.32:785][510]SourceControl: Info 	modified:   MajestyClone/Saved/Config/Windows/EditorPerProjectUserSettings.ini
[2017.02.17-04.08.32:785][510]SourceControl: Info 	modified:   MajestyClone/Saved/Config/Windows/Engine.ini
[2017.02.17-04.08.32:785][510]SourceControl: Info 	modified:   MajestyClone/Saved/Logs/MajestyClone.log
[2017.02.17-04.08.32:785][510]SourceControl: Info Untracked files:
[2017.02.17-04.08.32:785][510]SourceControl: Info   (use "git add <file>..." to include in what will be committed)
[2017.02.17-04.08.32:785][510]SourceControl: Info 	MajestyClone/Saved/Logs/MajestyClone-backup-2017.02.16-22.07.37.log
[2017.02.17-04.08.32:785][510]SourceControl: Info 	MajestyClone/Saved/Logs/UE4CC-Windows-CEC6299441806B5AD6AA9B8990C25269/
[2017.02.17-04.08.32:785][510]SourceControl: Info no changes added to commit (use "git add" and/or "git commit -a")
[2017.02.17-04.11.13:914][848]LogEditorActor: Deleted Actor: Blueprint_WallSconce_C
[2017.02.17-04.11.13:925][848]LogEditorActor: Deleted 1 Actors (0.012 secs)
[2017.02.17-04.13.39:511][309]LogSlate: Took 0.000131 seconds to synchronously load lazily loaded font '../../../Engine/Content/Slate/Fonts/Roboto-Light.ttf' (159K)
[2017.02.17-04.13.39:635][309]LogSavePackage: Save=60.54ms
[2017.02.17-04.13.39:635][309]LogSavePackage: Moving '../../../../../../Users/Isaac/Documents/Unreal Projects/Majesty Clone Repository/MajestyClone/MajestyClone/Saved/Minimal_Default1EB5218643ABB75E68569282F4ABCB6A.tmp' to '../../../../../../Users/Isaac/Documents/Unreal Projects/Majesty Clone Repository/MajestyClone/MajestyClone/Content/StarterContent/Maps/Minimal_Default.umap'
[2017.02.17-04.13.39:638][309]LogSavePackage:Display: Finished SavePackage ../../../../../../Users/Isaac/Documents/Unreal Projects/Majesty Clone Repository/MajestyClone/MajestyClone/Content/StarterContent/Maps/Minimal_Default.umap
[2017.02.17-04.13.39:665][309]LogFileHelpers: Saving map 'Minimal_Default' took 0.146
[2017.02.17-04.14.01:424][778]SourceControl: Info fatal: C:/Program Files/Epic Games/UE_4.15/Engine/Content/: 'C:/Program Files/Epic Games/UE_4.15/Engine/Content/' is outside repository
[2017.02.17-04.14.01:501][778]LogPackageName:Error: Illegal call to DoesPackageExist: '../../../../../../Users/Isaac/Documents/Unreal Projects/Majesty Clone Repository/MajestyClone/MajestyClone/MajestyClone.uproject' is not a standard unreal filename or a long path name. Reason: Path should be no less than 4 characters long.
[2017.02.17-04.14.01:585][778]LogStats: FPlatformStackWalk::StackWalkAndDump -  0.084 s
[2017.02.17-04.14.01:585][778]LogOutputDevice:Error: === Handled ensure: ===
[2017.02.17-04.14.01:585][778]LogOutputDevice:Error: 
[2017.02.17-04.14.01:585][778]LogOutputDevice:Error: Ensure condition failed: false [File:D:\Build\++UE4+Release-4.15+Compile\Sync\Engine\Source\Runtime\CoreUObject\Private\Misc\PackageName.cpp] [Line: 650]
[2017.02.17-04.14.01:585][778]LogOutputDevice:Error: Illegal call to DoesPackageExist: '../../../../../../Users/Isaac/Documents/Unreal Projects/Majesty Clone Repository/MajestyClone/MajestyClone/MajestyClone.uproject' is not a standard unreal filename or a long path name. Reason: Path should be no less than 4 characters long.
[2017.02.17-04.14.01:585][778]LogOutputDevice:Error: Stack: 
[2017.02.17-04.14.01:585][778]LogOutputDevice:Error: UE4Editor-Core.dll!0x00000000D1D595D6
[2017.02.17-04.14.01:585][778]LogOutputDevice:Error: UE4Editor-Core.dll!0x00000000D1B09B72
[2017.02.17-04.14.01:585][778]LogOutputDevice:Error: UE4Editor-Core.dll!0x00000000D1B1B656
[2017.02.17-04.14.01:585][778]LogOutputDevice:Error: UE4Editor-CoreUObject.dll!0x00000000D14EA6B8
[2017.02.17-04.14.01:585][778]LogOutputDevice:Error: UE4Editor-SourceControl.dll!0x00000000C1E23D22
[2017.02.17-04.14.01:585][778]LogOutputDevice:Error: UE4Editor-SourceControl.dll!0x00000000C1E23EB9
[2017.02.17-04.14.01:585][778]LogOutputDevice:Error: UE4Editor-SourceControlWindows.dll!0x00000000BEBC1D2E
[2017.02.17-04.14.01:585][778]LogOutputDevice:Error: UE4Editor-SourceControlWindows.dll!0x00000000BEB7B4B5
[2017.02.17-04.14.01:585][778]LogOutputDevice:Error: UE4Editor-SourceControlWindows.dll!0x00000000BEB7AA8D
[2017.02.17-04.14.01:585][778]LogOutputDevice:Error: UE4Editor-SourceControlWindows.dll!0x00000000BEB8F274
[2017.02.17-04.14.01:585][778]LogOutputDevice:Error: UE4Editor-GitSourceControl.dll!0x00000000B804B851
[2017.02.17-04.14.01:585][778]LogOutputDevice:Error: UE4Editor-GitSourceControl.dll!0x00000000B805D1ED
[2017.02.17-04.14.01:585][778]LogOutputDevice:Error: UE4Editor-SourceControl.dll!0x00000000C1E29C5C
[2017.02.17-04.14.01:585][778]LogOutputDevice:Error: UE4Editor-UnrealEd.dll!0x00000000C43E7517
[2017.02.17-04.14.01:585][778]LogOutputDevice:Error: UE4Editor-UnrealEd.dll!0x00000000C4BF1AD6
[2017.02.17-04.14.01:585][778]LogOutputDevice:Error: UE4Editor.exe!0x000000004D04DEE3
[2017.02.17-04.14.01:585][778]LogOutputDevice:Error: UE4Editor.exe!0x000000004D03EB40
[2017.02.17-04.14.01:585][778]LogOutputDevice:Error: UE4Editor.exe!0x000000004D03EBBA
[2017.02.17-04.14.01:585][778]LogOutputDevice:Error: UE4Editor.exe!0x000000004D050A29
[2017.02.17-04.14.01:585][778]LogOutputDevice:Error: UE4Editor.exe!0x000000004D0522B6
[2017.02.17-04.14.01:585][778]LogOutputDevice:Error: KERNEL32.DLL!0x00000000012F8364
[2017.02.17-04.14.01:585][778]LogOutputDevice:Error: ntdll.dll!0x0000000001B070D1
[2017.02.17-04.14.01:585][778]LogOutputDevice:Error: 
[2017.02.17-04.14.01:596][778]LogStats:                SubmitErrorReport -  0.000 s
